
map -a "MachXO2" -p LCMXO2-7000HE -t TQFP144 -s 5 -oc Commercial   "lcd03_lcd3.ngd" -o "lcd03_lcd3_map.ncd" -pr "lcd03_lcd3.prf" -mp "lcd03_lcd3.mrp" -lpf "C:/Users/FAROL/Documents/ArquitecturaDeComputadoras3CM1/lcd03/lcd3/lcd03_lcd3_synplify.lpf" -lpf "C:/Users/FAROL/Documents/ArquitecturaDeComputadoras3CM1/lcd03/lcd03.lpf" -c 0           
map:  version Diamond (64-bit) 3.11.0.396.4

Copyright (c) 1991-1994 by NeoCAD Inc. All rights reserved.
Copyright (c) 1995 AT&T Corp.   All rights reserved.
Copyright (c) 1995-2001 Lucent Technologies Inc.  All rights reserved.
Copyright (c) 2001 Agere Systems   All rights reserved.
Copyright (c) 2002-2019 Lattice Semiconductor Corporation,  All rights reserved.
   Process the file: lcd03_lcd3.ngd
   Picdevice="LCMXO2-7000HE"

   Pictype="TQFP144"

   Picspeed=5

   Remove unused logic

   Do not produce over sized NCDs.

Part used: LCMXO2-7000HETQFP144, Performance used: 5.

Loading device for application map from file 'xo2c7000.nph' in environment: C:/lscc/diamond/3.11_x64/ispfpga.
Package Status:                     Final          Version 1.39.

Running general design DRC...

Removing unused logic...

Optimizing...

1 CCU2 constant inputs absorbed.




Design Summary:
   Number of registers:    109 out of  7209 (2%)
      PFU registers:           99 out of  6864 (1%)
      PIO registers:           10 out of   345 (3%)
   Number of SLICEs:       108 out of  3432 (3%)
      SLICEs as Logic/ROM:     96 out of  3432 (3%)
      SLICEs as RAM:           12 out of  2574 (0%)
      SLICEs as Carry:         23 out of  3432 (1%)
   Number of LUT4s:        214 out of  6864 (3%)
      Number used as logic LUTs:        144
      Number used as distributed RAM:    24
      Number used as ripple logic:       46
      Number used as shift registers:     0
   Number of PIO sites used: 52 + 4(JTAG) out of 115 (49%)
   Number of block RAMs:  0 out of 26 (0%)
   Number of GSRs:        0 out of 1 (0%)
   EFB used :        No
   JTAG used :       No
   Readback used :   No
   Oscillator used : Yes
   Startup used :    No
   POR :             On
   Bandgap :         On
   Number of Power Controller:  0 out of 1 (0%)
   Number of Dynamic Bank Controller (BCINRD):  0 out of 6 (0%)
   Number of Dynamic Bank Controller (BCLVDSO):  0 out of 1 (0%)
   Number of DCCA:  0 out of 8 (0%)
   Number of DCMA:  0 out of 2 (0%)
   Number of PLLs:  0 out of 2 (0%)
   Number of DQSDLLs:  0 out of 2 (0%)
   Number of CLKDIVC:  0 out of 4 (0%)
   Number of ECLKSYNCA:  0 out of 4 (0%)
   Number of ECLKBRIDGECS:  0 out of 2 (0%)
   Notes:-
      1. Total number of LUT4s = (Number of logic LUT4s) + 2*(Number of distributed RAMs) + 2*(Number of ripple logic)
      2. Number of logic LUT4s does not include count of distributed RAM and ripple logic.
   Number of clocks:  2
     Net clk00_c: 64 loads, 64 rising, 0 falling (Driver: R00/D01/oscout )
     Net R00/sclk: 13 loads, 13 rising, 0 falling (Driver: R00/D00/OSCinst0 )
   Number of Clock Enables:  7
     Net enable0_c: 2 loads, 2 LSLICEs
     Net R07/N_10_i: 4 loads, 4 LSLICEs
     Net soutFlagconfig00_c: 1 loads, 1 LSLICEs
     Net R05/U04/outWorddd_1_sqmuxa_i: 4 loads, 4 LSLICEs
     Net R05/U02/outWordc_7_sqmuxa_i: 6 loads, 6 LSLICEs
     Net R04/outcontReade: 3 loads, 3 LSLICEs
     Net R01/K01/outcoderk_0_sqmuxa_4_i: 6 loads, 6 LSLICEs
   Number of LSRs:  4
     Net enable0_c: 36 loads, 26 LSLICEs
     Net R05/U04/fb: 1 loads, 1 LSLICEs
     Net R05/U04/outWorddd_51: 4 loads, 4 LSLICEs
     Net R00/D01/un1_sdiv77_7_i_0_RNIDQCP: 12 loads, 12 LSLICEs
   Number of nets driven by tri-state buffers:  0
   Top 10 highest fanout non-clock nets:
     Net enable0_c: 53 loads
     Net soutFlagconfig00_c: 23 loads
     Net soutcontrk_c[0]: 19 loads
     Net soutcontrk_c[1]: 19 loads
     Net soutcontrk_c[2]: 19 loads
     Net soutcontrk_c[3]: 19 loads
     Net rw0_c: 18 loads
     Net soutContConfig00_c[2]: 13 loads
     Net outr0_c[1]: 12 loads
     Net soutContConfig00_c[3]: 12 loads
 

   Number of warnings:  0
   Number of errors:    0



Total CPU Time: 0 secs  
Total REAL Time: 0 secs  
Peak Memory Usage: 60 MB

Dumping design to file lcd03_lcd3_map.ncd.

mpartrce -p "lcd03_lcd3.p2t" -f "lcd03_lcd3.p3t" -tf "lcd03_lcd3.pt" "lcd03_lcd3_map.ncd" "lcd03_lcd3.ncd"

---- MParTrce Tool ----
Removing old design directory at request of -rem command line option to this program.
Running par. Please wait . . .

Lattice Place and Route Report for Design "lcd03_lcd3_map.ncd"
Sun Oct 20 19:29:37 2019

PAR: Place And Route Diamond (64-bit) 3.11.0.396.4.
Command Line: par -w -l 5 -i 6 -t 1 -c 0 -e 0 -gui -msgset C:/Users/FAROL/Documents/ArquitecturaDeComputadoras3CM1/lcd03/promote.xml -exp parUseNBR=1:parCDP=0:parCDR=0:parPathBased=OFF lcd03_lcd3_map.ncd lcd03_lcd3.dir/5_1.ncd lcd03_lcd3.prf
Preference file: lcd03_lcd3.prf.
Placement level-cost: 5-1.
Routing Iterations: 6

Loading design for application par from file lcd03_lcd3_map.ncd.
Design name: topram00
NCD version: 3.3
Vendor:      LATTICE
Device:      LCMXO2-7000HE
Package:     TQFP144
Performance: 5
Loading device for application par from file 'xo2c7000.nph' in environment: C:/lscc/diamond/3.11_x64/ispfpga.
Package Status:                     Final          Version 1.39.
Performance Hardware Data Status:   Final          Version 34.4.
License checked out.


Ignore Preference Error(s):  True
Device utilization summary:

   PIO (prelim)   52+4(JTAG)/336     17% used
                  52+4(JTAG)/115     49% bonded
   IOLOGIC           10/336           2% used

   SLICE            108/3432          3% used

   OSC                1/1           100% used


Number of Signals: 367
Number of Connections: 994

Pin Constraint Summary:
   52 out of 52 pins locked (100% locked).

The following 2 signals are selected to use the primary clock routing resources:
    clk00_c (driver: R00/D01/SLICE_49, clk load #: 64)
    R00/sclk (driver: R00/D00/OSCinst0, clk load #: 13)


The following 2 signals are selected to use the secondary clock routing resources:
    enable0_c (driver: enable0, clk load #: 0, sr load #: 36, ce load #: 2)
    R00/D01/un1_sdiv77_7_i_0_RNIDQCP (driver: R00/D01/SLICE_90, clk load #: 0, sr load #: 12, ce load #: 0)

    <postMsg mid="61061008" type="Warning" dynamic="5" navigation="0" arg0="enable0_c" arg1="Secondary" arg2="enable0" arg3="1" arg4="Secondary"  />
No signal is selected as Global Set/Reset.
Starting Placer Phase 0.
...........
Finished Placer Phase 0.  REAL time: 0 secs 

Starting Placer Phase 1.
...................
Placer score = 75662.
Finished Placer Phase 1.  REAL time: 5 secs 

Starting Placer Phase 2.
.
Placer score =  75404
Finished Placer Phase 2.  REAL time: 5 secs 


------------------ Clock Report ------------------

Global Clock Resources:
  CLK_PIN    : 0 out of 8 (0%)
  General PIO: 1 out of 336 (0%)
  PLL        : 0 out of 2 (0%)
  DCM        : 0 out of 2 (0%)
  DCC        : 0 out of 8 (0%)

Global Clocks:
  PRIMARY "clk00_c" from Q0 on comp "R00/D01/SLICE_49" on site "R2C19B", clk load = 64
  PRIMARY "R00/sclk" from OSC on comp "R00/D00/OSCinst0" on site "OSC", clk load = 13
  SECONDARY "enable0_c" from comp "enable0" on PIO site "1 (PL3A)", clk load = 0, ce load = 2, sr load = 36
  SECONDARY "R00/D01/un1_sdiv77_7_i_0_RNIDQCP" from F0 on comp "R00/D01/SLICE_90" on site "R14C18A", clk load = 0, ce load = 0, sr load = 12

  PRIMARY  : 2 out of 8 (25%)
  SECONDARY: 2 out of 8 (25%)

Edge Clocks:
  No edge clock selected.

--------------- End of Clock Report ---------------


I/O Usage Summary (final):
   52 + 4(JTAG) out of 336 (16.7%) PIO sites used.
   52 + 4(JTAG) out of 115 (48.7%) bonded PIO sites used.
   Number of PIO comps: 52; differential: 0.
   Number of Vref pins used: 0.

I/O Bank Usage Summary:
+----------+----------------+------------+-----------+
| I/O Bank | Usage          | Bank Vccio | Bank Vref |
+----------+----------------+------------+-----------+
| 0        | 11 / 28 ( 39%) | 2.5V       | -         |
| 1        | 13 / 29 ( 44%) | 2.5V       | -         |
| 2        | 21 / 29 ( 72%) | 2.5V       | -         |
| 3        | 0 / 9 (  0%)   | -          | -         |
| 4        | 2 / 10 ( 20%)  | 2.5V       | -         |
| 5        | 5 / 10 ( 50%)  | 2.5V       | -         |
+----------+----------------+------------+-----------+

Total placer CPU time: 5 secs 

Dumping design to file lcd03_lcd3.dir/5_1.ncd.

0 connections routed; 994 unrouted.
Starting router resource preassignment

Completed router resource preassignment. Real time: 9 secs 

Start NBR router at 19:29:46 10/20/19

*****************************************************************
Info: NBR allows conflicts(one node used by more than one signal)
      in the earlier iterations. In each iteration, it tries to  
      solve the conflicts while keeping the critical connections 
      routed as short as possible. The routing process is said to
      be completed when no conflicts exist and all connections   
      are routed.                                                
Note: NBR uses a different method to calculate timing slacks. The
      worst slack and total negative slack may not be the same as
      that in TRCE report. You should always run TRCE to verify  
      your design.                                               
*****************************************************************

Start NBR special constraint process at 19:29:46 10/20/19

Start NBR section for initial routing at 19:29:46 10/20/19
Level 4, iteration 1
29(0.01%) conflicts; 0(0.00%) untouched conn; 0 (nbr) score; 
Estimated worst slack/total negative slack<setup>: 466.546ns/0.000ns; real time: 9 secs 

Info: Initial congestion level at 75% usage is 0
Info: Initial congestion area  at 75% usage is 0 (0.00%)

Start NBR section for normal routing at 19:29:46 10/20/19
Level 4, iteration 1
16(0.00%) conflicts; 0(0.00%) untouched conn; 0 (nbr) score; 
Estimated worst slack/total negative slack<setup>: 466.108ns/0.000ns; real time: 9 secs 
Level 4, iteration 2
5(0.00%) conflicts; 0(0.00%) untouched conn; 0 (nbr) score; 
Estimated worst slack/total negative slack<setup>: 466.108ns/0.000ns; real time: 9 secs 
Level 4, iteration 3
1(0.00%) conflict; 0(0.00%) untouched conn; 0 (nbr) score; 
Estimated worst slack/total negative slack<setup>: 466.108ns/0.000ns; real time: 9 secs 
Level 4, iteration 4
0(0.00%) conflict; 0(0.00%) untouched conn; 0 (nbr) score; 
Estimated worst slack/total negative slack<setup>: 466.108ns/0.000ns; real time: 9 secs 

Start NBR section for setup/hold timing optimization with effort level 3 at 19:29:46 10/20/19

Start NBR section for re-routing at 19:29:47 10/20/19
Level 4, iteration 1
0(0.00%) conflict; 0(0.00%) untouched conn; 0 (nbr) score; 
Estimated worst slack/total negative slack<setup>: 466.108ns/0.000ns; real time: 10 secs 

Start NBR section for post-routing at 19:29:47 10/20/19

End NBR router with 0 unrouted connection

NBR Summary
-----------
  Number of unrouted connections : 0 (0.00%)
  Number of connections with timing violations : 0 (0.00%)
  Estimated worst slack<setup> : 466.108ns
  Timing score<setup> : 0
-----------
Notes: The timing info is calculated for SETUP only and all PAR_ADJs are ignored.



Total CPU time 9 secs 
Total REAL time: 10 secs 
Completely routed.
End of route.  994 routed (100.00%); 0 unrouted.

Hold time timing score: 0, hold timing errors: 0

Timing score: 0 

Dumping design to file lcd03_lcd3.dir/5_1.ncd.


PAR_SUMMARY::Run status = Completed
PAR_SUMMARY::Number of unrouted conns = 0
PAR_SUMMARY::Worst  slack<setup/<ns>> = 466.108
PAR_SUMMARY::Timing score<setup/<ns>> = 0.000
PAR_SUMMARY::Worst  slack<hold /<ns>> = 0.379
PAR_SUMMARY::Timing score<hold /<ns>> = 0.000
PAR_SUMMARY::Number of errors = 0

Total CPU  time to completion: 10 secs 
Total REAL time to completion: 10 secs 

par done!

Note: user must run 'Trace' for timing closure signoff.

Copyright (c) 1991-1994 by NeoCAD Inc. All rights reserved.
Copyright (c) 1995 AT&T Corp.   All rights reserved.
Copyright (c) 1995-2001 Lucent Technologies Inc.  All rights reserved.
Copyright (c) 2001 Agere Systems   All rights reserved.
Copyright (c) 2002-2019 Lattice Semiconductor Corporation,  All rights reserved.
Exiting par with exit code 0
Exiting mpartrce with exit code 0

trce -f "lcd03_lcd3.pt" -o "lcd03_lcd3.twr" "lcd03_lcd3.ncd" "lcd03_lcd3.prf"
trce:  version Diamond (64-bit) 3.11.0.396.4

Copyright (c) 1991-1994 by NeoCAD Inc. All rights reserved.
Copyright (c) 1995 AT&T Corp.   All rights reserved.
Copyright (c) 1995-2001 Lucent Technologies Inc.  All rights reserved.
Copyright (c) 2001 Agere Systems   All rights reserved.
Copyright (c) 2002-2019 Lattice Semiconductor Corporation,  All rights reserved.

Loading design for application trce from file lcd03_lcd3.ncd.
Design name: topram00
NCD version: 3.3
Vendor:      LATTICE
Device:      LCMXO2-7000HE
Package:     TQFP144
Performance: 5
Loading device for application trce from file 'xo2c7000.nph' in environment: C:/lscc/diamond/3.11_x64/ispfpga.
Package Status:                     Final          Version 1.39.
Performance Hardware Data Status:   Final          Version 34.4.
Setup and Hold Report

--------------------------------------------------------------------------------
Lattice TRACE Report - Setup, Version Diamond (64-bit) 3.11.0.396.4
Sun Oct 20 19:29:48 2019

Copyright (c) 1991-1994 by NeoCAD Inc. All rights reserved.
Copyright (c) 1995 AT&T Corp.   All rights reserved.
Copyright (c) 1995-2001 Lucent Technologies Inc.  All rights reserved.
Copyright (c) 2001 Agere Systems   All rights reserved.
Copyright (c) 2002-2019 Lattice Semiconductor Corporation,  All rights reserved.

Report Information
------------------
Command line:    trce -v 10 -gt -sethld -sp 5 -sphld m -o lcd03_lcd3.twr -gui -msgset C:/Users/FAROL/Documents/ArquitecturaDeComputadoras3CM1/lcd03/promote.xml lcd03_lcd3.ncd lcd03_lcd3.prf 
Design file:     lcd03_lcd3.ncd
Preference file: lcd03_lcd3.prf
Device,speed:    LCMXO2-7000HE,5
Report level:    verbose report, limited to 10 items per preference
--------------------------------------------------------------------------------

BLOCK ASYNCPATHS
BLOCK RESETPATHS
--------------------------------------------------------------------------------



Timing summary (Setup):
---------------

Timing errors: 0  Score: 0
Cumulative negative slack: 0

Constraints cover 4507 paths, 1 nets, and 753 connections (75.75% coverage)

--------------------------------------------------------------------------------
Lattice TRACE Report - Hold, Version Diamond (64-bit) 3.11.0.396.4
Sun Oct 20 19:29:48 2019

Copyright (c) 1991-1994 by NeoCAD Inc. All rights reserved.
Copyright (c) 1995 AT&T Corp.   All rights reserved.
Copyright (c) 1995-2001 Lucent Technologies Inc.  All rights reserved.
Copyright (c) 2001 Agere Systems   All rights reserved.
Copyright (c) 2002-2019 Lattice Semiconductor Corporation,  All rights reserved.

Report Information
------------------
Command line:    trce -v 10 -gt -sethld -sp 5 -sphld m -o lcd03_lcd3.twr -gui -msgset C:/Users/FAROL/Documents/ArquitecturaDeComputadoras3CM1/lcd03/promote.xml lcd03_lcd3.ncd lcd03_lcd3.prf 
Design file:     lcd03_lcd3.ncd
Preference file: lcd03_lcd3.prf
Device,speed:    LCMXO2-7000HE,m
Report level:    verbose report, limited to 10 items per preference
--------------------------------------------------------------------------------

BLOCK ASYNCPATHS
BLOCK RESETPATHS
--------------------------------------------------------------------------------



Timing summary (Hold):
---------------

Timing errors: 0  Score: 0
Cumulative negative slack: 0

Constraints cover 4507 paths, 1 nets, and 753 connections (75.75% coverage)



Timing summary (Setup and Hold):
---------------

Timing errors: 0 (setup), 0 (hold)
Score: 0 (setup), 0 (hold)
Cumulative negative slack: 0 (0+0)
--------------------------------------------------------------------------------

--------------------------------------------------------------------------------

Total CPU Time: 0 secs 
Total REAL Time: 0 secs 
Peak Memory Usage: 68 MB


tmcheck -par "lcd03_lcd3.par" 

bitgen -f "lcd03_lcd3.t2b" -w "lcd03_lcd3.ncd"  -jedec "lcd03_lcd3.prf"


BITGEN: Bitstream Generator Diamond (64-bit) 3.11.0.396.4
Copyright (c) 1991-1994 by NeoCAD Inc. All rights reserved.
Copyright (c) 1995 AT&T Corp.   All rights reserved.
Copyright (c) 1995-2001 Lucent Technologies Inc.  All rights reserved.
Copyright (c) 2001 Agere Systems   All rights reserved.
Copyright (c) 2002-2019 Lattice Semiconductor Corporation,  All rights reserved.


Loading design for application Bitgen from file lcd03_lcd3.ncd.
Design name: topram00
NCD version: 3.3
Vendor:      LATTICE
Device:      LCMXO2-7000HE
Package:     TQFP144
Performance: 5
Loading device for application Bitgen from file 'xo2c7000.nph' in environment: C:/lscc/diamond/3.11_x64/ispfpga.
Package Status:                     Final          Version 1.39.
Performance Hardware Data Status:   Final          Version 34.4.

Running DRC.
DRC detected 0 errors and 0 warnings.
Reading Preference File from lcd03_lcd3.prf.

Preference Summary:
+---------------------------------+---------------------------------+
|  Preference                     |  Current Setting                |
+---------------------------------+---------------------------------+
|                         RamCfg  |                        Reset**  |
+---------------------------------+---------------------------------+
|                     MCCLK_FREQ  |                         2.08**  |
+---------------------------------+---------------------------------+
|                  CONFIG_SECURE  |                          OFF**  |
+---------------------------------+---------------------------------+
|                          INBUF  |                           ON**  |
+---------------------------------+---------------------------------+
|                      JTAG_PORT  |                       ENABLE**  |
+---------------------------------+---------------------------------+
|                       SDM_PORT  |                      DISABLE**  |
+---------------------------------+---------------------------------+
|                 SLAVE_SPI_PORT  |                      DISABLE**  |
+---------------------------------+---------------------------------+
|                MASTER_SPI_PORT  |                      DISABLE**  |
+---------------------------------+---------------------------------+
|                       I2C_PORT  |                      DISABLE**  |
+---------------------------------+---------------------------------+
|        MUX_CONFIGURATION_PORTS  |                      DISABLE**  |
+---------------------------------+---------------------------------+
|                  CONFIGURATION  |                          CFG**  |
+---------------------------------+---------------------------------+
|                COMPRESS_CONFIG  |                           ON**  |
+---------------------------------+---------------------------------+
|                        MY_ASSP  |                          OFF**  |
+---------------------------------+---------------------------------+
|               ONE_TIME_PROGRAM  |                          OFF**  |
+---------------------------------+---------------------------------+
|                 ENABLE_TRANSFR  |                      DISABLE**  |
+---------------------------------+---------------------------------+
|                  SHAREDEBRINIT  |                      DISABLE**  |
+---------------------------------+---------------------------------+
|            BACKGROUND_RECONFIG  |                          OFF**  |
+---------------------------------+---------------------------------+
 *  Default setting.
 ** The specified setting matches the default setting.


Creating bit map...
 
Bitstream Status: Final           Version 1.95.
 
Saving bit stream in "lcd03_lcd3.jed".
 
===========
UFM Summary.
===========
UFM Size:        2046 Pages (128*2046 Bits).
UFM Utilization: General Purpose Flash Memory.
 
Available General Purpose Flash Memory: 2046 Pages (Page 0 to Page 2045).
Initialized UFM Pages:                     0 Page.
 
Total CPU Time: 3 secs 
Total REAL Time: 3 secs 
Peak Memory Usage: 290 MB
