
synpwrap -msg -prj "ram00_ram0_synplify.tcl" -log "ram00_ram0.srf"
Copyright (C) 1992-2019 Lattice Semiconductor Corporation. All rights reserved.
Lattice Diamond Version 3.11.0.396.4
    <postMsg mid="2011000" type="Info"    dynamic="0" navigation="0"  />

==contents of ram00_ram0.srf
#Build: Synplify Pro (R) N-2018.03L-SP1-1, Build 443R, Apr  1 2019
#install: D:\diamond\3.11_x64\synpbase
#OS: Windows 8 6.2
#Hostname: LAPTOP-O0G86UVC

# Wed Oct  9 18:57:55 2019

#Implementation: ram0


Copyright (C) 1994-2018 Synopsys, Inc.
This Synopsys software and all associated documentation are proprietary to Synopsys, Inc.
and may only be used pursuant to the terms and conditions of a written license agreement
with Synopsys, Inc. All other use, reproduction, modification, or distribution of the
Synopsys software or the associated documentation is strictly prohibited.
Tool: Synplify Pro (R)
Build: N-2018.03L-SP1-1
Install: D:\diamond\3.11_x64\synpbase
OS: Windows 6.2

Hostname: LAPTOP-O0G86UVC

Implementation : ram0
Synopsys HDL Compiler, Version comp2018q2p1, Build 461R, Built Apr  1 2019 09:17:43

@N|Running in 64-bit mode

Copyright (C) 1994-2018 Synopsys, Inc.
This Synopsys software and all associated documentation are proprietary to Synopsys, Inc.
and may only be used pursuant to the terms and conditions of a written license agreement
with Synopsys, Inc. All other use, reproduction, modification, or distribution of the
Synopsys software or the associated documentation is strictly prohibited.
Tool: Synplify Pro (R)
Build: N-2018.03L-SP1-1
Install: D:\diamond\3.11_x64\synpbase
OS: Windows 6.2

Hostname: LAPTOP-O0G86UVC

Implementation : ram0
Synopsys VHDL Compiler, Version comp2018q2p1, Build 461R, Built Apr  1 2019 09:17:43

@N|Running in 64-bit mode
@N:"C:\Users\omarf\OneDrive\Documentos\ESCOM\Arqui\stack01\00\topram00.vhd":9:7:9:14|Top entity is set to topram00.
File D:\diamond\3.11_x64\synpbase\lib\cpld\lattice.vhd changed - recompiling
File C:\Users\omarf\OneDrive\Documentos\ESCOM\Arqui\stack01\00\osc00.vhdl changed - recompiling
File C:\Users\omarf\OneDrive\Documentos\ESCOM\Arqui\stack01\00\packagediv00.vhdl changed - recompiling
File C:\Users\omarf\OneDrive\Documentos\ESCOM\Arqui\stack01\00\contring00.vhd changed - recompiling
File C:\Users\omarf\OneDrive\Documentos\ESCOM\Arqui\stack01\00\coder00.vhd changed - recompiling
File C:\Users\omarf\OneDrive\Documentos\ESCOM\Arqui\stack01\00\ram00.vhd changed - recompiling
File C:\Users\omarf\OneDrive\Documentos\ESCOM\Arqui\stack01\00\mux00.vhd changed - recompiling
File C:\Users\omarf\OneDrive\Documentos\ESCOM\Arqui\stack01\00\contRead00.vhd changed - recompiling
File C:\Users\omarf\OneDrive\Documentos\ESCOM\Arqui\stack01\00\packageram00.vhd changed - recompiling
File C:\Users\omarf\OneDrive\Documentos\ESCOM\Arqui\stack01\00\topdiv00.vhdl changed - recompiling
File C:\Users\omarf\OneDrive\Documentos\ESCOM\Arqui\stack01\00\topram00.vhd changed - recompiling
VHDL syntax check successful!
File C:\Users\omarf\OneDrive\Documentos\ESCOM\Arqui\stack01\00\coder00.vhd changed - recompiling
@N: CD630 :"C:\Users\omarf\OneDrive\Documentos\ESCOM\Arqui\stack01\00\topram00.vhd":9:7:9:14|Synthesizing work.topram00.topram0.
@W: CD277 :"C:\Users\omarf\OneDrive\Documentos\ESCOM\Arqui\stack01\00\packageram00.vhd":54:2:54:9|Port direction mismatch between component and entity
@W: CD638 :"C:\Users\omarf\OneDrive\Documentos\ESCOM\Arqui\stack01\00\topram00.vhd":27:7:27:16|Signal soutcontw0 is undriven. Either assign the signal a value or remove the signal declaration.
@N: CD630 :"C:\Users\omarf\OneDrive\Documentos\ESCOM\Arqui\stack01\00\contRead00.vhd":9:7:9:16|Synthesizing work.contread00.contread0.
@N: CD364 :"C:\Users\omarf\OneDrive\Documentos\ESCOM\Arqui\stack01\00\contRead00.vhd":46:5:46:13|Removing redundant assignment.
Post processing for work.contread00.contread0
Running optimization stage 1 on contRead00 .......
@N: CD630 :"C:\Users\omarf\OneDrive\Documentos\ESCOM\Arqui\stack01\00\mux00.vhd":8:7:8:11|Synthesizing work.mux00.mux0.
Post processing for work.mux00.mux0
Running optimization stage 1 on mux00 .......
@N: CD630 :"C:\Users\omarf\OneDrive\Documentos\ESCOM\Arqui\stack01\00\ram00.vhd":10:7:10:11|Synthesizing work.ram00.ram0.
Post processing for work.ram00.ram0
Running optimization stage 1 on ram00 .......
@N: CL134 :"C:\Users\omarf\OneDrive\Documentos\ESCOM\Arqui\stack01\00\ram00.vhd":26:7:26:14|Found RAM swordram, depth=64, width=7
@N: CD630 :"C:\Users\omarf\OneDrive\Documentos\ESCOM\Arqui\stack01\00\coder00.vhd":10:7:10:13|Synthesizing work.coder00.coder0.
Post processing for work.coder00.coder0
Running optimization stage 1 on coder00 .......
@N: CL189 :"C:\Users\omarf\OneDrive\Documentos\ESCOM\Arqui\stack01\00\coder00.vhd":35:2:35:3|Register bit outflagc is always 1.
@N: CD630 :"C:\Users\omarf\OneDrive\Documentos\ESCOM\Arqui\stack01\00\contring00.vhd":6:7:6:16|Synthesizing work.contring00.contring0.
Post processing for work.contring00.contring0
Running optimization stage 1 on contring00 .......
@W: CL279 :"C:\Users\omarf\OneDrive\Documentos\ESCOM\Arqui\stack01\00\contring00.vhd":18:2:18:3|Pruning register bits 2 to 0 of soutr(3 downto 0). If this is not the intended behavior, drive the inputs with valid values, or inputs from the top level.
@N: CD630 :"C:\Users\omarf\OneDrive\Documentos\ESCOM\Arqui\stack01\00\topdiv00.vhdl":7:7:7:14|Synthesizing work.topdiv00.topdiv0.
@N: CD630 :"C:\Users\omarf\OneDrive\Documentos\ESCOM\Arqui\stack01\00\div00.vhdl":8:7:8:11|Synthesizing work.div00.div0.
@N: CD364 :"C:\Users\omarf\OneDrive\Documentos\ESCOM\Arqui\stack01\00\div00.vhdl":25:6:25:11|Removing redundant assignment.
@N: CD364 :"C:\Users\omarf\OneDrive\Documentos\ESCOM\Arqui\stack01\00\div00.vhdl":34:6:34:11|Removing redundant assignment.
@N: CD364 :"C:\Users\omarf\OneDrive\Documentos\ESCOM\Arqui\stack01\00\div00.vhdl":43:6:43:11|Removing redundant assignment.
@N: CD364 :"C:\Users\omarf\OneDrive\Documentos\ESCOM\Arqui\stack01\00\div00.vhdl":52:6:52:11|Removing redundant assignment.
@N: CD364 :"C:\Users\omarf\OneDrive\Documentos\ESCOM\Arqui\stack01\00\div00.vhdl":61:6:61:11|Removing redundant assignment.
@N: CD364 :"C:\Users\omarf\OneDrive\Documentos\ESCOM\Arqui\stack01\00\div00.vhdl":70:6:70:11|Removing redundant assignment.
@N: CD364 :"C:\Users\omarf\OneDrive\Documentos\ESCOM\Arqui\stack01\00\div00.vhdl":79:6:79:11|Removing redundant assignment.
@N: CD364 :"C:\Users\omarf\OneDrive\Documentos\ESCOM\Arqui\stack01\00\div00.vhdl":88:6:88:11|Removing redundant assignment.
Post processing for work.div00.div0
Running optimization stage 1 on div00 .......
@N: CD630 :"C:\Users\omarf\OneDrive\Documentos\ESCOM\Arqui\stack01\00\osc00.vhdl":6:7:6:11|Synthesizing work.osc00.osc0.
@W: CD276 :"D:\diamond\3.11_x64\cae_library\synthesis\vhdl\machxo2.vhd":2297:8:2297:15|Map for port sedstdby of component osch not found
@N: CD630 :"D:\diamond\3.11_x64\cae_library\synthesis\vhdl\machxo2.vhd":2291:10:2291:13|Synthesizing work.osch.syn_black_box.
Post processing for work.osch.syn_black_box
Running optimization stage 1 on OSCH .......
Post processing for work.osc00.osc0
Running optimization stage 1 on osc00 .......
Post processing for work.topdiv00.topdiv0
Running optimization stage 1 on topdiv00 .......
Post processing for work.topram00.topram0
Running optimization stage 1 on topram00 .......
Running optimization stage 2 on OSCH .......
Running optimization stage 2 on osc00 .......
Running optimization stage 2 on div00 .......
Running optimization stage 2 on topdiv00 .......
Running optimization stage 2 on contring00 .......
Running optimization stage 2 on coder00 .......
Running optimization stage 2 on ram00 .......
Running optimization stage 2 on mux00 .......
Running optimization stage 2 on contRead00 .......
Running optimization stage 2 on topram00 .......

For a summary of runtime and memory usage per design unit, please see file:
==========================================================
@L: C:\Users\omarf\OneDrive\Documentos\ESCOM\Arqui\stack01\00\ram0\synwork\layer0.rt.csv


At c_vhdl Exit (Real Time elapsed 0h:00m:00s; CPU Time elapsed 0h:00m:00s; Memory used current: 76MB peak: 78MB)

Process took 0h:00m:01s realtime, 0h:00m:01s cputime

Process completed successfully.
# Wed Oct  9 18:57:55 2019

###########################################################]

Copyright (C) 1994-2018 Synopsys, Inc.
This Synopsys software and all associated documentation are proprietary to Synopsys, Inc.
and may only be used pursuant to the terms and conditions of a written license agreement
with Synopsys, Inc. All other use, reproduction, modification, or distribution of the
Synopsys software or the associated documentation is strictly prohibited.
Tool: Synplify Pro (R)
Build: N-2018.03L-SP1-1
Install: D:\diamond\3.11_x64\synpbase
OS: Windows 6.2

Hostname: LAPTOP-O0G86UVC

Implementation : ram0
Synopsys Synopsys Netlist Linker, Version comp2018q2p1, Build 461R, Built Apr  1 2019 09:17:43

@N|Running in 64-bit mode
File C:\Users\omarf\OneDrive\Documentos\ESCOM\Arqui\stack01\00\ram0\synwork\layer0.srs changed - recompiling

At syn_nfilter Exit (Real Time elapsed 0h:00m:00s; CPU Time elapsed 0h:00m:00s; Memory used current: 67MB peak: 68MB)

Process took 0h:00m:01s realtime, 0h:00m:01s cputime

Process completed successfully.
# Wed Oct  9 18:57:56 2019

###########################################################]

For a summary of runtime and memory usage for all design units, please see file:
==========================================================
@L: C:\Users\omarf\OneDrive\Documentos\ESCOM\Arqui\stack01\00\ram0\synwork\ram00_ram0_comp.rt.csv

@END

At c_hdl Exit (Real Time elapsed 0h:00m:00s; CPU Time elapsed 0h:00m:00s; Memory used current: 3MB peak: 4MB)

Process took 0h:00m:01s realtime, 0h:00m:01s cputime

Process completed successfully.
# Wed Oct  9 18:57:56 2019

###########################################################]

Copyright (C) 1994-2018 Synopsys, Inc.
This Synopsys software and all associated documentation are proprietary to Synopsys, Inc.
and may only be used pursuant to the terms and conditions of a written license agreement
with Synopsys, Inc. All other use, reproduction, modification, or distribution of the
Synopsys software or the associated documentation is strictly prohibited.
Tool: Synplify Pro (R)
Build: N-2018.03L-SP1-1
Install: D:\diamond\3.11_x64\synpbase
OS: Windows 6.2

Hostname: LAPTOP-O0G86UVC

Database state : C:\Users\omarf\OneDrive\Documentos\ESCOM\Arqui\stack01\00\ram0\synwork\|ram0
Synopsys Synopsys Netlist Linker, Version comp2018q2p1, Build 461R, Built Apr  1 2019 09:17:43

@N|Running in 64-bit mode
File C:\Users\omarf\OneDrive\Documentos\ESCOM\Arqui\stack01\00\ram0\synwork\ram00_ram0_comp.srs changed - recompiling

At syn_nfilter Exit (Real Time elapsed 0h:00m:00s; CPU Time elapsed 0h:00m:00s; Memory used current: 67MB peak: 68MB)

Process took 0h:00m:01s realtime, 0h:00m:01s cputime

Process completed successfully.
# Wed Oct  9 18:57:57 2019

###########################################################]
Premap Report

# Wed Oct  9 18:57:57 2019


Copyright (C) 1994-2018 Synopsys, Inc.
This Synopsys software and all associated documentation are proprietary to Synopsys, Inc.
and may only be used pursuant to the terms and conditions of a written license agreement
with Synopsys, Inc. All other use, reproduction, modification, or distribution of the
Synopsys software or the associated documentation is strictly prohibited.
Tool: Synplify Pro (R)
Build: N-2018.03L-SP1-1
Install: D:\diamond\3.11_x64\synpbase
OS: Windows 6.2

Hostname: LAPTOP-O0G86UVC

Implementation : ram0
Synopsys Lattice Technology Pre-mapping, Version maplat2018q2p1, Build 055R, Built Apr  3 2019 09:51:54


Mapper Startup Complete (Real Time elapsed 0h:00m:00s; CPU Time elapsed 0h:00m:00s; Memory used current: 99MB peak: 99MB)

@A: MF827 |No constraint file specified.
@N: MF284 |Setting synthesis effort to medium for the design
@L: C:\Users\omarf\OneDrive\Documentos\ESCOM\Arqui\stack01\00\ram0\ram00_ram0_scck.rpt 
Printing clock  summary report in "C:\Users\omarf\OneDrive\Documentos\ESCOM\Arqui\stack01\00\ram0\ram00_ram0_scck.rpt" file 
@N: MF916 |Option synthesis_strategy=base is enabled. 
@N: MF248 |Running in 64-bit mode.
@N: MF666 |Clock conversion enabled. (Command "set_option -fix_gated_and_generated_clocks 1" in the project file.)

Design Input Complete (Real Time elapsed 0h:00m:00s; CPU Time elapsed 0h:00m:00s; Memory used current: 99MB peak: 102MB)


Mapper Initialization Complete (Real Time elapsed 0h:00m:00s; CPU Time elapsed 0h:00m:00s; Memory used current: 99MB peak: 102MB)


Start loading timing files (Real Time elapsed 0h:00m:00s; CPU Time elapsed 0h:00m:00s; Memory used current: 112MB peak: 112MB)


Finished loading timing files (Real Time elapsed 0h:00m:00s; CPU Time elapsed 0h:00m:00s; Memory used current: 112MB peak: 114MB)

@N: MF284 |Setting synthesis effort to medium for the design
@W: FX474 |User-specified initial value defined for some sequential elements which can prevent optimum synthesis results from being achieved. 
@N: MH105 |UMR3 is only supported for HAPS-80.
@N: MH105 |UMR3 is only supported for HAPS-80.
syn_allowed_resources : blockrams=26  set on top level netlist topram00

Finished netlist restructuring (Real Time elapsed 0h:00m:00s; CPU Time elapsed 0h:00m:00s; Memory used current: 140MB peak: 143MB)



Clock Summary
******************

          Start                            Requested     Requested     Clock                                           Clock                   Clock
Level     Clock                            Frequency     Period        Type                                            Group                   Load 
----------------------------------------------------------------------------------------------------------------------------------------------------
0 -       osc00|osc_int_inferred_clock     2.1 MHz       480.769       inferred                                        Inferred_clkgroup_0     22   
1 .         div00|outdiv_derived_clock     2.1 MHz       480.769       derived (from osc00|osc_int_inferred_clock)     Inferred_clkgroup_0     39   
====================================================================================================================================================



Clock Load Summary
***********************

                                 Clock     Source                           Clock Pin              Non-clock Pin     Non-clock Pin
Clock                            Load      Pin                              Seq Example            Seq Example       Comb Example 
----------------------------------------------------------------------------------------------------------------------------------
osc00|osc_int_inferred_clock     22        RA00.DI00.OSCInst0.OSC(OSCH)     RA00.DI01.outdiv.C     -                 -            
div00|outdiv_derived_clock       39        RA00.DI01.outdiv.Q[0](dffe)      RA05.decContWrd.C      -                 -            
==================================================================================================================================

@W: MT529 :"c:\users\omarf\onedrive\documentos\escom\arqui\stack01\00\div00.vhdl":20:2:20:3|Found inferred clock osc00|osc_int_inferred_clock which controls 22 sequential elements including RA00.DI01.sdiv[20:0]. This clock has no specified timing constraint which may prevent conversion of gated or generated clocks and may adversely impact design performance. 

ICG Latch Removal Summary:
Number of ICG latches removed: 0
Number of ICG latches not removed:	0


@S |Clock Optimization Summary



#### START OF PREMAP CLOCK OPTIMIZATION REPORT #####[

0 non-gated/non-generated clock tree(s) driving 0 clock pin(s) of sequential element(s)
2 gated/generated clock tree(s) driving 55 clock pin(s) of sequential element(s)
0 instances converted, 55 sequential instances remain driven by gated/generated clocks

=================================================================== Gated/Generated Clocks ===================================================================
Clock Tree ID     Driving Element            Drive Element Type     Unconverted Fanout     Sample Instance          Explanation                               
--------------------------------------------------------------------------------------------------------------------------------------------------------------
@KP:ckid0_0       RA00.DI01.outdiv.Q[0]      dffe                   33                     RA05.outcontrd[4:0]      Derived clock on input (not legal for GCC)
@KP:ckid0_2       RA00.DI00.OSCInst0.OSC     OSCH                   22                     RA00.DI01.sdiv[20:0]     Black box on clock path                   
==============================================================================================================================================================


##### END OF CLOCK OPTIMIZATION REPORT ######

@N: FX1143 |Skipping assigning INTERNAL_VREF to iobanks, because the table of mapping from pin to iobank is not initialized.
Finished Pre Mapping Phase.

Starting constraint checker (Real Time elapsed 0h:00m:00s; CPU Time elapsed 0h:00m:00s; Memory used current: 140MB peak: 143MB)


Finished constraint checker preprocessing (Real Time elapsed 0h:00m:00s; CPU Time elapsed 0h:00m:00s; Memory used current: 141MB peak: 143MB)

None
None

Finished constraint checker (Real Time elapsed 0h:00m:00s; CPU Time elapsed 0h:00m:00s; Memory used current: 141MB peak: 143MB)

Pre-mapping successful!

At Mapper Exit (Real Time elapsed 0h:00m:00s; CPU Time elapsed 0h:00m:00s; Memory used current: 57MB peak: 143MB)

Process took 0h:00m:01s realtime, 0h:00m:01s cputime
# Wed Oct  9 18:57:58 2019

###########################################################]
Map & Optimize Report

# Wed Oct  9 18:57:58 2019


Copyright (C) 1994-2018 Synopsys, Inc.
This Synopsys software and all associated documentation are proprietary to Synopsys, Inc.
and may only be used pursuant to the terms and conditions of a written license agreement
with Synopsys, Inc. All other use, reproduction, modification, or distribution of the
Synopsys software or the associated documentation is strictly prohibited.
Tool: Synplify Pro (R)
Build: N-2018.03L-SP1-1
Install: D:\diamond\3.11_x64\synpbase
OS: Windows 6.2

Hostname: LAPTOP-O0G86UVC

Implementation : ram0
Synopsys Lattice Technology Mapper, Version maplat2018q2p1, Build 055R, Built Apr  3 2019 09:51:54


Mapper Startup Complete (Real Time elapsed 0h:00m:00s; CPU Time elapsed 0h:00m:00s; Memory used current: 99MB peak: 99MB)

@N: MF284 |Setting synthesis effort to medium for the design
@N: MF916 |Option synthesis_strategy=base is enabled. 
@N: MF248 |Running in 64-bit mode.
@N: MF666 |Clock conversion enabled. (Command "set_option -fix_gated_and_generated_clocks 1" in the project file.)

Design Input Complete (Real Time elapsed 0h:00m:00s; CPU Time elapsed 0h:00m:00s; Memory used current: 98MB peak: 100MB)


Mapper Initialization Complete (Real Time elapsed 0h:00m:00s; CPU Time elapsed 0h:00m:00s; Memory used current: 98MB peak: 100MB)


Start loading timing files (Real Time elapsed 0h:00m:00s; CPU Time elapsed 0h:00m:00s; Memory used current: 111MB peak: 111MB)


Finished loading timing files (Real Time elapsed 0h:00m:00s; CPU Time elapsed 0h:00m:00s; Memory used current: 111MB peak: 113MB)

@N: MF284 |Setting synthesis effort to medium for the design


Starting Optimization and Mapping (Real Time elapsed 0h:00m:00s; CPU Time elapsed 0h:00m:00s; Memory used current: 139MB peak: 142MB)


Available hyper_sources - for debug and ip models
	None Found


Finished RTL optimizations (Real Time elapsed 0h:00m:00s; CPU Time elapsed 0h:00m:00s; Memory used current: 139MB peak: 142MB)

@N: MO231 :"c:\users\omarf\onedrive\documentos\escom\arqui\stack01\00\contread00.vhd":26:3:26:4|Found counter in view:work.topram00(topram0) instance RA05.outcontrd[4:0] 

Starting factoring (Real Time elapsed 0h:00m:00s; CPU Time elapsed 0h:00m:00s; Memory used current: 140MB peak: 142MB)


Finished factoring (Real Time elapsed 0h:00m:00s; CPU Time elapsed 0h:00m:00s; Memory used current: 141MB peak: 142MB)


Finished generic timing optimizations - Pass 1 (Real Time elapsed 0h:00m:00s; CPU Time elapsed 0h:00m:00s; Memory used current: 142MB peak: 142MB)


Starting Early Timing Optimization (Real Time elapsed 0h:00m:00s; CPU Time elapsed 0h:00m:00s; Memory used current: 142MB peak: 143MB)


Finished Early Timing Optimization (Real Time elapsed 0h:00m:00s; CPU Time elapsed 0h:00m:00s; Memory used current: 142MB peak: 143MB)


Finished generic timing optimizations - Pass 2 (Real Time elapsed 0h:00m:00s; CPU Time elapsed 0h:00m:00s; Memory used current: 142MB peak: 143MB)


Finished preparing to map (Real Time elapsed 0h:00m:00s; CPU Time elapsed 0h:00m:00s; Memory used current: 142MB peak: 143MB)


Finished technology mapping (Real Time elapsed 0h:00m:00s; CPU Time elapsed 0h:00m:00s; Memory used current: 144MB peak: 145MB)

Pass		 CPU time		Worst Slack		Luts / Registers
------------------------------------------------------------
   1		0h:00m:00s		   468.50ns		  89 /        54

Finished technology timing optimizations and critical path resynthesis (Real Time elapsed 0h:00m:00s; CPU Time elapsed 0h:00m:00s; Memory used current: 144MB peak: 145MB)

@N: FX164 |The option to pack registers in the IOB has not been specified. Please set syn_useioff attribute.  
@N: FO126 :"c:\users\omarf\onedrive\documentos\escom\arqui\stack01\00\ram00.vhd":26:7:26:14|Generating RAM RA03.swordram[6:0]

Finished restoring hierarchy (Real Time elapsed 0h:00m:00s; CPU Time elapsed 0h:00m:00s; Memory used current: 144MB peak: 145MB)


Start Writing Netlists (Real Time elapsed 0h:00m:01s; CPU Time elapsed 0h:00m:01s; Memory used current: 109MB peak: 145MB)

Writing Analyst data base C:\Users\omarf\OneDrive\Documentos\ESCOM\Arqui\stack01\00\ram0\synwork\ram00_ram0_m.srm

Finished Writing Netlist Databases (Real Time elapsed 0h:00m:01s; CPU Time elapsed 0h:00m:01s; Memory used current: 143MB peak: 145MB)

Writing EDIF Netlist and constraint files
@N: FX1056 |Writing EDF file: C:\Users\omarf\OneDrive\Documentos\ESCOM\Arqui\stack01\00\ram0\ram00_ram0.edi
N-2018.03L-SP1-1
@N: BW106 |Synplicity Constraint File capacitance units using default value of 1pF 

Finished Writing EDIF Netlist and constraint files (Real Time elapsed 0h:00m:01s; CPU Time elapsed 0h:00m:01s; Memory used current: 147MB peak: 149MB)


Start final timing analysis (Real Time elapsed 0h:00m:02s; CPU Time elapsed 0h:00m:01s; Memory used current: 148MB peak: 149MB)

@W: MT420 |Found inferred clock osc00|osc_int_inferred_clock with period 480.77ns. Please declare a user-defined clock on net RA00.DI00.sclk.
@N: MT615 |Found clock div00|outdiv_derived_clock with period 480.77ns 


##### START OF TIMING REPORT #####[
# Timing Report written on Wed Oct  9 18:58:00 2019
#


Top view:               topram00
Requested Frequency:    2.1 MHz
Wire load mode:         top
Paths requested:        5
Constraint File(s):    
@N: MT320 |This timing report is an estimate of place and route data. For final timing results, use the FPGA vendor place and route report.

@N: MT322 |Clock constraints include only register-to-register paths associated with each individual clock.



Performance Summary
*******************


Worst slack in design: 469.669

                                 Requested     Estimated     Requested     Estimated                 Clock                                           Clock              
Starting Clock                   Frequency     Frequency     Period        Period        Slack       Type                                            Group              
------------------------------------------------------------------------------------------------------------------------------------------------------------------------
div00|outdiv_derived_clock       2.1 MHz       202.6 MHz     480.769       4.935         951.669     derived (from osc00|osc_int_inferred_clock)     Inferred_clkgroup_0
osc00|osc_int_inferred_clock     2.1 MHz       90.1 MHz      480.769       11.100        469.669     inferred                                        Inferred_clkgroup_0
========================================================================================================================================================================





Clock Relationships
*******************

Clocks                                                      |    rise  to  rise     |    fall  to  fall   |    rise  to  fall   |    fall  to  rise 
----------------------------------------------------------------------------------------------------------------------------------------------------
Starting                      Ending                        |  constraint  slack    |  constraint  slack  |  constraint  slack  |  constraint  slack
----------------------------------------------------------------------------------------------------------------------------------------------------
osc00|osc_int_inferred_clock  osc00|osc_int_inferred_clock  |  480.769     469.669  |  No paths    -      |  No paths    -      |  No paths    -    
div00|outdiv_derived_clock    div00|outdiv_derived_clock    |  480.769     951.669  |  No paths    -      |  No paths    -      |  No paths    -    
====================================================================================================================================================
 Note: 'No paths' indicates there are no paths in the design for that pair of clock edges.
       'Diff grp' indicates that paths exist but the starting clock and ending clock are in different clock groups.



Interface Information 
*********************

No IO constraint found



====================================
Detailed Report for Clock: div00|outdiv_derived_clock
====================================



Starting Points with Worst Slack
********************************

                      Starting                                                               Arrival            
Instance              Reference                      Type         Pin     Net                Time        Slack  
                      Clock                                                                                     
----------------------------------------------------------------------------------------------------------------
RA01.outr[3]          div00|outdiv_derived_clock     FD1S3IX      Q       outr0_c[3]         1.236       951.669
RA01.outr[0]          div00|outdiv_derived_clock     FD1S3IX      Q       outr0_c[0]         1.232       951.673
RA01.outr[1]          div00|outdiv_derived_clock     FD1S3IX      Q       outr0_c[1]         1.268       952.477
RA01.outr[2]          div00|outdiv_derived_clock     FD1S3IX      Q       outr0_c[2]         1.244       952.501
RA02.aux              div00|outdiv_derived_clock     FD1P3AX      Q       aux                1.044       954.983
RA05.decContWrd       div00|outdiv_derived_clock     FD1S3IX      Q       decFlag_c          1.180       955.928
RA02_decio            div00|outdiv_derived_clock     IFS1P3DX     Q       RA02.dec           1.148       955.999
RA02.outcontc[0]      div00|outdiv_derived_clock     FD1S3IX      Q       outcontW0_c[0]     1.220       956.977
RA05.outcontrd[0]     div00|outdiv_derived_clock     FD1P3AX      Q       outcontR0_c[0]     1.220       956.977
RA02.outcontc[1]      div00|outdiv_derived_clock     FD1S3IX      Q       outcontW0_c[1]     1.204       957.135
================================================================================================================


Ending Points with Worst Slack
******************************

                      Starting                                                                       Required            
Instance              Reference                      Type        Pin     Net                         Time         Slack  
                      Clock                                                                                              
-------------------------------------------------------------------------------------------------------------------------
RA02.outcontc[3]      div00|outdiv_derived_clock     FD1S3IX     D       un1_outcontc_cry_3_0_S0     961.433      951.669
RA02.outcontc[4]      div00|outdiv_derived_clock     FD1S3IX     D       un1_outcontc_cry_3_0_S1     961.433      951.669
RA02.outcontc[1]      div00|outdiv_derived_clock     FD1S3IX     D       un1_outcontc_cry_1_0_S0     961.433      951.812
RA02.outcontc[2]      div00|outdiv_derived_clock     FD1S3IX     D       un1_outcontc_cry_1_0_S1     961.433      951.812
RA02.outcoderc[0]     div00|outdiv_derived_clock     FD1P3AX     SP      un1_dec_1_sqmuxa_i          961.067      954.307
RA02.outcoderc[1]     div00|outdiv_derived_clock     FD1P3AX     SP      un1_dec_1_sqmuxa_i          961.067      954.307
RA02.outcoderc[2]     div00|outdiv_derived_clock     FD1P3AX     SP      un1_dec_1_sqmuxa_i          961.067      954.307
RA02.outcoderc[3]     div00|outdiv_derived_clock     FD1P3AX     SP      un1_dec_1_sqmuxa_i          961.067      954.307
RA02.outcoderc[4]     div00|outdiv_derived_clock     FD1P3AX     SP      un1_dec_1_sqmuxa_i          961.067      954.307
RA02.outcoderc[5]     div00|outdiv_derived_clock     FD1P3AX     SP      un1_dec_1_sqmuxa_i          961.067      954.307
=========================================================================================================================



Worst Path Information
***********************


Path information for path number 1: 
      Requested Period:                      961.538
    - Setup time:                            0.106
    + Clock delay at ending point:           0.000 (ideal)
    = Required time:                         961.433

    - Propagation time:                      9.764
    - Clock delay at starting point:         0.000 (ideal)
    = Slack (non-critical) :                 951.669

    Number of logic level(s):                8
    Starting point:                          RA01.outr[3] / Q
    Ending point:                            RA02.outcontc[4] / D
    The start point is clocked by            div00|outdiv_derived_clock [rising] on pin CK
    The end   point is clocked by            div00|outdiv_derived_clock [rising] on pin CK
    -Timing constraint applied as multi cycle path with factor 2 (from c:div00|outdiv_derived_clock to c:div00|outdiv_derived_clock)

Instance / Net                                     Pin      Pin               Arrival     No. of    
Name                                  Type         Name     Dir     Delay     Time        Fan Out(s)
----------------------------------------------------------------------------------------------------
RA01.outr[3]                          FD1S3IX      Q        Out     1.236     1.236       -         
outr0_c[3]                            Net          -        -       -         -           11        
RA02.un1_outcontc_1_sqmuxa_i_a2_3     ORCALUT4     B        In      0.000     1.236       -         
RA02.un1_outcontc_1_sqmuxa_i_a2_3     ORCALUT4     Z        Out     1.017     2.253       -         
N_91                                  Net          -        -       -         -           1         
RA02.un1_outcontc_1_sqmuxa_i_o2_3     ORCALUT4     A        In      0.000     2.253       -         
RA02.un1_outcontc_1_sqmuxa_i_o2_3     ORCALUT4     Z        Out     1.017     3.269       -         
un1_outcontc_1_sqmuxa_i_o2_3          Net          -        -       -         -           1         
RA02.un1_outcontc_1_sqmuxa_i_o2       ORCALUT4     B        In      0.000     3.269       -         
RA02.un1_outcontc_1_sqmuxa_i_o2       ORCALUT4     Z        Out     1.089     4.358       -         
N_54                                  Net          -        -       -         -           2         
RA02.un1_dec_1_sqmuxa_0_a2            ORCALUT4     B        In      0.000     4.358       -         
RA02.un1_dec_1_sqmuxa_0_a2            ORCALUT4     Z        Out     1.153     5.511       -         
N_86                                  Net          -        -       -         -           3         
RA02.un2_i_a2[4]                      ORCALUT4     A        In      0.000     5.511       -         
RA02.un2_i_a2[4]                      ORCALUT4     Z        Out     1.017     6.528       -         
N_83                                  Net          -        -       -         -           1         
RA02.un1_outcontc_cry_0_0             CCU2D        C1       In      0.000     6.528       -         
RA02.un1_outcontc_cry_0_0             CCU2D        COUT     Out     1.544     8.072       -         
un1_outcontc_cry_0                    Net          -        -       -         -           1         
RA02.un1_outcontc_cry_1_0             CCU2D        CIN      In      0.000     8.072       -         
RA02.un1_outcontc_cry_1_0             CCU2D        COUT     Out     0.143     8.215       -         
un1_outcontc_cry_2                    Net          -        -       -         -           1         
RA02.un1_outcontc_cry_3_0             CCU2D        CIN      In      0.000     8.215       -         
RA02.un1_outcontc_cry_3_0             CCU2D        S1       Out     1.549     9.764       -         
un1_outcontc_cry_3_0_S1               Net          -        -       -         -           1         
RA02.outcontc[4]                      FD1S3IX      D        In      0.000     9.764       -         
====================================================================================================




====================================
Detailed Report for Clock: osc00|osc_int_inferred_clock
====================================



Starting Points with Worst Slack
********************************

                       Starting                                                          Arrival            
Instance               Reference                        Type        Pin     Net          Time        Slack  
                       Clock                                                                                
------------------------------------------------------------------------------------------------------------
RA00.DI01.sdiv[18]     osc00|osc_int_inferred_clock     FD1S3IX     Q       sdiv[18]     1.148       469.669
RA00.DI01.sdiv[19]     osc00|osc_int_inferred_clock     FD1S3IX     Q       sdiv[19]     1.148       469.669
RA00.DI01.sdiv[20]     osc00|osc_int_inferred_clock     FD1S3IX     Q       sdiv[20]     1.148       469.669
RA00.DI01.sdiv[17]     osc00|osc_int_inferred_clock     FD1S3IX     Q       sdiv[17]     1.044       469.773
RA00.DI01.sdiv[16]     osc00|osc_int_inferred_clock     FD1S3IX     Q       sdiv[16]     1.148       470.862
RA00.DI01.sdiv[14]     osc00|osc_int_inferred_clock     FD1S3IX     Q       sdiv[14]     1.044       470.966
RA00.DI01.sdiv[15]     osc00|osc_int_inferred_clock     FD1S3IX     Q       sdiv[15]     1.044       470.966
RA00.DI01.sdiv[7]      osc00|osc_int_inferred_clock     FD1S3IX     Q       sdiv[7]      1.044       471.102
RA00.DI01.sdiv[8]      osc00|osc_int_inferred_clock     FD1S3IX     Q       sdiv[8]      1.044       471.102
RA00.DI01.sdiv[9]      osc00|osc_int_inferred_clock     FD1S3IX     Q       sdiv[9]      1.044       471.102
============================================================================================================


Ending Points with Worst Slack
******************************

                       Starting                                                              Required            
Instance               Reference                        Type        Pin     Net              Time         Slack  
                       Clock                                                                                     
-----------------------------------------------------------------------------------------------------------------
RA00.DI01.sdiv[19]     osc00|osc_int_inferred_clock     FD1S3IX     D       un1_sdiv[19]     480.664      469.669
RA00.DI01.sdiv[20]     osc00|osc_int_inferred_clock     FD1S3IX     D       un1_sdiv[20]     480.664      469.669
RA00.DI01.sdiv[17]     osc00|osc_int_inferred_clock     FD1S3IX     D       un1_sdiv[17]     480.664      469.812
RA00.DI01.sdiv[18]     osc00|osc_int_inferred_clock     FD1S3IX     D       un1_sdiv[18]     480.664      469.812
RA00.DI01.sdiv[15]     osc00|osc_int_inferred_clock     FD1S3IX     D       un1_sdiv[15]     480.664      469.955
RA00.DI01.sdiv[16]     osc00|osc_int_inferred_clock     FD1S3IX     D       un1_sdiv[16]     480.664      469.955
RA00.DI01.sdiv[13]     osc00|osc_int_inferred_clock     FD1S3IX     D       un1_sdiv[13]     480.664      470.098
RA00.DI01.sdiv[14]     osc00|osc_int_inferred_clock     FD1S3IX     D       un1_sdiv[14]     480.664      470.098
RA00.DI01.sdiv[11]     osc00|osc_int_inferred_clock     FD1S3IX     D       un1_sdiv[11]     480.664      470.240
RA00.DI01.sdiv[12]     osc00|osc_int_inferred_clock     FD1S3IX     D       un1_sdiv[12]     480.664      470.240
=================================================================================================================



Worst Path Information
***********************


Path information for path number 1: 
      Requested Period:                      480.769
    - Setup time:                            0.106
    + Clock delay at ending point:           0.000 (ideal)
    = Required time:                         480.664

    - Propagation time:                      10.995
    - Clock delay at starting point:         0.000 (ideal)
    = Slack (critical) :                     469.669

    Number of logic level(s):                16
    Starting point:                          RA00.DI01.sdiv[18] / Q
    Ending point:                            RA00.DI01.sdiv[20] / D
    The start point is clocked by            osc00|osc_int_inferred_clock [rising] on pin CK
    The end   point is clocked by            osc00|osc_int_inferred_clock [rising] on pin CK

Instance / Net                                             Pin      Pin               Arrival     No. of    
Name                                          Type         Name     Dir     Delay     Time        Fan Out(s)
------------------------------------------------------------------------------------------------------------
RA00.DI01.sdiv[18]                            FD1S3IX      Q        Out     1.148     1.148       -         
sdiv[18]                                      Net          -        -       -         -           4         
RA00.DI01.un1_outdiv_0_sqmuxa_1_0_a2_0[0]     ORCALUT4     D        In      0.000     1.148       -         
RA00.DI01.un1_outdiv_0_sqmuxa_1_0_a2_0[0]     ORCALUT4     Z        Out     1.193     2.341       -         
un1_outdiv_0_sqmuxa_1_0_a2_0[0]               Net          -        -       -         -           4         
RA00.DI01.un1_outdiv_1_sqmuxa_i_a2_2          ORCALUT4     A        In      0.000     2.341       -         
RA00.DI01.un1_outdiv_1_sqmuxa_i_a2_2          ORCALUT4     Z        Out     1.153     3.493       -         
un1_outdiv_1_sqmuxa_i_a2_2                    Net          -        -       -         -           3         
RA00.DI01.un1_outdiv_0_sqmuxa_1_0_a2_1[0]     ORCALUT4     A        In      0.000     3.493       -         
RA00.DI01.un1_outdiv_0_sqmuxa_1_0_a2_1[0]     ORCALUT4     Z        Out     1.089     4.582       -         
un1_outdiv_0_sqmuxa_1_0_a2_1[0]               Net          -        -       -         -           2         
RA00.DI01.un1_outdiv_0_sqmuxa_1_0_a9[0]       ORCALUT4     B        In      0.000     4.582       -         
RA00.DI01.un1_outdiv_0_sqmuxa_1_0_a9[0]       ORCALUT4     Z        Out     1.017     5.599       -         
un1_outdiv_0_sqmuxa_1_0_a9[0]                 Net          -        -       -         -           1         
RA00.DI01.un1_outdiv_0_sqmuxa_1_0[0]          ORCALUT4     A        In      0.000     5.599       -         
RA00.DI01.un1_outdiv_0_sqmuxa_1_0[0]          ORCALUT4     Z        Out     1.017     6.616       -         
un1_outdiv_0_sqmuxa_1_0[0]                    Net          -        -       -         -           1         
RA00.DI01.un1_sdiv_cry_0_0                    CCU2D        B0       In      0.000     6.616       -         
RA00.DI01.un1_sdiv_cry_0_0                    CCU2D        COUT     Out     1.544     8.160       -         
un1_sdiv_cry_0                                Net          -        -       -         -           1         
RA00.DI01.un1_sdiv_cry_1_0                    CCU2D        CIN      In      0.000     8.160       -         
RA00.DI01.un1_sdiv_cry_1_0                    CCU2D        COUT     Out     0.143     8.303       -         
un1_sdiv_cry_2                                Net          -        -       -         -           1         
RA00.DI01.un1_sdiv_cry_3_0                    CCU2D        CIN      In      0.000     8.303       -         
RA00.DI01.un1_sdiv_cry_3_0                    CCU2D        COUT     Out     0.143     8.446       -         
un1_sdiv_cry_4                                Net          -        -       -         -           1         
RA00.DI01.un1_sdiv_cry_5_0                    CCU2D        CIN      In      0.000     8.446       -         
RA00.DI01.un1_sdiv_cry_5_0                    CCU2D        COUT     Out     0.143     8.589       -         
un1_sdiv_cry_6                                Net          -        -       -         -           1         
RA00.DI01.un1_sdiv_cry_7_0                    CCU2D        CIN      In      0.000     8.589       -         
RA00.DI01.un1_sdiv_cry_7_0                    CCU2D        COUT     Out     0.143     8.732       -         
un1_sdiv_cry_8                                Net          -        -       -         -           1         
RA00.DI01.un1_sdiv_cry_9_0                    CCU2D        CIN      In      0.000     8.732       -         
RA00.DI01.un1_sdiv_cry_9_0                    CCU2D        COUT     Out     0.143     8.874       -         
un1_sdiv_cry_10                               Net          -        -       -         -           1         
RA00.DI01.un1_sdiv_cry_11_0                   CCU2D        CIN      In      0.000     8.874       -         
RA00.DI01.un1_sdiv_cry_11_0                   CCU2D        COUT     Out     0.143     9.017       -         
un1_sdiv_cry_12                               Net          -        -       -         -           1         
RA00.DI01.un1_sdiv_cry_13_0                   CCU2D        CIN      In      0.000     9.017       -         
RA00.DI01.un1_sdiv_cry_13_0                   CCU2D        COUT     Out     0.143     9.160       -         
un1_sdiv_cry_14                               Net          -        -       -         -           1         
RA00.DI01.un1_sdiv_cry_15_0                   CCU2D        CIN      In      0.000     9.160       -         
RA00.DI01.un1_sdiv_cry_15_0                   CCU2D        COUT     Out     0.143     9.303       -         
un1_sdiv_cry_16                               Net          -        -       -         -           1         
RA00.DI01.un1_sdiv_cry_17_0                   CCU2D        CIN      In      0.000     9.303       -         
RA00.DI01.un1_sdiv_cry_17_0                   CCU2D        COUT     Out     0.143     9.445       -         
un1_sdiv_cry_18                               Net          -        -       -         -           1         
RA00.DI01.un1_sdiv_cry_19_0                   CCU2D        CIN      In      0.000     9.445       -         
RA00.DI01.un1_sdiv_cry_19_0                   CCU2D        S1       Out     1.549     10.995      -         
un1_sdiv[20]                                  Net          -        -       -         -           1         
RA00.DI01.sdiv[20]                            FD1S3IX      D        In      0.000     10.995      -         
============================================================================================================



##### END OF TIMING REPORT #####]

Timing exceptions that could not be applied
None

Finished final timing analysis (Real Time elapsed 0h:00m:02s; CPU Time elapsed 0h:00m:02s; Memory used current: 148MB peak: 149MB)


Finished timing report (Real Time elapsed 0h:00m:02s; CPU Time elapsed 0h:00m:02s; Memory used current: 148MB peak: 149MB)

---------------------------------------
Resource Usage Report
Part: lcmxo2_7000he-4

Register bits: 54 of 6864 (1%)
PIC Latch:       0
I/O cells:       44


Details:
CCU2D:          17
DPR16X4C:       4
FD1P3AX:        13
FD1P3IX:        7
FD1S3AX:        1
FD1S3IX:        31
FD1S3JX:        1
GSR:            1
IB:             11
IFS1P3DX:       1
INV:            1
OB:             33
ORCALUT4:       92
OSCH:           1
PFUMX:          1
PUR:            1
VHI:            6
VLO:            7
false:          2
true:           3
Mapper successful!

At Mapper Exit (Real Time elapsed 0h:00m:02s; CPU Time elapsed 0h:00m:02s; Memory used current: 32MB peak: 149MB)

Process took 0h:00m:02s realtime, 0h:00m:02s cputime
# Wed Oct  9 18:58:00 2019

###########################################################]


Synthesis exit by 0.

edif2ngd  -l "MachXO2" -d LCMXO2-7000HE -path "C:/Users/omarf/OneDrive/Documentos/ESCOM/Arqui/stack01/00/ram0" -path "C:/Users/omarf/OneDrive/Documentos/ESCOM/Arqui/stack01/00"   "C:/Users/omarf/OneDrive/Documentos/ESCOM/Arqui/stack01/00/ram0/ram00_ram0.edi" "ram00_ram0.ngo"   
edif2ngd:  version Diamond (64-bit) 3.11.0.396.4

Copyright (c) 1991-1994 by NeoCAD Inc. All rights reserved.
Copyright (c) 1995 AT&T Corp.   All rights reserved.
Copyright (c) 1995-2001 Lucent Technologies Inc.  All rights reserved.
Copyright (c) 2001 Agere Systems   All rights reserved.
Copyright (c) 2002-2019 Lattice Semiconductor Corporation,  All rights reserved.
Writing the design to ram00_ram0.ngo...

Total CPU Time: 0 secs  
Total REAL Time: 0 secs  
Peak Memory Usage: 11 MB


ngdbuild  -a "MachXO2" -d LCMXO2-7000HE  -p "D:/diamond/3.11_x64/ispfpga/xo2c00/data"  -p "C:/Users/omarf/OneDrive/Documentos/ESCOM/Arqui/stack01/00/ram0" -p "C:/Users/omarf/OneDrive/Documentos/ESCOM/Arqui/stack01/00"  "ram00_ram0.ngo" "ram00_ram0.ngd"  	
ngdbuild:  version Diamond (64-bit) 3.11.0.396.4

Copyright (c) 1991-1994 by NeoCAD Inc. All rights reserved.
Copyright (c) 1995 AT&T Corp.   All rights reserved.
Copyright (c) 1995-2001 Lucent Technologies Inc.  All rights reserved.
Copyright (c) 2001 Agere Systems   All rights reserved.
Copyright (c) 2002-2019 Lattice Semiconductor Corporation,  All rights reserved.
Reading 'ram00_ram0.ngo' ...
Loading NGL library 'D:/diamond/3.11_x64/ispfpga/xo2c00a/data/xo2alib.ngl'...
Loading NGL library 'D:/diamond/3.11_x64/ispfpga/xo2c00/data/xo2clib.ngl'...
Loading NGL library 'D:/diamond/3.11_x64/ispfpga/mg5g00/data/mg5glib.ngl'...
Loading NGL library 'D:/diamond/3.11_x64/ispfpga/or5g00/data/orc5glib.ngl'...


Running DRC...

    <postMsg mid="1166052" type="Warning" dynamic="2" navigation="1" arg0="logical" arg1="RA00/DI00/OSCInst0_SEDSTDBY" arg2="RA00/DI00/OSCInst0_SEDSTDBY"  />
    <postMsg mid="1166052" type="Warning" dynamic="2" navigation="1" arg0="logical" arg1="RA03/swordram_ram_2_DO3" arg2="RA03/swordram_ram_2_DO3"  />
    <postMsg mid="1166052" type="Warning" dynamic="2" navigation="1" arg0="logical" arg1="RA03/swordram_ram_0_DO3" arg2="RA03/swordram_ram_0_DO3"  />
    <postMsg mid="1163101" type="Warning" dynamic="1" navigation="0" arg0="3"  />

Design Results:
    228 blocks expanded
Complete the first expansion.
Writing 'ram00_ram0.ngd' ...
Total CPU Time: 0 secs 
Total REAL Time: 0 secs 
Peak Memory Usage: 18 MB


map -a "MachXO2" -p LCMXO2-7000HE -t TQFP144 -s 4 -oc Commercial   "ram00_ram0.ngd" -o "ram00_ram0_map.ncd" -pr "ram00_ram0.prf" -mp "ram00_ram0.mrp" -lpf "C:/Users/omarf/OneDrive/Documentos/ESCOM/Arqui/stack01/00/ram0/ram00_ram0_synplify.lpf" -lpf "C:/Users/omarf/OneDrive/Documentos/ESCOM/Arqui/stack01/00/ram00.lpf" -c 0           
map:  version Diamond (64-bit) 3.11.0.396.4

Copyright (c) 1991-1994 by NeoCAD Inc. All rights reserved.
Copyright (c) 1995 AT&T Corp.   All rights reserved.
Copyright (c) 1995-2001 Lucent Technologies Inc.  All rights reserved.
Copyright (c) 2001 Agere Systems   All rights reserved.
Copyright (c) 2002-2019 Lattice Semiconductor Corporation,  All rights reserved.
   Process the file: ram00_ram0.ngd
   Picdevice="LCMXO2-7000HE"

   Pictype="TQFP144"

   Picspeed=4

   Remove unused logic

   Do not produce over sized NCDs.

Part used: LCMXO2-7000HETQFP144, Performance used: 4.

Loading device for application map from file 'xo2c7000.nph' in environment: D:/diamond/3.11_x64/ispfpga.
Package Status:                     Final          Version 1.39.

Running general design DRC...

Removing unused logic...

Optimizing...




Design Summary:
   Number of registers:     54 out of  7209 (1%)
      PFU registers:           53 out of  6864 (1%)
      PIO registers:            1 out of   345 (0%)
   Number of SLICEs:        77 out of  3432 (2%)
      SLICEs as Logic/ROM:     65 out of  3432 (2%)
      SLICEs as RAM:           12 out of  2574 (0%)
      SLICEs as Carry:         17 out of  3432 (0%)
   Number of LUT4s:        153 out of  6864 (2%)
      Number used as logic LUTs:         95
      Number used as distributed RAM:    24
      Number used as ripple logic:       34
      Number used as shift registers:     0
   Number of PIO sites used: 44 + 4(JTAG) out of 115 (42%)
   Number of block RAMs:  0 out of 26 (0%)
   Number of GSRs:        0 out of 1 (0%)
   EFB used :        No
   JTAG used :       No
   Readback used :   No
   Oscillator used : Yes
   Startup used :    No
   POR :             On
   Bandgap :         On
   Number of Power Controller:  0 out of 1 (0%)
   Number of Dynamic Bank Controller (BCINRD):  0 out of 6 (0%)
   Number of Dynamic Bank Controller (BCLVDSO):  0 out of 1 (0%)
   Number of DCCA:  0 out of 8 (0%)
   Number of DCMA:  0 out of 2 (0%)
   Number of PLLs:  0 out of 2 (0%)
   Number of DQSDLLs:  0 out of 2 (0%)
   Number of CLKDIVC:  0 out of 4 (0%)
   Number of ECLKSYNCA:  0 out of 4 (0%)
   Number of ECLKBRIDGECS:  0 out of 2 (0%)
   Notes:-
      1. Total number of LUT4s = (Number of logic LUT4s) + 2*(Number of distributed RAMs) + 2*(Number of ripple logic)
      2. Number of logic LUT4s does not include count of distributed RAM and ripple logic.
   Number of clocks:  2
     Net clk00_c: 28 loads, 28 rising, 0 falling (Driver: RA00/DI01/outdiv )
     Net RA00/sclk: 12 loads, 12 rising, 0 falling (Driver: RA00/DI00/OSCInst0 )
   Number of Clock Enables:  5
     Net N_48_i: 1 loads, 0 LSLICEs
     Net RA05/N_64_i: 3 loads, 3 LSLICEs
     Net N_37: 4 loads, 4 LSLICEs
     Net RA02/N_47_i: 1 loads, 1 LSLICEs
     Net RA02/un1_dec_1_sqmuxa_i: 4 loads, 4 LSLICEs
   Number of LSRs:  4
     Net RA05/decContWrdc_i_i: 1 loads, 1 LSLICEs
     Net en0_c: 9 loads, 9 LSLICEs
     Net outr0_c[1]: 1 loads, 1 LSLICEs
     Net RA00/DI01/N_5_i: 11 loads, 11 LSLICEs
   Number of nets driven by tri-state buffers:  0
   Top 10 highest fanout non-clock nets:
     Net en0_c: 28 loads
     Net rw0_c: 19 loads
     Net outcontR0_c[0]: 18 loads
     Net outcontR0_c[3]: 18 loads
     Net outcontR0_c[1]: 17 loads
     Net outcontR0_c[2]: 17 loads
     Net outr0_c[1]: 16 loads
     Net inkey0_c[2]: 13 loads
     Net N_37: 13 loads
     Net inkey0_c[1]: 12 loads
 

   Number of warnings:  0
   Number of errors:    0



Total CPU Time: 1 secs  
Total REAL Time: 0 secs  
Peak Memory Usage: 59 MB

Dumping design to file ram00_ram0_map.ncd.

mpartrce -p "ram00_ram0.p2t" -f "ram00_ram0.p3t" -tf "ram00_ram0.pt" "ram00_ram0_map.ncd" "ram00_ram0.ncd"

---- MParTrce Tool ----
Removing old design directory at request of -rem command line option to this program.
Running par. Please wait . . .

Lattice Place and Route Report for Design "ram00_ram0_map.ncd"
Wed Oct 09 18:58:03 2019

PAR: Place And Route Diamond (64-bit) 3.11.0.396.4.
Command Line: par -w -l 5 -i 6 -t 1 -c 0 -e 0 -gui -msgset C:/Users/omarf/OneDrive/Documentos/ESCOM/Arqui/stack01/00/promote.xml -exp parUseNBR=1:parCDP=0:parCDR=0:parPathBased=OFF ram00_ram0_map.ncd ram00_ram0.dir/5_1.ncd ram00_ram0.prf
Preference file: ram00_ram0.prf.
Placement level-cost: 5-1.
Routing Iterations: 6

Loading design for application par from file ram00_ram0_map.ncd.
Design name: topram00
NCD version: 3.3
Vendor:      LATTICE
Device:      LCMXO2-7000HE
Package:     TQFP144
Performance: 4
Loading device for application par from file 'xo2c7000.nph' in environment: D:/diamond/3.11_x64/ispfpga.
Package Status:                     Final          Version 1.39.
Performance Hardware Data Status:   Final          Version 34.4.
License checked out.


Ignore Preference Error(s):  True
Device utilization summary:

   PIO (prelim)   44+4(JTAG)/336     14% used
                  44+4(JTAG)/115     42% bonded
   IOLOGIC            1/336          <1% used

   SLICE             77/3432          2% used

   OSC                1/1           100% used


Number of Signals: 248
Number of Connections: 694

Pin Constraint Summary:
   44 out of 44 pins locked (100% locked).

The following 2 signals are selected to use the primary clock routing resources:
    clk00_c (driver: RA00/DI01/SLICE_31, clk load #: 28)
    RA00/sclk (driver: RA00/DI00/OSCInst0, clk load #: 12)


The following 1 signal is selected to use the secondary clock routing resources:
    RA00/DI01/N_5_i (driver: RA00/DI01/SLICE_31, clk load #: 0, sr load #: 11, ce load #: 0)

No signal is selected as Global Set/Reset.
Starting Placer Phase 0.
.........
Finished Placer Phase 0.  REAL time: 2 secs 

Starting Placer Phase 1.
...................
Placer score = 85470.
Finished Placer Phase 1.  REAL time: 7 secs 

Starting Placer Phase 2.
.
Placer score =  85334
Finished Placer Phase 2.  REAL time: 7 secs 


------------------ Clock Report ------------------

Global Clock Resources:
  CLK_PIN    : 0 out of 8 (0%)
  PLL        : 0 out of 2 (0%)
  DCM        : 0 out of 2 (0%)
  DCC        : 0 out of 8 (0%)

Global Clocks:
  PRIMARY "clk00_c" from Q0 on comp "RA00/DI01/SLICE_31" on site "R2C16C", clk load = 28
  PRIMARY "RA00/sclk" from OSC on comp "RA00/DI00/OSCInst0" on site "OSC", clk load = 12
  SECONDARY "RA00/DI01/N_5_i" from F1 on comp "RA00/DI01/SLICE_31" on site "R2C16C", clk load = 0, ce load = 0, sr load = 11

  PRIMARY  : 2 out of 8 (25%)
  SECONDARY: 1 out of 8 (12%)

Edge Clocks:
  No edge clock selected.

--------------- End of Clock Report ---------------


I/O Usage Summary (final):
   44 + 4(JTAG) out of 336 (14.3%) PIO sites used.
   44 + 4(JTAG) out of 115 (41.7%) bonded PIO sites used.
   Number of PIO comps: 44; differential: 0.
   Number of Vref pins used: 0.

I/O Bank Usage Summary:
+----------+----------------+------------+-----------+
| I/O Bank | Usage          | Bank Vccio | Bank Vref |
+----------+----------------+------------+-----------+
| 0        | 0 / 28 (  0%)  | -          | -         |
| 1        | 23 / 29 ( 79%) | 2.5V       | -         |
| 2        | 14 / 29 ( 48%) | 2.5V       | -         |
| 3        | 0 / 9 (  0%)   | -          | -         |
| 4        | 2 / 10 ( 20%)  | 2.5V       | -         |
| 5        | 5 / 10 ( 50%)  | 2.5V       | -         |
+----------+----------------+------------+-----------+

Total placer CPU time: 6 secs 

Dumping design to file ram00_ram0.dir/5_1.ncd.

0 connections routed; 694 unrouted.
Starting router resource preassignment

Completed router resource preassignment. Real time: 11 secs 

Start NBR router at 18:58:14 10/09/19

*****************************************************************
Info: NBR allows conflicts(one node used by more than one signal)
      in the earlier iterations. In each iteration, it tries to  
      solve the conflicts while keeping the critical connections 
      routed as short as possible. The routing process is said to
      be completed when no conflicts exist and all connections   
      are routed.                                                
Note: NBR uses a different method to calculate timing slacks. The
      worst slack and total negative slack may not be the same as
      that in TRCE report. You should always run TRCE to verify  
      your design.                                               
*****************************************************************

Start NBR special constraint process at 18:58:14 10/09/19

Start NBR section for initial routing at 18:58:15 10/09/19
Level 4, iteration 1
15(0.00%) conflicts; 0(0.00%) untouched conn; 0 (nbr) score; 
Estimated worst slack/total negative slack<setup>: 467.604ns/0.000ns; real time: 12 secs 

Info: Initial congestion level at 75% usage is 0
Info: Initial congestion area  at 75% usage is 0 (0.00%)

Start NBR section for normal routing at 18:58:15 10/09/19
Level 4, iteration 1
6(0.00%) conflicts; 0(0.00%) untouched conn; 0 (nbr) score; 
Estimated worst slack/total negative slack<setup>: 467.604ns/0.000ns; real time: 12 secs 
Level 4, iteration 2
1(0.00%) conflict; 0(0.00%) untouched conn; 0 (nbr) score; 
Estimated worst slack/total negative slack<setup>: 467.604ns/0.000ns; real time: 12 secs 
Level 4, iteration 3
0(0.00%) conflict; 0(0.00%) untouched conn; 0 (nbr) score; 
Estimated worst slack/total negative slack<setup>: 467.604ns/0.000ns; real time: 12 secs 

Start NBR section for setup/hold timing optimization with effort level 3 at 18:58:15 10/09/19

Start NBR section for re-routing at 18:58:15 10/09/19
Level 4, iteration 1
0(0.00%) conflict; 0(0.00%) untouched conn; 0 (nbr) score; 
Estimated worst slack/total negative slack<setup>: 467.604ns/0.000ns; real time: 12 secs 

Start NBR section for post-routing at 18:58:15 10/09/19

End NBR router with 0 unrouted connection

NBR Summary
-----------
  Number of unrouted connections : 0 (0.00%)
  Number of connections with timing violations : 0 (0.00%)
  Estimated worst slack<setup> : 467.604ns
  Timing score<setup> : 0
-----------
Notes: The timing info is calculated for SETUP only and all PAR_ADJs are ignored.



Total CPU time 11 secs 
Total REAL time: 13 secs 
Completely routed.
End of route.  694 routed (100.00%); 0 unrouted.

Hold time timing score: 0, hold timing errors: 0

Timing score: 0 

Dumping design to file ram00_ram0.dir/5_1.ncd.


PAR_SUMMARY::Run status = Completed
PAR_SUMMARY::Number of unrouted conns = 0
PAR_SUMMARY::Worst  slack<setup/<ns>> = 467.604
PAR_SUMMARY::Timing score<setup/<ns>> = 0.000
PAR_SUMMARY::Worst  slack<hold /<ns>> = 0.377
PAR_SUMMARY::Timing score<hold /<ns>> = 0.000
PAR_SUMMARY::Number of errors = 0

Total CPU  time to completion: 12 secs 
Total REAL time to completion: 13 secs 

par done!

Note: user must run 'Trace' for timing closure signoff.

Copyright (c) 1991-1994 by NeoCAD Inc. All rights reserved.
Copyright (c) 1995 AT&T Corp.   All rights reserved.
Copyright (c) 1995-2001 Lucent Technologies Inc.  All rights reserved.
Copyright (c) 2001 Agere Systems   All rights reserved.
Copyright (c) 2002-2019 Lattice Semiconductor Corporation,  All rights reserved.
Exiting par with exit code 0
Exiting mpartrce with exit code 0

trce -f "ram00_ram0.pt" -o "ram00_ram0.twr" "ram00_ram0.ncd" "ram00_ram0.prf"
trce:  version Diamond (64-bit) 3.11.0.396.4

Copyright (c) 1991-1994 by NeoCAD Inc. All rights reserved.
Copyright (c) 1995 AT&T Corp.   All rights reserved.
Copyright (c) 1995-2001 Lucent Technologies Inc.  All rights reserved.
Copyright (c) 2001 Agere Systems   All rights reserved.
Copyright (c) 2002-2019 Lattice Semiconductor Corporation,  All rights reserved.

Loading design for application trce from file ram00_ram0.ncd.
Design name: topram00
NCD version: 3.3
Vendor:      LATTICE
Device:      LCMXO2-7000HE
Package:     TQFP144
Performance: 4
Loading device for application trce from file 'xo2c7000.nph' in environment: D:/diamond/3.11_x64/ispfpga.
Package Status:                     Final          Version 1.39.
Performance Hardware Data Status:   Final          Version 34.4.
Setup and Hold Report

--------------------------------------------------------------------------------
Lattice TRACE Report - Setup, Version Diamond (64-bit) 3.11.0.396.4
Wed Oct 09 18:58:17 2019

Copyright (c) 1991-1994 by NeoCAD Inc. All rights reserved.
Copyright (c) 1995 AT&T Corp.   All rights reserved.
Copyright (c) 1995-2001 Lucent Technologies Inc.  All rights reserved.
Copyright (c) 2001 Agere Systems   All rights reserved.
Copyright (c) 2002-2019 Lattice Semiconductor Corporation,  All rights reserved.

Report Information
------------------
Command line:    trce -v 10 -gt -sethld -sp 4 -sphld m -o ram00_ram0.twr -gui -msgset C:/Users/omarf/OneDrive/Documentos/ESCOM/Arqui/stack01/00/promote.xml ram00_ram0.ncd ram00_ram0.prf 
Design file:     ram00_ram0.ncd
Preference file: ram00_ram0.prf
Device,speed:    LCMXO2-7000HE,4
Report level:    verbose report, limited to 10 items per preference
--------------------------------------------------------------------------------

BLOCK ASYNCPATHS
BLOCK RESETPATHS
--------------------------------------------------------------------------------



Timing summary (Setup):
---------------

Timing errors: 0  Score: 0
Cumulative negative slack: 0

Constraints cover 1327 paths, 1 nets, and 450 connections (64.84% coverage)

--------------------------------------------------------------------------------
Lattice TRACE Report - Hold, Version Diamond (64-bit) 3.11.0.396.4
Wed Oct 09 18:58:17 2019

Copyright (c) 1991-1994 by NeoCAD Inc. All rights reserved.
Copyright (c) 1995 AT&T Corp.   All rights reserved.
Copyright (c) 1995-2001 Lucent Technologies Inc.  All rights reserved.
Copyright (c) 2001 Agere Systems   All rights reserved.
Copyright (c) 2002-2019 Lattice Semiconductor Corporation,  All rights reserved.

Report Information
------------------
Command line:    trce -v 10 -gt -sethld -sp 4 -sphld m -o ram00_ram0.twr -gui -msgset C:/Users/omarf/OneDrive/Documentos/ESCOM/Arqui/stack01/00/promote.xml ram00_ram0.ncd ram00_ram0.prf 
Design file:     ram00_ram0.ncd
Preference file: ram00_ram0.prf
Device,speed:    LCMXO2-7000HE,m
Report level:    verbose report, limited to 10 items per preference
--------------------------------------------------------------------------------

BLOCK ASYNCPATHS
BLOCK RESETPATHS
--------------------------------------------------------------------------------



Timing summary (Hold):
---------------

Timing errors: 0  Score: 0
Cumulative negative slack: 0

Constraints cover 1327 paths, 1 nets, and 450 connections (64.84% coverage)



Timing summary (Setup and Hold):
---------------

Timing errors: 0 (setup), 0 (hold)
Score: 0 (setup), 0 (hold)
Cumulative negative slack: 0 (0+0)
--------------------------------------------------------------------------------

--------------------------------------------------------------------------------

Total CPU Time: 1 secs 
Total REAL Time: 0 secs 
Peak Memory Usage: 67 MB


tmcheck -par "ram00_ram0.par" 

bitgen -f "ram00_ram0.t2b" -w "ram00_ram0.ncd"  -jedec "ram00_ram0.prf"


BITGEN: Bitstream Generator Diamond (64-bit) 3.11.0.396.4
Copyright (c) 1991-1994 by NeoCAD Inc. All rights reserved.
Copyright (c) 1995 AT&T Corp.   All rights reserved.
Copyright (c) 1995-2001 Lucent Technologies Inc.  All rights reserved.
Copyright (c) 2001 Agere Systems   All rights reserved.
Copyright (c) 2002-2019 Lattice Semiconductor Corporation,  All rights reserved.


Loading design for application Bitgen from file ram00_ram0.ncd.
Design name: topram00
NCD version: 3.3
Vendor:      LATTICE
Device:      LCMXO2-7000HE
Package:     TQFP144
Performance: 4
Loading device for application Bitgen from file 'xo2c7000.nph' in environment: D:/diamond/3.11_x64/ispfpga.
Package Status:                     Final          Version 1.39.
Performance Hardware Data Status:   Final          Version 34.4.

Running DRC.
DRC detected 0 errors and 0 warnings.
Reading Preference File from ram00_ram0.prf.

Preference Summary:
+---------------------------------+---------------------------------+
|  Preference                     |  Current Setting                |
+---------------------------------+---------------------------------+
|                         RamCfg  |                        Reset**  |
+---------------------------------+---------------------------------+
|                     MCCLK_FREQ  |                         2.08**  |
+---------------------------------+---------------------------------+
|                  CONFIG_SECURE  |                          OFF**  |
+---------------------------------+---------------------------------+
|                          INBUF  |                           ON**  |
+---------------------------------+---------------------------------+
|                      JTAG_PORT  |                       ENABLE**  |
+---------------------------------+---------------------------------+
|                       SDM_PORT  |                      DISABLE**  |
+---------------------------------+---------------------------------+
|                 SLAVE_SPI_PORT  |                      DISABLE**  |
+---------------------------------+---------------------------------+
|                MASTER_SPI_PORT  |                      DISABLE**  |
+---------------------------------+---------------------------------+
|                       I2C_PORT  |                      DISABLE**  |
+---------------------------------+---------------------------------+
|        MUX_CONFIGURATION_PORTS  |                      DISABLE**  |
+---------------------------------+---------------------------------+
|                  CONFIGURATION  |                          CFG**  |
+---------------------------------+---------------------------------+
|                COMPRESS_CONFIG  |                           ON**  |
+---------------------------------+---------------------------------+
|                        MY_ASSP  |                          OFF**  |
+---------------------------------+---------------------------------+
|               ONE_TIME_PROGRAM  |                          OFF**  |
+---------------------------------+---------------------------------+
|                 ENABLE_TRANSFR  |                      DISABLE**  |
+---------------------------------+---------------------------------+
|                  SHAREDEBRINIT  |                      DISABLE**  |
+---------------------------------+---------------------------------+
|            BACKGROUND_RECONFIG  |                          OFF**  |
+---------------------------------+---------------------------------+
 *  Default setting.
 ** The specified setting matches the default setting.


Creating bit map...
 
Bitstream Status: Final           Version 1.95.
 
Saving bit stream in "ram00_ram0.jed".
 
===========
UFM Summary.
===========
UFM Size:        2046 Pages (128*2046 Bits).
UFM Utilization: General Purpose Flash Memory.
 
Available General Purpose Flash Memory: 2046 Pages (Page 0 to Page 2045).
Initialized UFM Pages:                     0 Page.
 
Total CPU Time: 4 secs 
Total REAL Time: 5 secs 
Peak Memory Usage: 290 MB
