
Copyright (C) 1994-2018 Synopsys, Inc.
This Synopsys software and all associated documentation are proprietary to Synopsys, Inc.
and may only be used pursuant to the terms and conditions of a written license agreement
with Synopsys, Inc. All other use, reproduction, modification, or distribution of the
Synopsys software or the associated documentation is strictly prohibited.
Tool: Synplify Pro (R)
Build: N-2018.03L-SP1-1
Install: D:\diamond\3.11_x64\synpbase
OS: Windows 6.2

Hostname: LAPTOP-O0G86UVC

Implementation : ram0

# Written on Wed Oct  9 18:57:57 2019

##### FILES SYNTAX CHECKED ##############################################
Constraint File(s):      (none)

#Run constraint checker to find more issues with constraints.
#########################################################################



No issues found in constraint syntax.



Clock Summary
*************

          Start                            Requested     Requested     Clock                                           Clock                   Clock
Level     Clock                            Frequency     Period        Type                                            Group                   Load 
----------------------------------------------------------------------------------------------------------------------------------------------------
0 -       osc00|osc_int_inferred_clock     2.1 MHz       480.769       inferred                                        Inferred_clkgroup_0     22   
1 .         div00|outdiv_derived_clock     2.1 MHz       480.769       derived (from osc00|osc_int_inferred_clock)     Inferred_clkgroup_0     39   
====================================================================================================================================================


Clock Load Summary
******************

                                 Clock     Source                           Clock Pin              Non-clock Pin     Non-clock Pin
Clock                            Load      Pin                              Seq Example            Seq Example       Comb Example 
----------------------------------------------------------------------------------------------------------------------------------
osc00|osc_int_inferred_clock     22        RA00.DI00.OSCInst0.OSC(OSCH)     RA00.DI01.outdiv.C     -                 -            
div00|outdiv_derived_clock       39        RA00.DI01.outdiv.Q[0](dffe)      RA05.decContWrd.C      -                 -            
==================================================================================================================================
