
           Lattice Mapping Report File for Design Module 'topram00'


Design Information
------------------

Command line:   map -a MachXO2 -p LCMXO2-7000HE -t TQFP144 -s 5 -oc Commercial
     ram00_ram0.ngd -o ram00_ram0_map.ncd -pr ram00_ram0.prf -mp ram00_ram0.mrp
     -lpf C:/Users/FAROL/Documents/ArquitecturaDeComputadoras3CM1/ram00/ram0/ram
     00_ram0_synplify.lpf -lpf
     C:/Users/FAROL/Documents/ArquitecturaDeComputadoras3CM1/ram00/ram00.lpf -c
     0 -gui -msgset
     C:/Users/FAROL/Documents/ArquitecturaDeComputadoras3CM1/ram00/promote.xml 
Target Vendor:  LATTICE
Target Device:  LCMXO2-7000HETQFP144
Target Performance:   5
Mapper:  xo2c00,  version:  Diamond (64-bit) 3.11.0.396.4
Mapped on:  10/02/19  08:45:21

Design Summary
--------------

   Number of registers:     55 out of  7209 (1%)
      PFU registers:           55 out of  6864 (1%)
      PIO registers:            0 out of   345 (0%)
   Number of SLICEs:        82 out of  3432 (2%)
      SLICEs as Logic/ROM:     70 out of  3432 (2%)
      SLICEs as RAM:           12 out of  2574 (0%)
      SLICEs as Carry:         19 out of  3432 (1%)
   Number of LUT4s:        163 out of  6864 (2%)
      Number used as logic LUTs:        101
      Number used as distributed RAM:    24
      Number used as ripple logic:       38
      Number used as shift registers:     0
   Number of PIO sites used: 38 + 4(JTAG) out of 115 (37%)
   Number of block RAMs:  0 out of 26 (0%)
   Number of GSRs:        0 out of 1 (0%)
   EFB used :        No
   JTAG used :       No
   Readback used :   No
   Oscillator used : Yes
   Startup used :    No
   POR :             On
   Bandgap :         On
   Number of Power Controller:  0 out of 1 (0%)
   Number of Dynamic Bank Controller (BCINRD):  0 out of 6 (0%)
   Number of Dynamic Bank Controller (BCLVDSO):  0 out of 1 (0%)
   Number of DCCA:  0 out of 8 (0%)
   Number of DCMA:  0 out of 2 (0%)
   Number of PLLs:  0 out of 2 (0%)
   Number of DQSDLLs:  0 out of 2 (0%)
   Number of CLKDIVC:  0 out of 4 (0%)
   Number of ECLKSYNCA:  0 out of 4 (0%)
   Number of ECLKBRIDGECS:  0 out of 2 (0%)
   Notes:-
      1. Total number of LUT4s = (Number of logic LUT4s) + 2*(Number of
     distributed RAMs) + 2*(Number of ripple logic)
      2. Number of logic LUT4s does not include count of distributed RAM and
     ripple logic.
   Number of clocks:  2
     Net clk00_c: 26 loads, 26 rising, 0 falling (Driver: RA00/D01/oscout )

                                    Page 1




Design:  topram00                                      Date:  10/02/19  08:45:21

Design Summary (cont)
---------------------
     Net RA00/sclk: 13 loads, 13 rising, 0 falling (Driver: RA00/D00/OSCinst0 )
   Number of Clock Enables:  5
     Net reset0_c: 1 loads, 1 LSLICEs
     Net N_7_i: 4 loads, 4 LSLICEs
     Net RA04/outcontWcRe: 3 loads, 3 LSLICEs
     Net RA02/un1_outFlag_0_sqmuxa_5_i: 1 loads, 1 LSLICEs
     Net RA02/wordc_0_sqmuxa_i: 4 loads, 4 LSLICEs
   Number of LSRs:  2
     Net reset0_c: 6 loads, 6 LSLICEs
     Net RA00/D01/oscout_0_sqmuxa_1_0_i_a3_0_0_RNI34BDB: 12 loads, 12 LSLICEs
   Number of nets driven by tri-state buffers:  0
   Top 10 highest fanout non-clock nets:
     Net reset0_c: 27 loads
     Net outcontR0_c[0]: 17 loads
     Net outcontR0_c[1]: 17 loads
     Net outcontR0_c[2]: 17 loads
     Net outcontR0_c[3]: 17 loads
     Net RA00/D01/oscout_0_sqmuxa_1_0_i_a3_0_0_RNI34BDB: 13 loads
     Net rw0_c: 12 loads
     Net outr0_c[0]: 11 loads
     Net outr0_c[1]: 11 loads
     Net outr0_c[3]: 11 loads




   Number of warnings:  0
   Number of errors:    0
     

Design Errors/Warnings
----------------------

   No errors or warnings present.

IO (PIO) Attributes
-------------------

+---------------------+-----------+-----------+------------+
| IO Name             | Direction | Levelmode | IO         |
|                     |           |  IO_TYPE  | Register   |
+---------------------+-----------+-----------+------------+
| clk00               | OUTPUT    | LVCMOS25  |            |
+---------------------+-----------+-----------+------------+
| cdiv00[0]           | INPUT     | LVCMOS25  |            |
+---------------------+-----------+-----------+------------+
| outFlag0            | OUTPUT    | LVCMOS25  |            |
+---------------------+-----------+-----------+------------+
| outtransist0[3]     | OUTPUT    | LVCMOS25  |            |
+---------------------+-----------+-----------+------------+
| outtransist0[2]     | OUTPUT    | LVCMOS25  |            |
+---------------------+-----------+-----------+------------+
| outtransist0[1]     | OUTPUT    | LVCMOS25  |            |
+---------------------+-----------+-----------+------------+
| outtransist0[0]     | OUTPUT    | LVCMOS25  |            |
+---------------------+-----------+-----------+------------+

                                    Page 2




Design:  topram00                                      Date:  10/02/19  08:45:21

IO (PIO) Attributes (cont)
--------------------------
| outword0[6]         | OUTPUT    | LVCMOS25  |            |
+---------------------+-----------+-----------+------------+
| outword0[5]         | OUTPUT    | LVCMOS25  |            |
+---------------------+-----------+-----------+------------+
| outword0[4]         | OUTPUT    | LVCMOS25  |            |
+---------------------+-----------+-----------+------------+
| outword0[3]         | OUTPUT    | LVCMOS25  |            |
+---------------------+-----------+-----------+------------+
| outword0[2]         | OUTPUT    | LVCMOS25  |            |
+---------------------+-----------+-----------+------------+
| outword0[1]         | OUTPUT    | LVCMOS25  |            |
+---------------------+-----------+-----------+------------+
| outword0[0]         | OUTPUT    | LVCMOS25  |            |
+---------------------+-----------+-----------+------------+
| outcontR0[4]        | OUTPUT    | LVCMOS25  |            |
+---------------------+-----------+-----------+------------+
| outcontR0[3]        | OUTPUT    | LVCMOS25  |            |
+---------------------+-----------+-----------+------------+
| outcontR0[2]        | OUTPUT    | LVCMOS25  |            |
+---------------------+-----------+-----------+------------+
| outcontR0[1]        | OUTPUT    | LVCMOS25  |            |
+---------------------+-----------+-----------+------------+
| outcontR0[0]        | OUTPUT    | LVCMOS25  |            |
+---------------------+-----------+-----------+------------+
| outcontW0[4]        | OUTPUT    | LVCMOS25  |            |
+---------------------+-----------+-----------+------------+
| outcontW0[3]        | OUTPUT    | LVCMOS25  |            |
+---------------------+-----------+-----------+------------+
| outcontW0[2]        | OUTPUT    | LVCMOS25  |            |
+---------------------+-----------+-----------+------------+
| outcontW0[1]        | OUTPUT    | LVCMOS25  |            |
+---------------------+-----------+-----------+------------+
| outcontW0[0]        | OUTPUT    | LVCMOS25  |            |
+---------------------+-----------+-----------+------------+
| outr0[3]            | OUTPUT    | LVCMOS25  |            |
+---------------------+-----------+-----------+------------+
| outr0[2]            | OUTPUT    | LVCMOS25  |            |
+---------------------+-----------+-----------+------------+
| outr0[1]            | OUTPUT    | LVCMOS25  |            |
+---------------------+-----------+-----------+------------+
| outr0[0]            | OUTPUT    | LVCMOS25  |            |
+---------------------+-----------+-----------+------------+
| rw0                 | INPUT     | LVCMOS25  |            |
+---------------------+-----------+-----------+------------+
| reset0              | INPUT     | LVCMOS25  |            |
+---------------------+-----------+-----------+------------+
| inkey0[3]           | INPUT     | LVCMOS25  |            |
+---------------------+-----------+-----------+------------+
| inkey0[2]           | INPUT     | LVCMOS25  |            |
+---------------------+-----------+-----------+------------+
| inkey0[1]           | INPUT     | LVCMOS25  |            |
+---------------------+-----------+-----------+------------+
| inkey0[0]           | INPUT     | LVCMOS25  |            |
+---------------------+-----------+-----------+------------+
| cdiv00[4]           | INPUT     | LVCMOS25  |            |
+---------------------+-----------+-----------+------------+

                                    Page 3




Design:  topram00                                      Date:  10/02/19  08:45:21

IO (PIO) Attributes (cont)
--------------------------
| cdiv00[3]           | INPUT     | LVCMOS25  |            |
+---------------------+-----------+-----------+------------+
| cdiv00[2]           | INPUT     | LVCMOS25  |            |
+---------------------+-----------+-----------+------------+
| cdiv00[1]           | INPUT     | LVCMOS25  |            |
+---------------------+-----------+-----------+------------+

Removed logic
-------------

Block RA03/GND undriven or does not drive anything - clipped.
Block GSR_INST undriven or does not drive anything - clipped.
Block RA00/D01/VCC undriven or does not drive anything - clipped.
Block RA01/VCC undriven or does not drive anything - clipped.
Block RA02/GND undriven or does not drive anything - clipped.
Block RA02/VCC undriven or does not drive anything - clipped.
Block RA03/VCC undriven or does not drive anything - clipped.
Block RA04/VCC undriven or does not drive anything - clipped.
Block RA05/GND undriven or does not drive anything - clipped.
Signal reset0_c_i was merged into signal reset0_c
Signal RA00/D00/GND undriven or does not drive anything - clipped.
Signal RA00/D01/GND undriven or does not drive anything - clipped.
Signal RA04/GND undriven or does not drive anything - clipped.
Signal RA00/D00/OSCinst0_SEDSTDBY undriven or does not drive anything - clipped.
     
Signal RA00/D01/un1_sdiv_cry_0_0_S0 undriven or does not drive anything -
     clipped.
Signal RA00/D01/N_1 undriven or does not drive anything - clipped.
Signal RA00/D01/un1_sdiv_cry_21_0_COUT undriven or does not drive anything -
     clipped.
Signal RA03/swordram_ram_0_DO3 undriven or does not drive anything - clipped.
Signal RA03/swordram_ram_2_DO3 undriven or does not drive anything - clipped.
Signal RA04/outcontWcR_cry_0_COUT[3] undriven or does not drive anything -
     clipped.
Signal RA04/un1_outcontwcr_cry_0_0_S1 undriven or does not drive anything -
     clipped.
Signal RA04/un1_outcontwcr_cry_0_0_S0 undriven or does not drive anything -
     clipped.
Signal RA04/N_2 undriven or does not drive anything - clipped.
Signal RA04/un1_outcontwcr_cry_1_0_S1 undriven or does not drive anything -
     clipped.
Signal RA04/un1_outcontwcr_cry_1_0_S0 undriven or does not drive anything -
     clipped.
Signal RA04/un1_outcontwcr_cry_3_0_S1 undriven or does not drive anything -
     clipped.
Signal RA04/un1_outcontwcr_cry_3_0_S0 undriven or does not drive anything -
     clipped.
Signal RA04/un1_outcontwcr_cry_4_0_S1 undriven or does not drive anything -
     clipped.
Signal RA04/un1_outcontwcr_cry_4_0_COUT undriven or does not drive anything -
     clipped.
Signal RA04/outcontWcR_cry_0_S0[0] undriven or does not drive anything -
     clipped.
Signal RA04/N_1 undriven or does not drive anything - clipped.
Block reset0_pad_RNI7EK5 was optimized away.
Block RA00/D00/GND was optimized away.

                                    Page 4




Design:  topram00                                      Date:  10/02/19  08:45:21

Removed logic (cont)
--------------------
Block RA00/D01/GND was optimized away.
Block RA04/GND was optimized away.

Memory Usage
------------

/RA03/swordram_ram:
    EBRs: 0
    RAM SLICEs: 3
    Logic SLICEs: 0
    PFU Registers: 0
/RA03/swordram_ram_0:
    EBRs: 0
    RAM SLICEs: 3
    Logic SLICEs: 0
    PFU Registers: 0
/RA03/swordram_ram_1:
    EBRs: 0
    RAM SLICEs: 3
    Logic SLICEs: 0
    PFU Registers: 0
/RA03/swordram_ram_2:
    EBRs: 0
    RAM SLICEs: 3
    Logic SLICEs: 0
    PFU Registers: 0

     

OSC Summary
-----------

OSC 1:                                     Pin/Node Value
  OSC Instance Name:                                RA00/D00/OSCinst0
  OSC Type:                                         OSCH
  STDBY Input:                                      NONE
  OSC Output:                              NODE     RA00/sclk
  OSC Nominal Frequency (MHz):                      2.08

ASIC Components
---------------

Instance Name: RA00/D00/OSCinst0
         Type: OSCH

Run Time and Memory Usage
-------------------------

   Total CPU Time: 0 secs  
   Total REAL Time: 0 secs  
   Peak Memory Usage: 59 MB
        





                                    Page 5


Copyright (c) 1991-1994 by NeoCAD Inc. All rights reserved.
     Copyright (c) 1995 AT&T Corp.   All rights reserved.
     Copyright (c) 1995-2001 Lucent Technologies Inc.  All rights reserved.
     Copyright (c) 2001 Agere Systems   All rights reserved.
     Copyright (c) 2002-2019 Lattice Semiconductor Corporation,  All rights
     reserved.
