
Copyright (C) 1994-2018 Synopsys, Inc.
This Synopsys software and all associated documentation are proprietary to Synopsys, Inc.
and may only be used pursuant to the terms and conditions of a written license agreement
with Synopsys, Inc. All other use, reproduction, modification, or distribution of the
Synopsys software or the associated documentation is strictly prohibited.
Tool: Synplify Pro (R)
Build: N-2018.03L-SP1-1
Install: C:\lscc\diamond\3.11_x64\synpbase
OS: Windows 6.2

Hostname: LAPTOP-OVV5D9K5

Implementation : adder8bitLib0
Synopsys HDL compiler and linker, Version comp2018q2p1, Build 461R, Built Apr  1 2019 09:17:43

Modified Files: 12
FID:  path (prevtimestamp, timestamp)
0        C:\Users\FAROL\Documents\ArquitecturaDeComputadoras3CM1\adderbitlib00\adder8bitLib00.vhdl (N/A, 2019-09-02 08:51:43)
1        C:\lscc\diamond\3.11_x64\cae_library\synthesis\vhdl\machxo2.vhd (N/A, 2018-11-15 00:32:12)
2        C:\lscc\diamond\3.11_x64\synpbase\lib\cpld\lattice.vhd (N/A, 2019-04-01 08:08:08)
3        C:\lscc\diamond\3.11_x64\synpbase\lib\vhd\arith.vhd (N/A, 2019-04-01 08:07:44)
4        C:\lscc\diamond\3.11_x64\synpbase\lib\vhd\hyperents.vhd (N/A, 2019-04-01 08:07:44)
5        C:\lscc\diamond\3.11_x64\synpbase\lib\vhd\location.map (N/A, 2019-04-01 15:01:20)
6        C:\lscc\diamond\3.11_x64\synpbase\lib\vhd\numeric.vhd (N/A, 2019-04-01 08:07:44)
7        C:\lscc\diamond\3.11_x64\synpbase\lib\vhd\snps_haps_pkg.vhd (N/A, 2019-04-01 08:07:44)
8        C:\lscc\diamond\3.11_x64\synpbase\lib\vhd\std.vhd (N/A, 2019-04-01 08:07:44)
9        C:\lscc\diamond\3.11_x64\synpbase\lib\vhd\std1164.vhd (N/A, 2019-04-01 08:07:44)
10       C:\lscc\diamond\3.11_x64\synpbase\lib\vhd\umr_capim.vhd (N/A, 2019-04-01 08:07:44)
11       C:\lscc\diamond\3.11_x64\synpbase\lib\vhd\unsigned.vhd (N/A, 2019-04-01 08:07:44)

*******************************************************************
Modules that may have changed as a result of file changes: 1
MID:  lib.cell.view
0        work.adder8bitlib00.adder8bitlib0 may have changed because the following files changed:
                        C:\Users\FAROL\Documents\ArquitecturaDeComputadoras3CM1\adderbitlib00\adder8bitLib00.vhdl (N/A, 2019-09-02 08:51:43) <-- (architecture and entity definition)

*******************************************************************
Unmodified files: 0
FID:  path (timestamp)

*******************************************************************
Unchanged modules: 0
MID:  lib.cell.view
