
          Lattice Mapping Report File for Design Module 'mult4bit00'


Design Information
------------------

Command line:   map -a MachXO2 -p LCMXO2-7000HE -t TQFP144 -s 5 -oc Commercial
     mult4bit00_mult4bit0.ngd -o mult4bit00_mult4bit0_map.ncd -pr
     mult4bit00_mult4bit0.prf -mp mult4bit00_mult4bit0.mrp -lpf C:/Users/FAROL/D
     ocuments/ArquitecturaDeComputadoras3CM1/mult4bit00/mult4bit0/mult4bit00_mul
     t4bit0_synplify.lpf -lpf C:/Users/FAROL/Documents/ArquitecturaDeComputadora
     s3CM1/mult4bit00/mult4bit00.lpf -c 0 -gui -msgset C:/Users/FAROL/Documents/
     ArquitecturaDeComputadoras3CM1/mult4bit00/promote.xml 
Target Vendor:  LATTICE
Target Device:  LCMXO2-7000HETQFP144
Target Performance:   5
Mapper:  xo2c00,  version:  Diamond (64-bit) 3.11.0.396.4
Mapped on:  08/28/19  09:31:43

Design Summary
--------------

   Number of registers:      0 out of  7209 (0%)
      PFU registers:            0 out of  6864 (0%)
      PIO registers:            0 out of   345 (0%)
   Number of SLICEs:        13 out of  3432 (0%)
      SLICEs as Logic/ROM:     13 out of  3432 (0%)
      SLICEs as RAM:            0 out of  2574 (0%)
      SLICEs as Carry:          0 out of  3432 (0%)
   Number of LUT4s:         26 out of  6864 (0%)
      Number used as logic LUTs:         26
      Number used as distributed RAM:     0
      Number used as ripple logic:        0
      Number used as shift registers:     0
   Number of PIO sites used: 16 + 4(JTAG) out of 115 (17%)
   Number of block RAMs:  0 out of 26 (0%)
   Number of GSRs:        0 out of 1 (0%)
   EFB used :        No
   JTAG used :       No
   Readback used :   No
   Oscillator used : No
   Startup used :    No
   POR :             On
   Bandgap :         On
   Number of Power Controller:  0 out of 1 (0%)
   Number of Dynamic Bank Controller (BCINRD):  0 out of 6 (0%)
   Number of Dynamic Bank Controller (BCLVDSO):  0 out of 1 (0%)
   Number of DCCA:  0 out of 8 (0%)
   Number of DCMA:  0 out of 2 (0%)
   Number of PLLs:  0 out of 2 (0%)
   Number of DQSDLLs:  0 out of 2 (0%)
   Number of CLKDIVC:  0 out of 4 (0%)
   Number of ECLKSYNCA:  0 out of 4 (0%)
   Number of ECLKBRIDGECS:  0 out of 2 (0%)
   Notes:-
      1. Total number of LUT4s = (Number of logic LUT4s) + 2*(Number of
     distributed RAMs) + 2*(Number of ripple logic)
      2. Number of logic LUT4s does not include count of distributed RAM and
     ripple logic.
   Number of clocks:  0
   Number of Clock Enables:  0

                                    Page 1




Design:  mult4bit00                                    Date:  08/28/19  09:31:43

Design Summary (cont)
---------------------
   Number of LSRs:  0
   Number of nets driven by tri-state buffers:  0
   Top 10 highest fanout non-clock nets:
     Net Ami_c[1]: 8 loads
     Net Ami_c[2]: 8 loads
     Net Bmi_c[2]: 8 loads
     Net Bmi_c[3]: 8 loads
     Net Ami_c[0]: 7 loads
     Net Bmi_c[1]: 7 loads
     Net Ami_c[3]: 6 loads
     Net Bmi_c[0]: 6 loads
     Net S2[0]: 3 loads
     Net S2[2]: 3 loads




   Number of warnings:  0
   Number of errors:    0
     

Design Errors/Warnings
----------------------

   No errors or warnings present.

IO (PIO) Attributes
-------------------

+---------------------+-----------+-----------+------------+
| IO Name             | Direction | Levelmode | IO         |
|                     |           |  IO_TYPE  | Register   |
+---------------------+-----------+-----------+------------+
| Rmi[0]              | OUTPUT    | LVCMOS25  |            |
+---------------------+-----------+-----------+------------+
| Ami[0]              | INPUT     | LVCMOS25  |            |
+---------------------+-----------+-----------+------------+
| Rmi[7]              | OUTPUT    | LVCMOS25  |            |
+---------------------+-----------+-----------+------------+
| Rmi[6]              | OUTPUT    | LVCMOS25  |            |
+---------------------+-----------+-----------+------------+
| Rmi[5]              | OUTPUT    | LVCMOS25  |            |
+---------------------+-----------+-----------+------------+
| Rmi[4]              | OUTPUT    | LVCMOS25  |            |
+---------------------+-----------+-----------+------------+
| Rmi[3]              | OUTPUT    | LVCMOS25  |            |
+---------------------+-----------+-----------+------------+
| Rmi[2]              | OUTPUT    | LVCMOS25  |            |
+---------------------+-----------+-----------+------------+
| Rmi[1]              | OUTPUT    | LVCMOS25  |            |
+---------------------+-----------+-----------+------------+
| Bmi[3]              | INPUT     | LVCMOS25  |            |
+---------------------+-----------+-----------+------------+
| Bmi[2]              | INPUT     | LVCMOS25  |            |
+---------------------+-----------+-----------+------------+
| Bmi[1]              | INPUT     | LVCMOS25  |            |

                                    Page 2




Design:  mult4bit00                                    Date:  08/28/19  09:31:43

IO (PIO) Attributes (cont)
--------------------------
+---------------------+-----------+-----------+------------+
| Bmi[0]              | INPUT     | LVCMOS25  |            |
+---------------------+-----------+-----------+------------+
| Ami[3]              | INPUT     | LVCMOS25  |            |
+---------------------+-----------+-----------+------------+
| Ami[2]              | INPUT     | LVCMOS25  |            |
+---------------------+-----------+-----------+------------+
| Ami[1]              | INPUT     | LVCMOS25  |            |
+---------------------+-----------+-----------+------------+

Removed logic
-------------

Block VCC undriven or does not drive anything - clipped.
Block GSR_INST undriven or does not drive anything - clipped.
Block GND undriven or does not drive anything - clipped.
Block MU00/GND undriven or does not drive anything - clipped.
Block MU02/GND undriven or does not drive anything - clipped.
Block MU03/GND undriven or does not drive anything - clipped.
Block MU11/F01/H00/GND undriven or does not drive anything - clipped.
Block MU17/F00/H00/GND undriven or does not drive anything - clipped.
Signal VCC undriven or does not drive anything - clipped.

     

Run Time and Memory Usage
-------------------------

   Total CPU Time: 0 secs  
   Total REAL Time: 0 secs  
   Peak Memory Usage: 57 MB
        

























                                    Page 3


Copyright (c) 1991-1994 by NeoCAD Inc. All rights reserved.
     Copyright (c) 1995 AT&T Corp.   All rights reserved.
     Copyright (c) 1995-2001 Lucent Technologies Inc.  All rights reserved.
     Copyright (c) 2001 Agere Systems   All rights reserved.
     Copyright (c) 2002-2019 Lattice Semiconductor Corporation,  All rights
     reserved.
