Running in Lattice mode

Starting:    D:\diamond\3.11_x64\synpbase\bin64\mbin\synbatch.exe
Install:     D:\diamond\3.11_x64\synpbase
Hostname:    LAPTOP-O0G86UVC
Date:        Wed Oct  9 09:10:14 2019
Version:     N-2018.03L-SP1-1

Arguments:   -product synplify_pro -batch stack00_stack0_synplify.tcl
ProductType: synplify_pro




Copied C:\Users\omarf\OneDrive\Documentos\ESCOM\Arqui\stack00\stack0\stack00_stack0.srr to C:\Users\omarf\OneDrive\Documentos\ESCOM\Arqui\stack00\stack0\backup\stack00_stack0.srr
log file: "C:\Users\omarf\OneDrive\Documentos\ESCOM\Arqui\stack00\stack0\stack00_stack0.srr"
Running: hdl_info_gen in foreground

Generating HDL info...
Copied C:\Users\omarf\OneDrive\Documentos\ESCOM\Arqui\stack00\stack0\stack00_stack0.srr to C:\Users\omarf\OneDrive\Documentos\ESCOM\Arqui\stack00\stack0\stack00_stack0.srf

hdl_info_gen completed
# Wed Oct  9 09:10:14 2019

Return Code: 0
Run Time:00h:00m:00s
log file: "C:\Users\omarf\OneDrive\Documentos\ESCOM\Arqui\stack00\stack0\stack00_stack0.srr"
Running: stack0 in foreground

Running proj_1|stack0

Running Flow: compile (Compile) on proj_1|stack0
# Wed Oct  9 09:10:14 2019

Running Flow: compile_flow (Compile Process) on proj_1|stack0
# Wed Oct  9 09:10:14 2019

Running: compiler (Compile Input) on proj_1|stack0
# Wed Oct  9 09:10:14 2019
Copied C:\Users\omarf\OneDrive\Documentos\ESCOM\Arqui\stack00\stack0\synwork\stack00_stack0_comp.srs to C:\Users\omarf\OneDrive\Documentos\ESCOM\Arqui\stack00\stack0\stack00_stack0.srs

compiler completed
# Wed Oct  9 09:10:16 2019

Return Code: 0
Run Time:00h:00m:02s

Running: multi_srs_gen (Multi-srs Generator) on proj_1|stack0
# Wed Oct  9 09:10:16 2019

multi_srs_gen completed
# Wed Oct  9 09:10:16 2019

Return Code: 0
Run Time:00h:00m:00s
Copied C:\Users\omarf\OneDrive\Documentos\ESCOM\Arqui\stack00\stack0\synwork\stack00_stack0_mult.srs to C:\Users\omarf\OneDrive\Documentos\ESCOM\Arqui\stack00\stack0\stack00_stack0.srs
Copied C:\Users\omarf\OneDrive\Documentos\ESCOM\Arqui\stack00\stack0\stack00_stack0.srr to C:\Users\omarf\OneDrive\Documentos\ESCOM\Arqui\stack00\stack0\stack00_stack0.srf
Complete: Compile Process on proj_1|stack0

Running: premap (Premap) on proj_1|stack0
# Wed Oct  9 09:10:16 2019

premap completed with warnings
# Wed Oct  9 09:10:17 2019

Return Code: 1
Run Time:00h:00m:01s
Complete: Compile on proj_1|stack0

Running Flow: map (Map) on proj_1|stack0
# Wed Oct  9 09:10:17 2019
License granted for 4 parallel jobs

Running: fpga_mapper (Map & Optimize) on proj_1|stack0
# Wed Oct  9 09:10:17 2019
Copied C:\Users\omarf\OneDrive\Documentos\ESCOM\Arqui\stack00\stack0\synwork\stack00_stack0_m.srm to C:\Users\omarf\OneDrive\Documentos\ESCOM\Arqui\stack00\stack0\stack00_stack0.srm

fpga_mapper completed with warnings
# Wed Oct  9 09:10:19 2019

Return Code: 1
Run Time:00h:00m:02s
Complete: Map on proj_1|stack0
Copied C:\Users\omarf\OneDrive\Documentos\ESCOM\Arqui\stack00\stack0\stack00_stack0.srr to C:\Users\omarf\OneDrive\Documentos\ESCOM\Arqui\stack00\stack0\stack00_stack0.srf
Complete: Logic Synthesis on proj_1|stack0
TCL script complete: "stack00_stack0_synplify.tcl"
exit status=0
exit status=0
Save changes for project:
C:\Users\omarf\OneDrive\Documentos\ESCOM\Arqui\stack00\stack0\proj_1.prj
batch mode default:no
