
Copyright (C) 1994-2018 Synopsys, Inc.
This Synopsys software and all associated documentation are proprietary to Synopsys, Inc.
and may only be used pursuant to the terms and conditions of a written license agreement
with Synopsys, Inc. All other use, reproduction, modification, or distribution of the
Synopsys software or the associated documentation is strictly prohibited.
Tool: Synplify Pro (R)
Build: N-2018.03L-SP1-1
Install: C:\lscc\diamond\3.11_x64\synpbase
OS: Windows 6.2

Hostname: LAPTOP-OVV5D9K5

Implementation : mult8bit0
Synopsys HDL compiler and linker, Version comp2018q2p1, Build 461R, Built Apr  1 2019 09:17:43

Modified Files: 20
FID:  path (prevtimestamp, timestamp)
0        C:\Users\FAROL\Documents\ArquitecturaDeComputadoras3CM1\mult8bit00\and00.vhdl (N/A, 2019-08-30 18:55:20)
1        C:\Users\FAROL\Documents\ArquitecturaDeComputadoras3CM1\mult8bit00\fa00.vhdl (N/A, 2019-08-30 19:09:21)
2        C:\Users\FAROL\Documents\ArquitecturaDeComputadoras3CM1\mult8bit00\ha00.vhdl (N/A, 2019-08-30 18:53:08)
3        C:\Users\FAROL\Documents\ArquitecturaDeComputadoras3CM1\mult8bit00\mult8bit00.vhdl (N/A, 2019-08-30 23:38:08)
4        C:\Users\FAROL\Documents\ArquitecturaDeComputadoras3CM1\mult8bit00\or00.vhdl (N/A, 2019-08-30 18:57:42)
5        C:\Users\FAROL\Documents\ArquitecturaDeComputadoras3CM1\mult8bit00\packagefa00.vhdl (N/A, 2019-08-30 19:00:11)
6        C:\Users\FAROL\Documents\ArquitecturaDeComputadoras3CM1\mult8bit00\packageha00.vhdl (N/A, 2019-08-30 18:46:35)
7        C:\Users\FAROL\Documents\ArquitecturaDeComputadoras3CM1\mult8bit00\packagemult8bit00.vhdl (N/A, 2019-08-30 19:13:58)
8        C:\Users\FAROL\Documents\ArquitecturaDeComputadoras3CM1\mult8bit00\xor00.vhdl (N/A, 2019-08-30 18:40:00)
9        C:\lscc\diamond\3.11_x64\cae_library\synthesis\vhdl\machxo2.vhd (N/A, 2018-11-15 00:32:12)
10       C:\lscc\diamond\3.11_x64\synpbase\lib\cpld\lattice.vhd (N/A, 2019-04-01 08:08:08)
11       C:\lscc\diamond\3.11_x64\synpbase\lib\vhd\arith.vhd (N/A, 2019-04-01 08:07:44)
12       C:\lscc\diamond\3.11_x64\synpbase\lib\vhd\hyperents.vhd (N/A, 2019-04-01 08:07:44)
13       C:\lscc\diamond\3.11_x64\synpbase\lib\vhd\location.map (N/A, 2019-04-01 15:01:20)
14       C:\lscc\diamond\3.11_x64\synpbase\lib\vhd\numeric.vhd (N/A, 2019-04-01 08:07:44)
15       C:\lscc\diamond\3.11_x64\synpbase\lib\vhd\snps_haps_pkg.vhd (N/A, 2019-04-01 08:07:44)
16       C:\lscc\diamond\3.11_x64\synpbase\lib\vhd\std.vhd (N/A, 2019-04-01 08:07:44)
17       C:\lscc\diamond\3.11_x64\synpbase\lib\vhd\std1164.vhd (N/A, 2019-04-01 08:07:44)
18       C:\lscc\diamond\3.11_x64\synpbase\lib\vhd\umr_capim.vhd (N/A, 2019-04-01 08:07:44)
19       C:\lscc\diamond\3.11_x64\synpbase\lib\vhd\unsigned.vhd (N/A, 2019-04-01 08:07:44)

*******************************************************************
Modules that may have changed as a result of file changes: 6
MID:  lib.cell.view
0        work.and00.and0 may have changed because the following files changed:
                        C:\Users\FAROL\Documents\ArquitecturaDeComputadoras3CM1\mult8bit00\and00.vhdl (N/A, 2019-08-30 18:55:20) <-- (architecture and entity definition)
                        C:\Users\FAROL\Documents\ArquitecturaDeComputadoras3CM1\mult8bit00\fa00.vhdl (N/A, 2019-08-30 19:09:21) <-- (may instantiate this module)
                        C:\Users\FAROL\Documents\ArquitecturaDeComputadoras3CM1\mult8bit00\ha00.vhdl (N/A, 2019-08-30 18:53:08) <-- (may instantiate this module)
                        C:\Users\FAROL\Documents\ArquitecturaDeComputadoras3CM1\mult8bit00\mult8bit00.vhdl (N/A, 2019-08-30 23:38:08) <-- (may instantiate this module)
2        work.fa00.fa0 may have changed because the following files changed:
                        C:\Users\FAROL\Documents\ArquitecturaDeComputadoras3CM1\mult8bit00\fa00.vhdl (N/A, 2019-08-30 19:09:21) <-- (architecture and entity definition)
                        C:\Users\FAROL\Documents\ArquitecturaDeComputadoras3CM1\mult8bit00\mult8bit00.vhdl (N/A, 2019-08-30 23:38:08) <-- (may instantiate this module)
4        work.ha00.ha0 may have changed because the following files changed:
                        C:\Users\FAROL\Documents\ArquitecturaDeComputadoras3CM1\mult8bit00\fa00.vhdl (N/A, 2019-08-30 19:09:21) <-- (may instantiate this module)
                        C:\Users\FAROL\Documents\ArquitecturaDeComputadoras3CM1\mult8bit00\ha00.vhdl (N/A, 2019-08-30 18:53:08) <-- (architecture and entity definition)
                        C:\Users\FAROL\Documents\ArquitecturaDeComputadoras3CM1\mult8bit00\mult8bit00.vhdl (N/A, 2019-08-30 23:38:08) <-- (may instantiate this module)
6        work.mult8bit00.mult8bit0 may have changed because the following files changed:
                        C:\Users\FAROL\Documents\ArquitecturaDeComputadoras3CM1\mult8bit00\mult8bit00.vhdl (N/A, 2019-08-30 23:38:08) <-- (architecture and entity definition)
8        work.or00.or0 may have changed because the following files changed:
                        C:\Users\FAROL\Documents\ArquitecturaDeComputadoras3CM1\mult8bit00\fa00.vhdl (N/A, 2019-08-30 19:09:21) <-- (may instantiate this module)
                        C:\Users\FAROL\Documents\ArquitecturaDeComputadoras3CM1\mult8bit00\mult8bit00.vhdl (N/A, 2019-08-30 23:38:08) <-- (may instantiate this module)
                        C:\Users\FAROL\Documents\ArquitecturaDeComputadoras3CM1\mult8bit00\or00.vhdl (N/A, 2019-08-30 18:57:42) <-- (architecture and entity definition)
11       work.xor00.xor0 may have changed because the following files changed:
                        C:\Users\FAROL\Documents\ArquitecturaDeComputadoras3CM1\mult8bit00\fa00.vhdl (N/A, 2019-08-30 19:09:21) <-- (may instantiate this module)
                        C:\Users\FAROL\Documents\ArquitecturaDeComputadoras3CM1\mult8bit00\ha00.vhdl (N/A, 2019-08-30 18:53:08) <-- (may instantiate this module)
                        C:\Users\FAROL\Documents\ArquitecturaDeComputadoras3CM1\mult8bit00\mult8bit00.vhdl (N/A, 2019-08-30 23:38:08) <-- (may instantiate this module)
                        C:\Users\FAROL\Documents\ArquitecturaDeComputadoras3CM1\mult8bit00\xor00.vhdl (N/A, 2019-08-30 18:40:00) <-- (architecture and entity definition)

*******************************************************************
Unmodified files: 0
FID:  path (timestamp)

*******************************************************************
Unchanged modules: 0
MID:  lib.cell.view
