C:\lscc\diamond\3.11_x64\synpbase\bin64\c_hdl.exe  -osyn  C:\Users\FAROL\Documents\ArquitecturaDeComputadoras3CM1\lcd03\lcd3\synwork\lcd03_lcd3_comp.srs  -top  topram00  -hdllog  C:\Users\FAROL\Documents\ArquitecturaDeComputadoras3CM1\lcd03\lcd3\synlog\lcd03_lcd3_compiler.srr  -encrypt  -mp  4  -verification_mode 0  -vhdl  -prodtype  synplify_pro  -dspmac -fixsmult -infer_seqShift -nram -sdff_counter -divnmod -nostructver  -encrypt  -pro  -dmgen  C:\Users\FAROL\Documents\ArquitecturaDeComputadoras3CM1\lcd03\lcd3\dm  -lite -ui -fid2 -ram -sharing on -ll 2000 -autosm  -ignore_undefined_lib  -lib work C:\lscc\diamond\3.11_x64\cae_library\synthesis\vhdl\machxo2.vhd -lib work C:\Users\FAROL\Documents\ArquitecturaDeComputadoras3CM1\div00VHDL\div00.vhdl -lib work C:\Users\FAROL\Documents\ArquitecturaDeComputadoras3CM1\div00VHDL\osc00.vhd -lib work C:\Users\FAROL\Documents\ArquitecturaDeComputadoras3CM1\div00VHDL\packagediv00.vhdl -lib work C:\Users\FAROL\Documents\ArquitecturaDeComputadoras3CM1\lcd03\coderk00.vhdl -lib work C:\Users\FAROL\Documents\ArquitecturaDeComputadoras3CM1\lcd03\contRead00.vhdl -lib work C:\Users\FAROL\Documents\ArquitecturaDeComputadoras3CM1\lcd03\contring00.vhdl -lib work C:\Users\FAROL\Documents\ArquitecturaDeComputadoras3CM1\lcd03\packagekey00.vhdl -lib work C:\Users\FAROL\Documents\ArquitecturaDeComputadoras3CM1\lcd03\ram00.vhdl -lib work C:\Users\FAROL\Documents\ArquitecturaDeComputadoras3CM1\lcd03\lcdconfig00.vhdl -lib work C:\Users\FAROL\Documents\ArquitecturaDeComputadoras3CM1\lcd03\lcdcontconfig00.vhdl -lib work C:\Users\FAROL\Documents\ArquitecturaDeComputadoras3CM1\lcd03\lcdContData00.vhdl -lib work C:\Users\FAROL\Documents\ArquitecturaDeComputadoras3CM1\lcd03\lcdData00.vhdl -lib work C:\Users\FAROL\Documents\ArquitecturaDeComputadoras3CM1\lcd03\lcdmux00.vhdl -lib work C:\Users\FAROL\Documents\ArquitecturaDeComputadoras3CM1\lcd03\packagelcd00.vhdl -lib work C:\Users\FAROL\Documents\ArquitecturaDeComputadoras3CM1\lcd03\muxram00.vhdl -lib work C:\Users\FAROL\Documents\ArquitecturaDeComputadoras3CM1\lcd03\packageram00.vhdl -lib work C:\Users\FAROL\Documents\ArquitecturaDeComputadoras3CM1\div00VHDL\topdiv00.vhdl -lib work C:\Users\FAROL\Documents\ArquitecturaDeComputadoras3CM1\lcd03\topkey00.vhdl -lib work C:\Users\FAROL\Documents\ArquitecturaDeComputadoras3CM1\lcd03\toplcd00.vhdl -lib work C:\Users\FAROL\Documents\ArquitecturaDeComputadoras3CM1\lcd03\topram00.vhdl  -jobname  "compiler" 
relcom:..\..\..\..\..\..\..\lscc\diamond\3.11_x64\synpbase\bin64\c_hdl.exe -osyn ..\synwork\lcd03_lcd3_comp.srs -top topram00 -hdllog ..\synlog\lcd03_lcd3_compiler.srr -encrypt -mp 4 -verification_mode 0 -vhdl -prodtype synplify_pro -dspmac -fixsmult -infer_seqShift -nram -sdff_counter -divnmod -nostructver -encrypt -pro -dmgen ..\dm -lite -ui -fid2 -ram -sharing on -ll 2000 -autosm -ignore_undefined_lib -lib work ..\..\..\..\..\..\..\lscc\diamond\3.11_x64\cae_library\synthesis\vhdl\machxo2.vhd -lib work ..\..\..\div00VHDL\div00.vhdl -lib work ..\..\..\div00VHDL\osc00.vhd -lib work ..\..\..\div00VHDL\packagediv00.vhdl -lib work ..\..\coderk00.vhdl -lib work ..\..\contRead00.vhdl -lib work ..\..\contring00.vhdl -lib work ..\..\packagekey00.vhdl -lib work ..\..\ram00.vhdl -lib work ..\..\lcdconfig00.vhdl -lib work ..\..\lcdcontconfig00.vhdl -lib work ..\..\lcdContData00.vhdl -lib work ..\..\lcdData00.vhdl -lib work ..\..\lcdmux00.vhdl -lib work ..\..\packagelcd00.vhdl -lib work ..\..\muxram00.vhdl -lib work ..\..\packageram00.vhdl -lib work ..\..\..\div00VHDL\topdiv00.vhdl -lib work ..\..\topkey00.vhdl -lib work ..\..\toplcd00.vhdl -lib work ..\..\topram00.vhdl -jobname "compiler"
rc:0 success:1 runtime:2
file:..\synwork\lcd03_lcd3_comp.srs|io:o|time:1571617134|size:23467|exec:0|csum:
file:..\synlog\lcd03_lcd3_compiler.srr|io:o|time:1571617134|size:11958|exec:0|csum:
file:..\..\..\..\..\..\..\lscc\diamond\3.11_x64\cae_library\synthesis\vhdl\machxo2.vhd|io:i|time:1542263532|size:73964|exec:0|csum:CFF92E93E4FE354031DBB4E0E47DD4A6
file:..\..\..\div00VHDL\div00.vhdl|io:i|time:1567434920|size:2406|exec:0|csum:6D96C1327C2B728D2CA8405454183B97
file:..\..\..\div00VHDL\osc00.vhd|io:i|time:1567089016|size:488|exec:0|csum:E103428FFE1B0EE8A6A8BABB81BA5BB0
file:..\..\..\div00VHDL\packagediv00.vhdl|io:i|time:1567435043|size:313|exec:0|csum:82FF7F4845E9C0BA61B6094A919C3C9D
file:..\..\coderk00.vhdl|io:i|time:1571612178|size:4118|exec:0|csum:CAE80B052522D9FA4E7B5E8F6FFFCE3B
file:..\..\contRead00.vhdl|io:i|time:1571612249|size:803|exec:0|csum:7550BCE8E79DE3F26159D434DA770949
file:..\..\contring00.vhdl|io:i|time:1571612274|size:687|exec:0|csum:434E063E6AC33B7F6AB7E8EAEF23440F
file:..\..\packagekey00.vhdl|io:i|time:1571612321|size:582|exec:0|csum:2B93DBC1AD203626372BCEDA445A666C
file:..\..\ram00.vhdl|io:i|time:1571612402|size:1009|exec:0|csum:BB230C4A99F54389DC14007D4793B90D
file:..\..\lcdconfig00.vhdl|io:i|time:1571612450|size:3451|exec:0|csum:111BFAF3ABB5DE60607CE77B2BA9D6D7
file:..\..\lcdcontconfig00.vhdl|io:i|time:1571612483|size:956|exec:0|csum:9DBDFCE9CF9E8C2C5EE0139071A6DA30
file:..\..\lcdContData00.vhdl|io:i|time:1571612520|size:1369|exec:0|csum:65BC2AF3C9CBCC0ADAFE7BB9A58B9384
file:..\..\lcdData00.vhdl|io:i|time:1571612553|size:1196|exec:0|csum:E2CA669D53F2DF3DD0F60EF168559B7A
file:..\..\lcdmux00.vhdl|io:i|time:1571612578|size:1222|exec:0|csum:B79898F1BDBE067C1CA9CBBFCAC4A987
file:..\..\packagelcd00.vhdl|io:i|time:1571612634|size:1976|exec:0|csum:069E900689CCABF166BC8D631F6C0096
file:..\..\muxram00.vhdl|io:i|time:1571616957|size:798|exec:0|csum:71747112BC873D9D7E1DE3DAA7DD45BC
file:..\..\packageram00.vhdl|io:i|time:1571617042|size:1907|exec:0|csum:1D20DCF16DCDEBD6D914B21A40E0FAD0
file:..\..\..\div00VHDL\topdiv00.vhdl|io:i|time:1567435587|size:415|exec:0|csum:CB4E204E81C5B34526E3593EA65F8162
file:..\..\topkey00.vhdl|io:i|time:1571612347|size:760|exec:0|csum:6EC80C9C9202E7F118305234BE0D0887
file:..\..\toplcd00.vhdl|io:i|time:1571612660|size:2661|exec:0|csum:82DDFDA47F867FA914D014CE06FE5EDA
file:..\..\topram00.vhdl|io:i|time:1571617119|size:2370|exec:0|csum:AA241792F3C635666A5AB8582E25A145
file:..\..\..\..\..\..\..\lscc\diamond\3.11_x64\synpbase\bin64\c_hdl.exe|io:i|time:1554128294|size:5681664|exec:1|csum:39598EA786684F7CB53832C08B4CCDF5
