
           Lattice Mapping Report File for Design Module 'toprom00'


Design Information
------------------

Command line:   map -a MachXO2 -p LCMXO2-7000HE -t TQFP144 -s 5 -oc Commercial
     rom00_rom0.ngd -o rom00_rom0_map.ncd -pr rom00_rom0.prf -mp rom00_rom0.mrp
     -lpf C:/Users/FAROL/Documents/ArquitecturaDeComputadoras3CM1/rom00/rom0/rom
     00_rom0_synplify.lpf -lpf
     C:/Users/FAROL/Documents/ArquitecturaDeComputadoras3CM1/rom00/rom00.lpf -c
     0 -gui -msgset
     C:/Users/FAROL/Documents/ArquitecturaDeComputadoras3CM1/rom00/promote.xml 
Target Vendor:  LATTICE
Target Device:  LCMXO2-7000HETQFP144
Target Performance:   5
Mapper:  xo2c00,  version:  Diamond (64-bit) 3.11.0.396.4
Mapped on:  10/07/19  09:19:26

Design Summary
--------------

   Number of registers:     35 out of  7209 (0%)
      PFU registers:           28 out of  6864 (0%)
      PIO registers:            7 out of   345 (2%)
   Number of SLICEs:        45 out of  3432 (1%)
      SLICEs as Logic/ROM:     45 out of  3432 (1%)
      SLICEs as RAM:            0 out of  2574 (0%)
      SLICEs as Carry:         12 out of  3432 (0%)
   Number of LUT4s:         89 out of  6864 (1%)
      Number used as logic LUTs:         65
      Number used as distributed RAM:     0
      Number used as ripple logic:       24
      Number used as shift registers:     0
   Number of PIO sites used: 23 + 4(JTAG) out of 115 (23%)
   Number of block RAMs:  0 out of 26 (0%)
   Number of GSRs:        0 out of 1 (0%)
   EFB used :        No
   JTAG used :       No
   Readback used :   No
   Oscillator used : Yes
   Startup used :    No
   POR :             On
   Bandgap :         On
   Number of Power Controller:  0 out of 1 (0%)
   Number of Dynamic Bank Controller (BCINRD):  0 out of 6 (0%)
   Number of Dynamic Bank Controller (BCLVDSO):  0 out of 1 (0%)
   Number of DCCA:  0 out of 8 (0%)
   Number of DCMA:  0 out of 2 (0%)
   Number of PLLs:  0 out of 2 (0%)
   Number of DQSDLLs:  0 out of 2 (0%)
   Number of CLKDIVC:  0 out of 4 (0%)
   Number of ECLKSYNCA:  0 out of 4 (0%)
   Number of ECLKBRIDGECS:  0 out of 2 (0%)
   Notes:-
      1. Total number of LUT4s = (Number of logic LUT4s) + 2*(Number of
     distributed RAMs) + 2*(Number of ripple logic)
      2. Number of logic LUT4s does not include count of distributed RAM and
     ripple logic.
   Number of clocks:  2
     Net clk00_c: 9 loads, 9 rising, 0 falling (Driver: R00/D01/oscout )

                                    Page 1




Design:  toprom00                                      Date:  10/07/19  09:19:26

Design Summary (cont)
---------------------
     Net R00/sclk: 13 loads, 13 rising, 0 falling (Driver: R00/D00/OSCinst0 )
   Number of Clock Enables:  0
   Number of LSRs:  2
     Net reset00_c: 9 loads, 2 LSLICEs
     Net R00/D01/un1_sdiv77_7_i_0_0_RNIVB952: 12 loads, 12 LSLICEs
   Number of nets driven by tri-state buffers:  0
   Top 10 highest fanout non-clock nets:
     Net outcont00_c[1]: 12 loads
     Net outcont00_c[3]: 12 loads
     Net R00/D01/un1_sdiv77_7_i_0_0_RNIVB952: 12 loads
     Net outcont00_c[0]: 11 loads
     Net outcont00_c[2]: 11 loads
     Net cdiv00_c[0]: 10 loads
     Net reset00_c: 9 loads
     Net R00/D01/sdiv[17]: 8 loads
     Net cdiv00_c[3]: 7 loads
     Net R00/D01/sdiv[15]: 7 loads




   Number of warnings:  0
   Number of errors:    0
     

Design Errors/Warnings
----------------------

   No errors or warnings present.

IO (PIO) Attributes
-------------------

+---------------------+-----------+-----------+------------+
| IO Name             | Direction | Levelmode | IO         |
|                     |           |  IO_TYPE  | Register   |
+---------------------+-----------+-----------+------------+
| clk00               | OUTPUT    | LVCMOS25  |            |
+---------------------+-----------+-----------+------------+
| reset00             | INPUT     | LVCMOS25  |            |
+---------------------+-----------+-----------+------------+
| word00[6]           | OUTPUT    | LVCMOS25  | OUT        |
+---------------------+-----------+-----------+------------+
| word00[5]           | OUTPUT    | LVCMOS25  | OUT        |
+---------------------+-----------+-----------+------------+
| word00[4]           | OUTPUT    | LVCMOS25  | OUT        |
+---------------------+-----------+-----------+------------+
| word00[3]           | OUTPUT    | LVCMOS25  | OUT        |
+---------------------+-----------+-----------+------------+
| word00[2]           | OUTPUT    | LVCMOS25  | OUT        |
+---------------------+-----------+-----------+------------+
| word00[1]           | OUTPUT    | LVCMOS25  | OUT        |
+---------------------+-----------+-----------+------------+
| word00[0]           | OUTPUT    | LVCMOS25  | OUT        |
+---------------------+-----------+-----------+------------+
| trans[3]            | OUTPUT    | LVCMOS25  |            |

                                    Page 2




Design:  toprom00                                      Date:  10/07/19  09:19:26

IO (PIO) Attributes (cont)
--------------------------
+---------------------+-----------+-----------+------------+
| trans[2]            | OUTPUT    | LVCMOS25  |            |
+---------------------+-----------+-----------+------------+
| trans[1]            | OUTPUT    | LVCMOS25  |            |
+---------------------+-----------+-----------+------------+
| trans[0]            | OUTPUT    | LVCMOS25  |            |
+---------------------+-----------+-----------+------------+
| outcont00[4]        | OUTPUT    | LVCMOS25  |            |
+---------------------+-----------+-----------+------------+
| outcont00[3]        | OUTPUT    | LVCMOS25  |            |
+---------------------+-----------+-----------+------------+
| outcont00[2]        | OUTPUT    | LVCMOS25  |            |
+---------------------+-----------+-----------+------------+
| outcont00[1]        | OUTPUT    | LVCMOS25  |            |
+---------------------+-----------+-----------+------------+
| outcont00[0]        | OUTPUT    | LVCMOS25  |            |
+---------------------+-----------+-----------+------------+
| cdiv00[4]           | INPUT     | LVCMOS25  |            |
+---------------------+-----------+-----------+------------+
| cdiv00[3]           | INPUT     | LVCMOS25  |            |
+---------------------+-----------+-----------+------------+
| cdiv00[2]           | INPUT     | LVCMOS25  |            |
+---------------------+-----------+-----------+------------+
| cdiv00[1]           | INPUT     | LVCMOS25  |            |
+---------------------+-----------+-----------+------------+
| cdiv00[0]           | INPUT     | LVCMOS25  |            |
+---------------------+-----------+-----------+------------+

Removed logic
-------------

Block GSR_INST undriven or does not drive anything - clipped.
Block R00/D01/VCC undriven or does not drive anything - clipped.
Block R01/GND undriven or does not drive anything - clipped.
Block R01/VCC undriven or does not drive anything - clipped.
Block R02/GND undriven or does not drive anything - clipped.
Signal reset00_c_i was merged into signal reset00_c
Signal R00/D00/GND undriven or does not drive anything - clipped.
Signal R00/D01/GND undriven or does not drive anything - clipped.
Signal R00/D00/OSCinst0_SEDSTDBY undriven or does not drive anything - clipped.
Signal R00/D01/un1_sdiv_cry_21_0_COUT undriven or does not drive anything -
     clipped.
Signal R00/D01/un1_sdiv_cry_0_0_S0 undriven or does not drive anything -
     clipped.
Signal R00/D01/N_2 undriven or does not drive anything - clipped.
Block reset00_c_i was optimized away.
Block R00/D00/GND was optimized away.
Block R00/D01/GND was optimized away.

     

OSC Summary
-----------

OSC 1:                                     Pin/Node Value
  OSC Instance Name:                                R00/D00/OSCinst0

                                    Page 3




Design:  toprom00                                      Date:  10/07/19  09:19:26

OSC Summary (cont)
------------------
  OSC Type:                                         OSCH
  STDBY Input:                                      NONE
  OSC Output:                              NODE     R00/sclk
  OSC Nominal Frequency (MHz):                      2.08

ASIC Components
---------------

Instance Name: R00/D00/OSCinst0
         Type: OSCH

Run Time and Memory Usage
-------------------------

   Total CPU Time: 0 secs  
   Total REAL Time: 0 secs  
   Peak Memory Usage: 58 MB
        







































                                    Page 4


Copyright (c) 1991-1994 by NeoCAD Inc. All rights reserved.
     Copyright (c) 1995 AT&T Corp.   All rights reserved.
     Copyright (c) 1995-2001 Lucent Technologies Inc.  All rights reserved.
     Copyright (c) 2001 Agere Systems   All rights reserved.
     Copyright (c) 2002-2019 Lattice Semiconductor Corporation,  All rights
     reserved.
