
Copyright (C) 1994-2018 Synopsys, Inc.
This Synopsys software and all associated documentation are proprietary to Synopsys, Inc.
and may only be used pursuant to the terms and conditions of a written license agreement
with Synopsys, Inc. All other use, reproduction, modification, or distribution of the
Synopsys software or the associated documentation is strictly prohibited.
Tool: Synplify Pro (R)
Build: N-2018.03L-SP1-1
Install: C:\lscc\diamond\3.11_x64\synpbase
OS: Windows 6.2

Hostname: LAPTOP-OVV5D9K5

Implementation : adder4bit0
Synopsys HDL compiler and linker, Version comp2018q2p1, Build 461R, Built Apr  1 2019 09:17:43

Modified Files: 21
FID:  path (prevtimestamp, timestamp)
0        C:\Users\FAROL\Documents\ArquitecturaDeComputadoras3CM1\adder4bit00\and00.vhd (N/A, 2019-08-21 16:02:56)
1        C:\Users\FAROL\Documents\ArquitecturaDeComputadoras3CM1\adder4bit00\fa00.vhd (N/A, 2019-08-21 16:28:48)
2        C:\Users\FAROL\Documents\ArquitecturaDeComputadoras3CM1\adder4bit00\ha00.vhd (N/A, 2019-08-21 16:17:10)
3        C:\Users\FAROL\Documents\ArquitecturaDeComputadoras3CM1\adder4bit00\or00.vhd (N/A, 2019-08-21 16:02:43)
4        C:\Users\FAROL\Documents\ArquitecturaDeComputadoras3CM1\adder4bit00\packageadder4bit00.vhd (N/A, 2019-08-21 16:30:05)
5        C:\Users\FAROL\Documents\ArquitecturaDeComputadoras3CM1\adder4bit00\packagefa00.vhd (N/A, 2019-08-21 16:22:29)
6        C:\Users\FAROL\Documents\ArquitecturaDeComputadoras3CM1\adder4bit00\packageha00.vhd (N/A, 2019-08-21 16:16:47)
7        C:\Users\FAROL\Documents\ArquitecturaDeComputadoras3CM1\adder4bit00\topadder4bit00.vhd (N/A, 2019-08-21 16:30:48)
8        C:\Users\FAROL\Documents\ArquitecturaDeComputadoras3CM1\adder4bit00\xnor00.vhd (N/A, 2019-08-21 16:08:07)
9        C:\Users\FAROL\Documents\ArquitecturaDeComputadoras3CM1\adder4bit00\xor00.vhd (N/A, 2019-08-21 16:06:12)
10       C:\lscc\diamond\3.11_x64\cae_library\synthesis\vhdl\machxo2.vhd (N/A, 2018-11-15 00:32:12)
11       C:\lscc\diamond\3.11_x64\synpbase\lib\cpld\lattice.vhd (N/A, 2019-04-01 08:08:08)
12       C:\lscc\diamond\3.11_x64\synpbase\lib\vhd\arith.vhd (N/A, 2019-04-01 08:07:44)
13       C:\lscc\diamond\3.11_x64\synpbase\lib\vhd\hyperents.vhd (N/A, 2019-04-01 08:07:44)
14       C:\lscc\diamond\3.11_x64\synpbase\lib\vhd\location.map (N/A, 2019-04-01 15:01:20)
15       C:\lscc\diamond\3.11_x64\synpbase\lib\vhd\numeric.vhd (N/A, 2019-04-01 08:07:44)
16       C:\lscc\diamond\3.11_x64\synpbase\lib\vhd\snps_haps_pkg.vhd (N/A, 2019-04-01 08:07:44)
17       C:\lscc\diamond\3.11_x64\synpbase\lib\vhd\std.vhd (N/A, 2019-04-01 08:07:44)
18       C:\lscc\diamond\3.11_x64\synpbase\lib\vhd\std1164.vhd (N/A, 2019-04-01 08:07:44)
19       C:\lscc\diamond\3.11_x64\synpbase\lib\vhd\umr_capim.vhd (N/A, 2019-04-01 08:07:44)
20       C:\lscc\diamond\3.11_x64\synpbase\lib\vhd\unsigned.vhd (N/A, 2019-04-01 08:07:44)

*******************************************************************
Modules that may have changed as a result of file changes: 7
MID:  lib.cell.view
0        work.and00.and0 may have changed because the following files changed:
                        C:\Users\FAROL\Documents\ArquitecturaDeComputadoras3CM1\adder4bit00\and00.vhd (N/A, 2019-08-21 16:02:56) <-- (architecture and entity definition)
                        C:\Users\FAROL\Documents\ArquitecturaDeComputadoras3CM1\adder4bit00\fa00.vhd (N/A, 2019-08-21 16:28:48) <-- (may instantiate this module)
                        C:\Users\FAROL\Documents\ArquitecturaDeComputadoras3CM1\adder4bit00\ha00.vhd (N/A, 2019-08-21 16:17:10) <-- (may instantiate this module)
                        C:\Users\FAROL\Documents\ArquitecturaDeComputadoras3CM1\adder4bit00\topadder4bit00.vhd (N/A, 2019-08-21 16:30:48) <-- (may instantiate this module)
2        work.fa00.fa0 may have changed because the following files changed:
                        C:\Users\FAROL\Documents\ArquitecturaDeComputadoras3CM1\adder4bit00\fa00.vhd (N/A, 2019-08-21 16:28:48) <-- (architecture and entity definition)
                        C:\Users\FAROL\Documents\ArquitecturaDeComputadoras3CM1\adder4bit00\topadder4bit00.vhd (N/A, 2019-08-21 16:30:48) <-- (may instantiate this module)
4        work.ha00.ha0 may have changed because the following files changed:
                        C:\Users\FAROL\Documents\ArquitecturaDeComputadoras3CM1\adder4bit00\fa00.vhd (N/A, 2019-08-21 16:28:48) <-- (may instantiate this module)
                        C:\Users\FAROL\Documents\ArquitecturaDeComputadoras3CM1\adder4bit00\ha00.vhd (N/A, 2019-08-21 16:17:10) <-- (architecture and entity definition)
                        C:\Users\FAROL\Documents\ArquitecturaDeComputadoras3CM1\adder4bit00\topadder4bit00.vhd (N/A, 2019-08-21 16:30:48) <-- (may instantiate this module)
6        work.or00.or0 may have changed because the following files changed:
                        C:\Users\FAROL\Documents\ArquitecturaDeComputadoras3CM1\adder4bit00\fa00.vhd (N/A, 2019-08-21 16:28:48) <-- (may instantiate this module)
                        C:\Users\FAROL\Documents\ArquitecturaDeComputadoras3CM1\adder4bit00\or00.vhd (N/A, 2019-08-21 16:02:43) <-- (architecture and entity definition)
                        C:\Users\FAROL\Documents\ArquitecturaDeComputadoras3CM1\adder4bit00\topadder4bit00.vhd (N/A, 2019-08-21 16:30:48) <-- (may instantiate this module)
8        work.topadder4bit00.topadder4bit0 may have changed because the following files changed:
                        C:\Users\FAROL\Documents\ArquitecturaDeComputadoras3CM1\adder4bit00\topadder4bit00.vhd (N/A, 2019-08-21 16:30:48) <-- (architecture and entity definition)
11       work.xnor00.xnor0 may have changed because the following files changed:
                        C:\Users\FAROL\Documents\ArquitecturaDeComputadoras3CM1\adder4bit00\topadder4bit00.vhd (N/A, 2019-08-21 16:30:48) <-- (may instantiate this module)
                        C:\Users\FAROL\Documents\ArquitecturaDeComputadoras3CM1\adder4bit00\xnor00.vhd (N/A, 2019-08-21 16:08:07) <-- (architecture and entity definition)
13       work.xor00.xor0 may have changed because the following files changed:
                        C:\Users\FAROL\Documents\ArquitecturaDeComputadoras3CM1\adder4bit00\fa00.vhd (N/A, 2019-08-21 16:28:48) <-- (may instantiate this module)
                        C:\Users\FAROL\Documents\ArquitecturaDeComputadoras3CM1\adder4bit00\ha00.vhd (N/A, 2019-08-21 16:17:10) <-- (may instantiate this module)
                        C:\Users\FAROL\Documents\ArquitecturaDeComputadoras3CM1\adder4bit00\topadder4bit00.vhd (N/A, 2019-08-21 16:30:48) <-- (may instantiate this module)
                        C:\Users\FAROL\Documents\ArquitecturaDeComputadoras3CM1\adder4bit00\xor00.vhd (N/A, 2019-08-21 16:06:12) <-- (architecture and entity definition)

*******************************************************************
Unmodified files: 0
FID:  path (timestamp)

*******************************************************************
Unchanged modules: 0
MID:  lib.cell.view
