
Copyright (C) 1994-2018 Synopsys, Inc.
This Synopsys software and all associated documentation are proprietary to Synopsys, Inc.
and may only be used pursuant to the terms and conditions of a written license agreement
with Synopsys, Inc. All other use, reproduction, modification, or distribution of the
Synopsys software or the associated documentation is strictly prohibited.
Tool: Synplify Pro (R)
Build: N-2018.03L-SP1-1
Install: D:\diamond\3.11_x64\synpbase
OS: Windows 6.2

Hostname: LAPTOP-O0G86UVC

Implementation : stack0
Synopsys HDL compiler and linker, Version comp2018q2p1, Build 461R, Built Apr  1 2019 09:17:43

Modified Files: 1
FID:  path (prevtimestamp, timestamp)
6        C:\Users\omarf\OneDrive\Documentos\ESCOM\Arqui\truestack00\muxstack00.vhd (2018-11-28 09:38:34, 2019-10-09 09:10:08)

*******************************************************************
Modules that may have changed as a result of file changes: 1
MID:  lib.cell.view
6        work.muxstack00.muxstack0 may have changed because the following files changed:
                        C:\Users\omarf\OneDrive\Documentos\ESCOM\Arqui\truestack00\muxstack00.vhd (2018-11-28 09:38:34, 2019-10-09 09:10:08) <-- (architecture and entity definition)

*******************************************************************
Unmodified files: 21
FID:  path (timestamp)
0        C:\Users\omarf\OneDrive\Documentos\ESCOM\Arqui\div00VHDL\div00.vhdl (2019-09-10 08:50:36)
1        C:\Users\omarf\OneDrive\Documentos\ESCOM\Arqui\div00VHDL\osc00.vhd (2019-09-10 08:50:36)
2        C:\Users\omarf\OneDrive\Documentos\ESCOM\Arqui\div00VHDL\packagediv00.vhdl (2019-09-10 08:50:36)
3        C:\Users\omarf\OneDrive\Documentos\ESCOM\Arqui\div00VHDL\topdiv00.vhdl (2019-09-30 09:44:43)
4        C:\Users\omarf\OneDrive\Documentos\ESCOM\Arqui\truestack00\coderStack00.vhd (2019-03-31 20:55:44)
5        C:\Users\omarf\OneDrive\Documentos\ESCOM\Arqui\truestack00\contring00.vhd (2018-11-28 09:37:12)
7        C:\Users\omarf\OneDrive\Documentos\ESCOM\Arqui\truestack00\packageStack00.vhd (2019-03-31 17:55:28)
8        C:\Users\omarf\OneDrive\Documentos\ESCOM\Arqui\truestack00\stack00.vhd (2018-11-28 17:11:16)
9        C:\Users\omarf\OneDrive\Documentos\ESCOM\Arqui\truestack00\stackPointer00.vhd (2018-11-28 09:38:12)
10       C:\Users\omarf\OneDrive\Documentos\ESCOM\Arqui\truestack00\topStack00.vhd (2019-10-09 08:47:28)
11       D:\diamond\3.11_x64\cae_library\synthesis\vhdl\machxo2.vhd (2018-11-15 00:32:12)
12       D:\diamond\3.11_x64\synpbase\lib\cpld\lattice.vhd (2019-04-01 08:08:08)
13       D:\diamond\3.11_x64\synpbase\lib\vhd\arith.vhd (2019-04-01 08:07:44)
14       D:\diamond\3.11_x64\synpbase\lib\vhd\hyperents.vhd (2019-04-01 08:07:44)
15       D:\diamond\3.11_x64\synpbase\lib\vhd\location.map (2019-04-01 15:01:20)
16       D:\diamond\3.11_x64\synpbase\lib\vhd\numeric.vhd (2019-04-01 08:07:44)
17       D:\diamond\3.11_x64\synpbase\lib\vhd\snps_haps_pkg.vhd (2019-04-01 08:07:44)
18       D:\diamond\3.11_x64\synpbase\lib\vhd\std.vhd (2019-04-01 08:07:44)
19       D:\diamond\3.11_x64\synpbase\lib\vhd\std1164.vhd (2019-04-01 08:07:44)
20       D:\diamond\3.11_x64\synpbase\lib\vhd\umr_capim.vhd (2019-04-01 08:07:44)
21       D:\diamond\3.11_x64\synpbase\lib\vhd\unsigned.vhd (2019-04-01 08:07:44)

*******************************************************************
Unchanged modules: 16
MID:  lib.cell.view
0        work.coderstack00.coderstack0
1        work.coderstack00.vhdl
2        work.contring00.contring0
3        work.contring00.vhdl
4        work.div00.div0
5        work.div00.vhdl
8        work.osc00.osc0
9        work.osc00.vhdl
10       work.stack00.stack0
11       work.stack00.vhdl
12       work.stackpointer00.stackpointer0
13       work.stackpointer00.vhdl
14       work.topdiv00.topdiv0
15       work.topdiv00.vhdl
16       work.topstack00.topstack0
17       work.topstack00.vhdl
