Running in Lattice mode

Starting:    C:\lscc\diamond\3.11_x64\synpbase\bin64\mbin\synbatch.exe
Install:     C:\lscc\diamond\3.11_x64\synpbase
Hostname:    LAPTOP-OVV5D9K5
Date:        Wed Sep  4 09:28:05 2019
Version:     N-2018.03L-SP1-1

Arguments:   -product synplify_pro -batch shiftRL00_shiftRL0_synplify.tcl
ProductType: synplify_pro




log file: "C:\Users\FAROL\Documents\ArquitecturaDeComputadoras3CM1\shiftRL00\shiftRL0\shiftRL00_shiftRL0.srr"
Running: hdl_info_gen in foreground

Generating HDL info...

hdl_info_gen completed
# Wed Sep  4 09:28:07 2019

Return Code: 0
Run Time:00h:00m:01s
log file: "C:\Users\FAROL\Documents\ArquitecturaDeComputadoras3CM1\shiftRL00\shiftRL0\shiftRL00_shiftRL0.srr"
Running: shiftRL0 in foreground

Running proj_1|shiftRL0

Running Flow: compile (Compile) on proj_1|shiftRL0
# Wed Sep  4 09:28:08 2019

Running Flow: compile_flow (Compile Process) on proj_1|shiftRL0
# Wed Sep  4 09:28:08 2019

Running: compiler (Compile Input) on proj_1|shiftRL0
# Wed Sep  4 09:28:08 2019
Copied C:\Users\FAROL\Documents\ArquitecturaDeComputadoras3CM1\shiftRL00\shiftRL0\synwork\shiftRL00_shiftRL0_comp.srs to C:\Users\FAROL\Documents\ArquitecturaDeComputadoras3CM1\shiftRL00\shiftRL0\shiftRL00_shiftRL0.srs

compiler completed
# Wed Sep  4 09:28:11 2019

Return Code: 0
Run Time:00h:00m:03s

Running: multi_srs_gen (Multi-srs Generator) on proj_1|shiftRL0
# Wed Sep  4 09:28:11 2019

multi_srs_gen completed
# Wed Sep  4 09:28:12 2019

Return Code: 0
Run Time:00h:00m:01s
Copied C:\Users\FAROL\Documents\ArquitecturaDeComputadoras3CM1\shiftRL00\shiftRL0\synwork\shiftRL00_shiftRL0_mult.srs to C:\Users\FAROL\Documents\ArquitecturaDeComputadoras3CM1\shiftRL00\shiftRL0\shiftRL00_shiftRL0.srs
Copied C:\Users\FAROL\Documents\ArquitecturaDeComputadoras3CM1\shiftRL00\shiftRL0\shiftRL00_shiftRL0.srr to C:\Users\FAROL\Documents\ArquitecturaDeComputadoras3CM1\shiftRL00\shiftRL0\shiftRL00_shiftRL0.srf
Complete: Compile Process on proj_1|shiftRL0

Running: premap (Premap) on proj_1|shiftRL0
# Wed Sep  4 09:28:12 2019

premap completed with warnings
# Wed Sep  4 09:28:14 2019

Return Code: 1
Run Time:00h:00m:02s
Complete: Compile on proj_1|shiftRL0

Running Flow: map (Map) on proj_1|shiftRL0
# Wed Sep  4 09:28:14 2019
License granted for 4 parallel jobs

Running: fpga_mapper (Map & Optimize) on proj_1|shiftRL0
# Wed Sep  4 09:28:14 2019
Copied C:\Users\FAROL\Documents\ArquitecturaDeComputadoras3CM1\shiftRL00\shiftRL0\synwork\shiftRL00_shiftRL0_m.srm to C:\Users\FAROL\Documents\ArquitecturaDeComputadoras3CM1\shiftRL00\shiftRL0\shiftRL00_shiftRL0.srm

fpga_mapper completed with warnings
# Wed Sep  4 09:28:17 2019

Return Code: 1
Run Time:00h:00m:03s
Complete: Map on proj_1|shiftRL0
Copied C:\Users\FAROL\Documents\ArquitecturaDeComputadoras3CM1\shiftRL00\shiftRL0\shiftRL00_shiftRL0.srr to C:\Users\FAROL\Documents\ArquitecturaDeComputadoras3CM1\shiftRL00\shiftRL0\shiftRL00_shiftRL0.srf
Complete: Logic Synthesis on proj_1|shiftRL0
TCL script complete: "shiftRL00_shiftRL0_synplify.tcl"
exit status=0
exit status=0
Save changes for project:
C:\Users\FAROL\Documents\ArquitecturaDeComputadoras3CM1\shiftRL00\shiftRL0\proj_1.prj
batch mode default:no
