
Copyright (C) 1994-2018 Synopsys, Inc.
This Synopsys software and all associated documentation are proprietary to Synopsys, Inc.
and may only be used pursuant to the terms and conditions of a written license agreement
with Synopsys, Inc. All other use, reproduction, modification, or distribution of the
Synopsys software or the associated documentation is strictly prohibited.
Tool: Synplify Pro (R)
Build: N-2018.03L-SP1-1
Install: C:\lscc\diamond\3.11_x64\synpbase
OS: Windows 6.2

Hostname: LAPTOP-OVV5D9K5

Implementation : div0
Synopsys HDL compiler and linker, Version comp2018q2p1, Build 461R, Built Apr  1 2019 09:17:43

Modified Files: 1
FID:  path (prevtimestamp, timestamp)
14       C:\Users\FAROL\Documents\ArquitecturaDeComputadoras3CM1\div00\topdiv00.vhdl (2019-09-02 09:45:50, 2019-09-02 09:46:27)

*******************************************************************
Modules that may have changed as a result of file changes: 3
MID:  lib.cell.view
0        work.div00.div0 may have changed because the following files changed:
                        C:\Users\FAROL\Documents\ArquitecturaDeComputadoras3CM1\div00\topdiv00.vhdl (2019-09-02 09:45:50, 2019-09-02 09:46:27) <-- (may instantiate this module)
2        work.osc00.osc0 may have changed because the following files changed:
                        C:\Users\FAROL\Documents\ArquitecturaDeComputadoras3CM1\div00\topdiv00.vhdl (2019-09-02 09:45:50, 2019-09-02 09:46:27) <-- (may instantiate this module)
4        work.topdiv00.topdiv0 may have changed because the following files changed:
                        C:\Users\FAROL\Documents\ArquitecturaDeComputadoras3CM1\div00\topdiv00.vhdl (2019-09-02 09:45:50, 2019-09-02 09:46:27) <-- (architecture and entity definition)

*******************************************************************
Unmodified files: 14
FID:  path (timestamp)
0        C:\Users\FAROL\Documents\ArquitecturaDeComputadoras3CM1\div00\div00.vhdl (2019-09-02 09:35:20)
1        C:\Users\FAROL\Documents\ArquitecturaDeComputadoras3CM1\div00\osc00.vhd (2019-08-29 09:30:16)
13       C:\Users\FAROL\Documents\ArquitecturaDeComputadoras3CM1\div00\packagediv00.vhdl (2019-09-02 09:37:23)
2        C:\lscc\diamond\3.11_x64\cae_library\synthesis\vhdl\machxo2.vhd (2018-11-15 00:32:12)
3        C:\lscc\diamond\3.11_x64\synpbase\lib\cpld\lattice.vhd (2019-04-01 08:08:08)
4        C:\lscc\diamond\3.11_x64\synpbase\lib\vhd\arith.vhd (2019-04-01 08:07:44)
5        C:\lscc\diamond\3.11_x64\synpbase\lib\vhd\hyperents.vhd (2019-04-01 08:07:44)
6        C:\lscc\diamond\3.11_x64\synpbase\lib\vhd\location.map (2019-04-01 15:01:20)
7        C:\lscc\diamond\3.11_x64\synpbase\lib\vhd\numeric.vhd (2019-04-01 08:07:44)
8        C:\lscc\diamond\3.11_x64\synpbase\lib\vhd\snps_haps_pkg.vhd (2019-04-01 08:07:44)
9        C:\lscc\diamond\3.11_x64\synpbase\lib\vhd\std.vhd (2019-04-01 08:07:44)
10       C:\lscc\diamond\3.11_x64\synpbase\lib\vhd\std1164.vhd (2019-04-01 08:07:44)
11       C:\lscc\diamond\3.11_x64\synpbase\lib\vhd\umr_capim.vhd (2019-04-01 08:07:44)
12       C:\lscc\diamond\3.11_x64\synpbase\lib\vhd\unsigned.vhd (2019-04-01 08:07:44)

*******************************************************************
Unchanged modules: 0
MID:  lib.cell.view
