Resource Usage Report
Part: lcmxo2_7000he-5

Register bits: 109 of 6864 (2%)
PIC Latch:       0
I/O cells:       52

Details:
CCU2D:          23
DPR16X4C:       4
FD1P3AX:        26
FD1P3IX:        8
FD1P3JX:        8
FD1S3AX:        1
FD1S3IX:        41
FD1S3JX:        15
GSR:            1
IB:             11
INV:            4
OB:             41
OFS1P3IX:       6
OFS1P3JX:       4
ORCALUT4:       139
OSCH:           1
PUR:            1
VHI:            11
VLO:            12
false:          4
true:           5
