Running in Lattice mode

Starting:    C:\lscc\diamond\3.11_x64\synpbase\bin64\mbin\synbatch.exe
Install:     C:\lscc\diamond\3.11_x64\synpbase
Hostname:    LAPTOP-OVV5D9K5
Date:        Thu Aug 29 09:21:16 2019
Version:     N-2018.03L-SP1-1

Arguments:   -product synplify_pro -batch osc00_osc0_synplify.tcl
ProductType: synplify_pro




log file: "C:\Users\FAROL\Documents\ArquitecturaDeComputadoras3CM1\osc00\osc0\osc00_osc0.srr"
Running: hdl_info_gen in foreground

Generating HDL info...

hdl_info_gen completed
# Thu Aug 29 09:21:17 2019

Return Code: 0
Run Time:00h:00m:01s
log file: "C:\Users\FAROL\Documents\ArquitecturaDeComputadoras3CM1\osc00\osc0\osc00_osc0.srr"
Running: osc0 in foreground

Running proj_1|osc0

Running Flow: compile (Compile) on proj_1|osc0
# Thu Aug 29 09:21:18 2019

Running Flow: compile_flow (Compile Process) on proj_1|osc0
# Thu Aug 29 09:21:18 2019

Running: compiler (Compile Input) on proj_1|osc0
# Thu Aug 29 09:21:18 2019
Copied C:\Users\FAROL\Documents\ArquitecturaDeComputadoras3CM1\osc00\osc0\synwork\osc00_osc0_comp.srs to C:\Users\FAROL\Documents\ArquitecturaDeComputadoras3CM1\osc00\osc0\osc00_osc0.srs

compiler completed
# Thu Aug 29 09:21:21 2019

Return Code: 0
Run Time:00h:00m:03s

Running: multi_srs_gen (Multi-srs Generator) on proj_1|osc0
# Thu Aug 29 09:21:21 2019

multi_srs_gen completed
# Thu Aug 29 09:21:21 2019

Return Code: 0
Run Time:00h:00m:00s
Copied C:\Users\FAROL\Documents\ArquitecturaDeComputadoras3CM1\osc00\osc0\synwork\osc00_osc0_mult.srs to C:\Users\FAROL\Documents\ArquitecturaDeComputadoras3CM1\osc00\osc0\osc00_osc0.srs
Copied C:\Users\FAROL\Documents\ArquitecturaDeComputadoras3CM1\osc00\osc0\osc00_osc0.srr to C:\Users\FAROL\Documents\ArquitecturaDeComputadoras3CM1\osc00\osc0\osc00_osc0.srf
Complete: Compile Process on proj_1|osc0

Running: premap (Premap) on proj_1|osc0
# Thu Aug 29 09:21:21 2019

premap completed
# Thu Aug 29 09:21:24 2019

Return Code: 0
Run Time:00h:00m:03s
Complete: Compile on proj_1|osc0

Running Flow: map (Map) on proj_1|osc0
# Thu Aug 29 09:21:24 2019
License granted for 4 parallel jobs

Running: fpga_mapper (Map & Optimize) on proj_1|osc0
# Thu Aug 29 09:21:24 2019
Copied C:\Users\FAROL\Documents\ArquitecturaDeComputadoras3CM1\osc00\osc0\synwork\osc00_osc0_m.srm to C:\Users\FAROL\Documents\ArquitecturaDeComputadoras3CM1\osc00\osc0\osc00_osc0.srm

fpga_mapper completed
# Thu Aug 29 09:21:26 2019

Return Code: 0
Run Time:00h:00m:02s
Complete: Map on proj_1|osc0
Copied C:\Users\FAROL\Documents\ArquitecturaDeComputadoras3CM1\osc00\osc0\osc00_osc0.srr to C:\Users\FAROL\Documents\ArquitecturaDeComputadoras3CM1\osc00\osc0\osc00_osc0.srf
Complete: Logic Synthesis on proj_1|osc0
TCL script complete: "osc00_osc0_synplify.tcl"
exit status=0
exit status=0
Save changes for project:
C:\Users\FAROL\Documents\ArquitecturaDeComputadoras3CM1\osc00\osc0\proj_1.prj
batch mode default:no
