
Copyright (C) 1994-2018 Synopsys, Inc.
This Synopsys software and all associated documentation are proprietary to Synopsys, Inc.
and may only be used pursuant to the terms and conditions of a written license agreement
with Synopsys, Inc. All other use, reproduction, modification, or distribution of the
Synopsys software or the associated documentation is strictly prohibited.
Tool: Synplify Pro (R)
Build: N-2018.03L-SP1-1
Install: C:\lscc\diamond\3.11_x64\synpbase
OS: Windows 6.2

Hostname: LAPTOP-OVV5D9K5

Implementation : shift0
Synopsys HDL compiler and linker, Version comp2018q2p1, Build 461R, Built Apr  1 2019 09:17:43

Modified Files: 18
FID:  path (prevtimestamp, timestamp)
0        C:\Users\FAROL\Documents\ArquitecturaDeComputadoras3CM1\div00VHDL\div00.vhdl (N/A, 2019-09-02 09:35:20)
1        C:\Users\FAROL\Documents\ArquitecturaDeComputadoras3CM1\div00VHDL\osc00.vhd (N/A, 2019-08-29 09:30:16)
2        C:\Users\FAROL\Documents\ArquitecturaDeComputadoras3CM1\div00VHDL\packagediv00.vhdl (N/A, 2019-09-02 09:37:23)
3        C:\Users\FAROL\Documents\ArquitecturaDeComputadoras3CM1\div00VHDL\topdiv00.vhdl (N/A, 2019-09-02 09:46:27)
4        C:\Users\FAROL\Documents\ArquitecturaDeComputadoras3CM1\shift00\packageshift00.vhdl (N/A, 2019-09-04 17:53:07)
5        C:\Users\FAROL\Documents\ArquitecturaDeComputadoras3CM1\shift00\shift00.vhdl (N/A, 2019-09-04 17:51:37)
6        C:\Users\FAROL\Documents\ArquitecturaDeComputadoras3CM1\shift00\topshift00.vhdl (N/A, 2019-09-04 17:54:23)
7        C:\lscc\diamond\3.11_x64\cae_library\synthesis\vhdl\machxo2.vhd (N/A, 2018-11-15 00:32:12)
8        C:\lscc\diamond\3.11_x64\synpbase\lib\cpld\lattice.vhd (N/A, 2019-04-01 08:08:08)
9        C:\lscc\diamond\3.11_x64\synpbase\lib\vhd\arith.vhd (N/A, 2019-04-01 08:07:44)
10       C:\lscc\diamond\3.11_x64\synpbase\lib\vhd\hyperents.vhd (N/A, 2019-04-01 08:07:44)
11       C:\lscc\diamond\3.11_x64\synpbase\lib\vhd\location.map (N/A, 2019-04-01 15:01:20)
12       C:\lscc\diamond\3.11_x64\synpbase\lib\vhd\numeric.vhd (N/A, 2019-04-01 08:07:44)
13       C:\lscc\diamond\3.11_x64\synpbase\lib\vhd\snps_haps_pkg.vhd (N/A, 2019-04-01 08:07:44)
14       C:\lscc\diamond\3.11_x64\synpbase\lib\vhd\std.vhd (N/A, 2019-04-01 08:07:44)
15       C:\lscc\diamond\3.11_x64\synpbase\lib\vhd\std1164.vhd (N/A, 2019-04-01 08:07:44)
16       C:\lscc\diamond\3.11_x64\synpbase\lib\vhd\umr_capim.vhd (N/A, 2019-04-01 08:07:44)
17       C:\lscc\diamond\3.11_x64\synpbase\lib\vhd\unsigned.vhd (N/A, 2019-04-01 08:07:44)

*******************************************************************
Modules that may have changed as a result of file changes: 5
MID:  lib.cell.view
0        work.div00.div0 may have changed because the following files changed:
                        C:\Users\FAROL\Documents\ArquitecturaDeComputadoras3CM1\div00VHDL\div00.vhdl (N/A, 2019-09-02 09:35:20) <-- (architecture and entity definition)
                        C:\Users\FAROL\Documents\ArquitecturaDeComputadoras3CM1\div00VHDL\topdiv00.vhdl (N/A, 2019-09-02 09:46:27) <-- (may instantiate this module)
                        C:\Users\FAROL\Documents\ArquitecturaDeComputadoras3CM1\shift00\topshift00.vhdl (N/A, 2019-09-04 17:54:23) <-- (may instantiate this module)
2        work.osc00.osc0 may have changed because the following files changed:
                        C:\Users\FAROL\Documents\ArquitecturaDeComputadoras3CM1\div00VHDL\osc00.vhd (N/A, 2019-08-29 09:30:16) <-- (architecture and entity definition)
                        C:\Users\FAROL\Documents\ArquitecturaDeComputadoras3CM1\div00VHDL\topdiv00.vhdl (N/A, 2019-09-02 09:46:27) <-- (may instantiate this module)
                        C:\Users\FAROL\Documents\ArquitecturaDeComputadoras3CM1\shift00\topshift00.vhdl (N/A, 2019-09-04 17:54:23) <-- (may instantiate this module)
4        work.shift00.shift0 may have changed because the following files changed:
                        C:\Users\FAROL\Documents\ArquitecturaDeComputadoras3CM1\shift00\shift00.vhdl (N/A, 2019-09-04 17:51:37) <-- (architecture and entity definition)
                        C:\Users\FAROL\Documents\ArquitecturaDeComputadoras3CM1\shift00\topshift00.vhdl (N/A, 2019-09-04 17:54:23) <-- (may instantiate this module)
6        work.topdiv00.topdiv0 may have changed because the following files changed:
                        C:\Users\FAROL\Documents\ArquitecturaDeComputadoras3CM1\div00VHDL\topdiv00.vhdl (N/A, 2019-09-02 09:46:27) <-- (architecture and entity definition)
                        C:\Users\FAROL\Documents\ArquitecturaDeComputadoras3CM1\shift00\topshift00.vhdl (N/A, 2019-09-04 17:54:23) <-- (may instantiate this module)
8        work.topshift00.topshift0 may have changed because the following files changed:
                        C:\Users\FAROL\Documents\ArquitecturaDeComputadoras3CM1\shift00\topshift00.vhdl (N/A, 2019-09-04 17:54:23) <-- (architecture and entity definition)

*******************************************************************
Unmodified files: 0
FID:  path (timestamp)

*******************************************************************
Unchanged modules: 0
MID:  lib.cell.view
