
map -a "MachXO2" -p LCMXO2-7000HE -t TQFP144 -s 5 -oc Commercial   "lcd02_lcd2.ngd" -o "lcd02_lcd2_map.ncd" -pr "lcd02_lcd2.prf" -mp "lcd02_lcd2.mrp" -lpf "C:/Users/FAROL/Documents/ArquitecturaDeComputadoras3CM1/lcd02/lcd2/lcd02_lcd2_synplify.lpf" -lpf "C:/Users/FAROL/Documents/ArquitecturaDeComputadoras3CM1/lcd02/lcd02.lpf" -c 0           
map:  version Diamond (64-bit) 3.11.0.396.4

Copyright (c) 1991-1994 by NeoCAD Inc. All rights reserved.
Copyright (c) 1995 AT&T Corp.   All rights reserved.
Copyright (c) 1995-2001 Lucent Technologies Inc.  All rights reserved.
Copyright (c) 2001 Agere Systems   All rights reserved.
Copyright (c) 2002-2019 Lattice Semiconductor Corporation,  All rights reserved.
   Process the file: lcd02_lcd2.ngd
   Picdevice="LCMXO2-7000HE"

   Pictype="TQFP144"

   Picspeed=5

   Remove unused logic

   Do not produce over sized NCDs.

Part used: LCMXO2-7000HETQFP144, Performance used: 5.

Loading device for application map from file 'xo2c7000.nph' in environment: C:/lscc/diamond/3.11_x64/ispfpga.
Package Status:                     Final          Version 1.39.

Running general design DRC...

Removing unused logic...

Optimizing...

    <postMsg mid="51001046" type="Warning" dynamic="1" navigation="0" arg0="outFlagcd0"  />
    <postMsg mid="51001046" type="Warning" dynamic="1" navigation="0" arg0="outcontcd0[5:0](5)"  />
    <postMsg mid="51001046" type="Warning" dynamic="1" navigation="0" arg0="outcontcd0[5:0](4)"  />
    <postMsg mid="51001046" type="Warning" dynamic="1" navigation="0" arg0="outcontcd0[5:0](3)"  />
    <postMsg mid="51001046" type="Warning" dynamic="1" navigation="0" arg0="outcontcd0[5:0](2)"  />
    <postMsg mid="51001046" type="Warning" dynamic="1" navigation="0" arg0="outcontcd0[5:0](1)"  />
    <postMsg mid="51001046" type="Warning" dynamic="1" navigation="0" arg0="outcontcd0[5:0](0)"  />



Design Summary:
   Number of registers:     68 out of  7209 (1%)
      PFU registers:           66 out of  6864 (1%)
      PIO registers:            2 out of   345 (1%)
   Number of SLICEs:        76 out of  3432 (2%)
      SLICEs as Logic/ROM:     76 out of  3432 (2%)
      SLICEs as RAM:            0 out of  2574 (0%)
      SLICEs as Carry:         12 out of  3432 (0%)
   Number of LUT4s:        147 out of  6864 (2%)
      Number used as logic LUTs:        123
      Number used as distributed RAM:     0
      Number used as ripple logic:       24
      Number used as shift registers:     0
   Number of PIO sites used: 43 + 4(JTAG) out of 115 (41%)
   Number of block RAMs:  0 out of 26 (0%)
   Number of GSRs:        0 out of 1 (0%)
   EFB used :        No
   JTAG used :       No
   Readback used :   No
   Oscillator used : Yes
   Startup used :    No
   POR :             On
   Bandgap :         On
   Number of Power Controller:  0 out of 1 (0%)
   Number of Dynamic Bank Controller (BCINRD):  0 out of 6 (0%)
   Number of Dynamic Bank Controller (BCLVDSO):  0 out of 1 (0%)
   Number of DCCA:  0 out of 8 (0%)
   Number of DCMA:  0 out of 2 (0%)
   Number of PLLs:  0 out of 2 (0%)
   Number of DQSDLLs:  0 out of 2 (0%)
   Number of CLKDIVC:  0 out of 4 (0%)
   Number of ECLKSYNCA:  0 out of 4 (0%)
   Number of ECLKBRIDGECS:  0 out of 2 (0%)
   Notes:-
      1. Total number of LUT4s = (Number of logic LUT4s) + 2*(Number of distributed RAMs) + 2*(Number of ripple logic)
      2. Number of logic LUT4s does not include count of distributed RAM and ripple logic.
   Number of clocks:  2
     Net clk0_c: 31 loads, 31 rising, 0 falling (Driver: L00/D01/oscout )
     Net L00/sclk: 13 loads, 13 rising, 0 falling (Driver: L00/D00/OSCinst0 )
   Number of Clock Enables:  9
     Net outFlagc0_c: 1 loads, 1 LSLICEs
     Net reset0_c: 1 loads, 1 LSLICEs
     Net L15/K02/aux3_RNO: 1 loads, 1 LSLICEs
     Net L15/K02/un1_aux028_i_0: 4 loads, 4 LSLICEs
     Net L15/K02/un1_aux026_0_a2: 1 loads, 1 LSLICEs
     Net L15/K02/un1_aux025_0_a2: 1 loads, 1 LSLICEs
     Net L15/K02/ENcdc_en_0: 1 loads, 1 LSLICEs
     Net L02/RSc_0_sqmuxa: 1 loads, 1 LSLICEs
     Net L02/comandoc_1_sqmuxa_i: 3 loads, 3 LSLICEs
   Number of LSRs:  6
     Net reset0_c: 12 loads, 10 LSLICEs
     Net L05/aux2_RNIN1MV: 3 loads, 3 LSLICEs
     Net outr0_c[1]: 1 loads, 1 LSLICEs
     Net L15/K02/ENcdc_0_sqmuxa: 1 loads, 1 LSLICEs
     Net L02/un1_resetc_2_i: 1 loads, 1 LSLICEs
     Net L00/D01/un1_sdiv77_7_i_0_RNILNVS: 12 loads, 12 LSLICEs
   Number of nets driven by tri-state buffers:  0
   Top 10 highest fanout non-clock nets:
     Net reset0_c: 25 loads
     Net outFlagc0_c: 20 loads
     Net outr0_c[1]: 14 loads
     Net outcc0_c[1]: 13 loads
     Net outr0_c[3]: 13 loads
     Net cdiv0_c[0]: 12 loads
     Net L00/D01/un1_sdiv77_7_i_0_RNILNVS: 12 loads
     Net outcc0_c[2]: 12 loads
     Net outcc0_c[3]: 12 loads
     Net outr0_c[2]: 12 loads
 

   Number of warnings:  7
   Number of errors:    0



Total CPU Time: 0 secs  
Total REAL Time: 0 secs  
Peak Memory Usage: 59 MB

Dumping design to file lcd02_lcd2_map.ncd.

mpartrce -p "lcd02_lcd2.p2t" -f "lcd02_lcd2.p3t" -tf "lcd02_lcd2.pt" "lcd02_lcd2_map.ncd" "lcd02_lcd2.ncd"

---- MParTrce Tool ----
Removing old design directory at request of -rem command line option to this program.
Running par. Please wait . . .

Lattice Place and Route Report for Design "lcd02_lcd2_map.ncd"
Sun Oct 20 17:38:11 2019

PAR: Place And Route Diamond (64-bit) 3.11.0.396.4.
Command Line: par -w -l 5 -i 6 -t 1 -c 0 -e 0 -gui -exp parUseNBR=1:parCDP=0:parCDR=0:parPathBased=OFF lcd02_lcd2_map.ncd lcd02_lcd2.dir/5_1.ncd lcd02_lcd2.prf
Preference file: lcd02_lcd2.prf.
Placement level-cost: 5-1.
Routing Iterations: 6

Loading design for application par from file lcd02_lcd2_map.ncd.
Design name: toplcd00
NCD version: 3.3
Vendor:      LATTICE
Device:      LCMXO2-7000HE
Package:     TQFP144
Performance: 5
Loading device for application par from file 'xo2c7000.nph' in environment: C:/lscc/diamond/3.11_x64/ispfpga.
Package Status:                     Final          Version 1.39.
Performance Hardware Data Status:   Final          Version 34.4.
License checked out.


Ignore Preference Error(s):  True
Device utilization summary:

   PIO (prelim)   43+4(JTAG)/336     14% used
                  43+4(JTAG)/115     41% bonded
   IOLOGIC            2/336          <1% used

   SLICE             76/3432          2% used

   OSC                1/1           100% used


Number of Signals: 236
Number of Connections: 639

Pin Constraint Summary:
   35 out of 43 pins locked (81% locked).

The following 2 signals are selected to use the primary clock routing resources:
    clk0_c (driver: L00/D01/SLICE_19, clk load #: 31)
    L00/sclk (driver: L00/D00/OSCinst0, clk load #: 13)


The following 2 signals are selected to use the secondary clock routing resources:
    reset0_c (driver: reset0, clk load #: 0, sr load #: 12, ce load #: 1)
    L00/D01/un1_sdiv77_7_i_0_RNILNVS (driver: L00/D01/SLICE_58, clk load #: 0, sr load #: 12, ce load #: 0)

    <postMsg mid="61061008" type="Warning" dynamic="5" navigation="0" arg0="reset0_c" arg1="Secondary" arg2="reset0" arg3="1" arg4="Secondary"  />
No signal is selected as Global Set/Reset.
.
Starting Placer Phase 0.
...........
Finished Placer Phase 0.  REAL time: 2 secs 

Starting Placer Phase 1.
.....................
Placer score = 49350.
Finished Placer Phase 1.  REAL time: 9 secs 

Starting Placer Phase 2.
.
Placer score =  49341
Finished Placer Phase 2.  REAL time: 9 secs 


------------------ Clock Report ------------------

Global Clock Resources:
  CLK_PIN    : 0 out of 8 (0%)
  General PIO: 1 out of 336 (0%)
  PLL        : 0 out of 2 (0%)
  DCM        : 0 out of 2 (0%)
  DCC        : 0 out of 8 (0%)

Global Clocks:
  PRIMARY "clk0_c" from Q0 on comp "L00/D01/SLICE_19" on site "R2C19D", clk load = 31
  PRIMARY "L00/sclk" from OSC on comp "L00/D00/OSCinst0" on site "OSC", clk load = 13
  SECONDARY "reset0_c" from comp "reset0" on PIO site "1 (PL3A)", clk load = 0, ce load = 1, sr load = 12
  SECONDARY "L00/D01/un1_sdiv77_7_i_0_RNILNVS" from F0 on comp "L00/D01/SLICE_58" on site "R14C18A", clk load = 0, ce load = 0, sr load = 12

  PRIMARY  : 2 out of 8 (25%)
  SECONDARY: 2 out of 8 (25%)

Edge Clocks:
  No edge clock selected.

--------------- End of Clock Report ---------------


I/O Usage Summary (final):
   43 + 4(JTAG) out of 336 (14.0%) PIO sites used.
   43 + 4(JTAG) out of 115 (40.9%) bonded PIO sites used.
   Number of PIO comps: 43; differential: 0.
   Number of Vref pins used: 0.

I/O Bank Usage Summary:
+----------+----------------+------------+-----------+
| I/O Bank | Usage          | Bank Vccio | Bank Vref |
+----------+----------------+------------+-----------+
| 0        | 19 / 28 ( 67%) | 2.5V       | -         |
| 1        | 8 / 29 ( 27%)  | 2.5V       | -         |
| 2        | 9 / 29 ( 31%)  | 2.5V       | -         |
| 3        | 0 / 9 (  0%)   | -          | -         |
| 4        | 2 / 10 ( 20%)  | 2.5V       | -         |
| 5        | 5 / 10 ( 50%)  | 2.5V       | -         |
+----------+----------------+------------+-----------+

Total placer CPU time: 8 secs 

Dumping design to file lcd02_lcd2.dir/5_1.ncd.

0 connections routed; 639 unrouted.
Starting router resource preassignment

Completed router resource preassignment. Real time: 13 secs 

Start NBR router at 17:38:24 10/20/19

*****************************************************************
Info: NBR allows conflicts(one node used by more than one signal)
      in the earlier iterations. In each iteration, it tries to  
      solve the conflicts while keeping the critical connections 
      routed as short as possible. The routing process is said to
      be completed when no conflicts exist and all connections   
      are routed.                                                
Note: NBR uses a different method to calculate timing slacks. The
      worst slack and total negative slack may not be the same as
      that in TRCE report. You should always run TRCE to verify  
      your design.                                               
*****************************************************************

Start NBR special constraint process at 17:38:24 10/20/19

Start NBR section for initial routing at 17:38:24 10/20/19
Level 4, iteration 1
19(0.01%) conflicts; 0(0.00%) untouched conn; 0 (nbr) score; 
Estimated worst slack/total negative slack<setup>: 466.934ns/0.000ns; real time: 13 secs 

Info: Initial congestion level at 75% usage is 0
Info: Initial congestion area  at 75% usage is 0 (0.00%)

Start NBR section for normal routing at 17:38:24 10/20/19
Level 4, iteration 1
9(0.00%) conflicts; 0(0.00%) untouched conn; 0 (nbr) score; 
Estimated worst slack/total negative slack<setup>: 466.573ns/0.000ns; real time: 13 secs 
Level 4, iteration 2
5(0.00%) conflicts; 0(0.00%) untouched conn; 0 (nbr) score; 
Estimated worst slack/total negative slack<setup>: 466.573ns/0.000ns; real time: 14 secs 
Level 4, iteration 3
1(0.00%) conflict; 0(0.00%) untouched conn; 0 (nbr) score; 
Estimated worst slack/total negative slack<setup>: 466.573ns/0.000ns; real time: 14 secs 
Level 4, iteration 4
0(0.00%) conflict; 0(0.00%) untouched conn; 0 (nbr) score; 
Estimated worst slack/total negative slack<setup>: 466.573ns/0.000ns; real time: 14 secs 

Start NBR section for setup/hold timing optimization with effort level 3 at 17:38:25 10/20/19

Start NBR section for re-routing at 17:38:25 10/20/19
Level 4, iteration 1
0(0.00%) conflict; 0(0.00%) untouched conn; 0 (nbr) score; 
Estimated worst slack/total negative slack<setup>: 466.573ns/0.000ns; real time: 14 secs 

Start NBR section for post-routing at 17:38:25 10/20/19

End NBR router with 0 unrouted connection

NBR Summary
-----------
  Number of unrouted connections : 0 (0.00%)
  Number of connections with timing violations : 0 (0.00%)
  Estimated worst slack<setup> : 466.573ns
  Timing score<setup> : 0
-----------
Notes: The timing info is calculated for SETUP only and all PAR_ADJs are ignored.



Total CPU time 13 secs 
Total REAL time: 15 secs 
Completely routed.
End of route.  639 routed (100.00%); 0 unrouted.

Hold time timing score: 0, hold timing errors: 0

Timing score: 0 

Dumping design to file lcd02_lcd2.dir/5_1.ncd.


PAR_SUMMARY::Run status = Completed
PAR_SUMMARY::Number of unrouted conns = 0
PAR_SUMMARY::Worst  slack<setup/<ns>> = 466.573
PAR_SUMMARY::Timing score<setup/<ns>> = 0.000
PAR_SUMMARY::Worst  slack<hold /<ns>> = 0.379
PAR_SUMMARY::Timing score<hold /<ns>> = 0.000
PAR_SUMMARY::Number of errors = 0

Total CPU  time to completion: 14 secs 
Total REAL time to completion: 15 secs 

par done!

Note: user must run 'Trace' for timing closure signoff.

Copyright (c) 1991-1994 by NeoCAD Inc. All rights reserved.
Copyright (c) 1995 AT&T Corp.   All rights reserved.
Copyright (c) 1995-2001 Lucent Technologies Inc.  All rights reserved.
Copyright (c) 2001 Agere Systems   All rights reserved.
Copyright (c) 2002-2019 Lattice Semiconductor Corporation,  All rights reserved.
Exiting par with exit code 0
Exiting mpartrce with exit code 0

trce -f "lcd02_lcd2.pt" -o "lcd02_lcd2.twr" "lcd02_lcd2.ncd" "lcd02_lcd2.prf"
trce:  version Diamond (64-bit) 3.11.0.396.4

Copyright (c) 1991-1994 by NeoCAD Inc. All rights reserved.
Copyright (c) 1995 AT&T Corp.   All rights reserved.
Copyright (c) 1995-2001 Lucent Technologies Inc.  All rights reserved.
Copyright (c) 2001 Agere Systems   All rights reserved.
Copyright (c) 2002-2019 Lattice Semiconductor Corporation,  All rights reserved.

Loading design for application trce from file lcd02_lcd2.ncd.
Design name: toplcd00
NCD version: 3.3
Vendor:      LATTICE
Device:      LCMXO2-7000HE
Package:     TQFP144
Performance: 5
Loading device for application trce from file 'xo2c7000.nph' in environment: C:/lscc/diamond/3.11_x64/ispfpga.
Package Status:                     Final          Version 1.39.
Performance Hardware Data Status:   Final          Version 34.4.
Setup and Hold Report

--------------------------------------------------------------------------------
Lattice TRACE Report - Setup, Version Diamond (64-bit) 3.11.0.396.4
Sun Oct 20 17:38:27 2019

Copyright (c) 1991-1994 by NeoCAD Inc. All rights reserved.
Copyright (c) 1995 AT&T Corp.   All rights reserved.
Copyright (c) 1995-2001 Lucent Technologies Inc.  All rights reserved.
Copyright (c) 2001 Agere Systems   All rights reserved.
Copyright (c) 2002-2019 Lattice Semiconductor Corporation,  All rights reserved.

Report Information
------------------
Command line:    trce -v 10 -gt -sethld -sp 5 -sphld m -o lcd02_lcd2.twr -gui lcd02_lcd2.ncd lcd02_lcd2.prf 
Design file:     lcd02_lcd2.ncd
Preference file: lcd02_lcd2.prf
Device,speed:    LCMXO2-7000HE,5
Report level:    verbose report, limited to 10 items per preference
--------------------------------------------------------------------------------

BLOCK ASYNCPATHS
BLOCK RESETPATHS
--------------------------------------------------------------------------------



Timing summary (Setup):
---------------

Timing errors: 0  Score: 0
Cumulative negative slack: 0

Constraints cover 4546 paths, 1 nets, and 474 connections (74.18% coverage)

--------------------------------------------------------------------------------
Lattice TRACE Report - Hold, Version Diamond (64-bit) 3.11.0.396.4
Sun Oct 20 17:38:27 2019

Copyright (c) 1991-1994 by NeoCAD Inc. All rights reserved.
Copyright (c) 1995 AT&T Corp.   All rights reserved.
Copyright (c) 1995-2001 Lucent Technologies Inc.  All rights reserved.
Copyright (c) 2001 Agere Systems   All rights reserved.
Copyright (c) 2002-2019 Lattice Semiconductor Corporation,  All rights reserved.

Report Information
------------------
Command line:    trce -v 10 -gt -sethld -sp 5 -sphld m -o lcd02_lcd2.twr -gui lcd02_lcd2.ncd lcd02_lcd2.prf 
Design file:     lcd02_lcd2.ncd
Preference file: lcd02_lcd2.prf
Device,speed:    LCMXO2-7000HE,m
Report level:    verbose report, limited to 10 items per preference
--------------------------------------------------------------------------------

BLOCK ASYNCPATHS
BLOCK RESETPATHS
--------------------------------------------------------------------------------



Timing summary (Hold):
---------------

Timing errors: 0  Score: 0
Cumulative negative slack: 0

Constraints cover 4546 paths, 1 nets, and 474 connections (74.18% coverage)



Timing summary (Setup and Hold):
---------------

Timing errors: 0 (setup), 0 (hold)
Score: 0 (setup), 0 (hold)
Cumulative negative slack: 0 (0+0)
--------------------------------------------------------------------------------

--------------------------------------------------------------------------------

Total CPU Time: 1 secs 
Total REAL Time: 0 secs 
Peak Memory Usage: 67 MB


tmcheck -par "lcd02_lcd2.par" 

bitgen -f "lcd02_lcd2.t2b" -w "lcd02_lcd2.ncd"  -jedec "lcd02_lcd2.prf"


BITGEN: Bitstream Generator Diamond (64-bit) 3.11.0.396.4
Copyright (c) 1991-1994 by NeoCAD Inc. All rights reserved.
Copyright (c) 1995 AT&T Corp.   All rights reserved.
Copyright (c) 1995-2001 Lucent Technologies Inc.  All rights reserved.
Copyright (c) 2001 Agere Systems   All rights reserved.
Copyright (c) 2002-2019 Lattice Semiconductor Corporation,  All rights reserved.


Loading design for application Bitgen from file lcd02_lcd2.ncd.
Design name: toplcd00
NCD version: 3.3
Vendor:      LATTICE
Device:      LCMXO2-7000HE
Package:     TQFP144
Performance: 5
Loading device for application Bitgen from file 'xo2c7000.nph' in environment: C:/lscc/diamond/3.11_x64/ispfpga.
Package Status:                     Final          Version 1.39.
Performance Hardware Data Status:   Final          Version 34.4.

Running DRC.
DRC detected 0 errors and 0 warnings.
Reading Preference File from lcd02_lcd2.prf.

Preference Summary:
+---------------------------------+---------------------------------+
|  Preference                     |  Current Setting                |
+---------------------------------+---------------------------------+
|                         RamCfg  |                        Reset**  |
+---------------------------------+---------------------------------+
|                     MCCLK_FREQ  |                         2.08**  |
+---------------------------------+---------------------------------+
|                  CONFIG_SECURE  |                          OFF**  |
+---------------------------------+---------------------------------+
|                          INBUF  |                           ON**  |
+---------------------------------+---------------------------------+
|                      JTAG_PORT  |                       ENABLE**  |
+---------------------------------+---------------------------------+
|                       SDM_PORT  |                      DISABLE**  |
+---------------------------------+---------------------------------+
|                 SLAVE_SPI_PORT  |                      DISABLE**  |
+---------------------------------+---------------------------------+
|                MASTER_SPI_PORT  |                      DISABLE**  |
+---------------------------------+---------------------------------+
|                       I2C_PORT  |                      DISABLE**  |
+---------------------------------+---------------------------------+
|        MUX_CONFIGURATION_PORTS  |                      DISABLE**  |
+---------------------------------+---------------------------------+
|                  CONFIGURATION  |                          CFG**  |
+---------------------------------+---------------------------------+
|                COMPRESS_CONFIG  |                           ON**  |
+---------------------------------+---------------------------------+
|                        MY_ASSP  |                          OFF**  |
+---------------------------------+---------------------------------+
|               ONE_TIME_PROGRAM  |                          OFF**  |
+---------------------------------+---------------------------------+
|                 ENABLE_TRANSFR  |                      DISABLE**  |
+---------------------------------+---------------------------------+
|                  SHAREDEBRINIT  |                      DISABLE**  |
+---------------------------------+---------------------------------+
|            BACKGROUND_RECONFIG  |                          OFF**  |
+---------------------------------+---------------------------------+
 *  Default setting.
 ** The specified setting matches the default setting.


Creating bit map...
 
Bitstream Status: Final           Version 1.95.
 
Saving bit stream in "lcd02_lcd2.jed".
 
===========
UFM Summary.
===========
UFM Size:        2046 Pages (128*2046 Bits).
UFM Utilization: General Purpose Flash Memory.
 
Available General Purpose Flash Memory: 2046 Pages (Page 0 to Page 2045).
Initialized UFM Pages:                     0 Page.
 
Total CPU Time: 4 secs 
Total REAL Time: 5 secs 
Peak Memory Usage: 290 MB
