Resource Usage Report
Part: lcmxo2_7000he-5

Register bits: 356 of 6864 (5%)
PIC Latch:       0
I/O cells:       35

Details:
CCU2D:          28
FD1P3AX:        213
FD1P3AY:        65
FD1P3BX:        2
FD1P3DX:        32
FD1S3AX:        1
FD1S3AY:        1
FD1S3BX:        1
FD1S3DX:        17
FD1S3IX:        21
GSR:            1
IB:             10
INV:            2
L6MUX21:        50
OB:             25
OFS1P3DX:       3
ORCALUT4:       350
OSCH:           1
PFUMX:          66
PUR:            1
VHI:            3
VLO:            4
false:          1
true:           2
