Running in Lattice mode

Starting:    C:\lscc\diamond\3.11_x64\synpbase\bin64\mbin\synbatch.exe
Install:     C:\lscc\diamond\3.11_x64\synpbase
Hostname:    LAPTOP-OVV5D9K5
Date:        Tue Nov 26 17:07:09 2019
Version:     N-2018.03L-SP1-1

Arguments:   -product synplify_pro -batch lcdram00_lcdram00_synplify.tcl
ProductType: synplify_pro




log file: "C:\Users\FAROL\Documents\ArquitecturaDeComputadoras3CM1\lcdram00\lcdram00\lcdram00_lcdram00.srr"
Running: hdl_info_gen in foreground

Generating HDL info...
Copied C:\Users\FAROL\Documents\ArquitecturaDeComputadoras3CM1\lcdram00\lcdram00\lcdram00_lcdram00.srr to C:\Users\FAROL\Documents\ArquitecturaDeComputadoras3CM1\lcdram00\lcdram00\lcdram00_lcdram00.srf

hdl_info_gen completed
# Tue Nov 26 17:07:12 2019

Return Code: 0
Run Time:00h:00m:02s
log file: "C:\Users\FAROL\Documents\ArquitecturaDeComputadoras3CM1\lcdram00\lcdram00\lcdram00_lcdram00.srr"
Running: lcdram00 in foreground

Running proj_1|lcdram00

Running Flow: compile (Compile) on proj_1|lcdram00
# Tue Nov 26 17:07:12 2019

Running Flow: compile_flow (Compile Process) on proj_1|lcdram00
# Tue Nov 26 17:07:12 2019

Running: compiler (Compile Input) on proj_1|lcdram00
# Tue Nov 26 17:07:12 2019
Copied C:\Users\FAROL\Documents\ArquitecturaDeComputadoras3CM1\lcdram00\lcdram00\synwork\lcdram00_lcdram00_comp.srs to C:\Users\FAROL\Documents\ArquitecturaDeComputadoras3CM1\lcdram00\lcdram00\lcdram00_lcdram00.srs

compiler completed
# Tue Nov 26 17:07:17 2019

Return Code: 0
Run Time:00h:00m:05s

Running: multi_srs_gen (Multi-srs Generator) on proj_1|lcdram00
# Tue Nov 26 17:07:17 2019

multi_srs_gen completed
# Tue Nov 26 17:07:17 2019

Return Code: 0
Run Time:00h:00m:00s
Copied C:\Users\FAROL\Documents\ArquitecturaDeComputadoras3CM1\lcdram00\lcdram00\synwork\lcdram00_lcdram00_mult.srs to C:\Users\FAROL\Documents\ArquitecturaDeComputadoras3CM1\lcdram00\lcdram00\lcdram00_lcdram00.srs
Copied C:\Users\FAROL\Documents\ArquitecturaDeComputadoras3CM1\lcdram00\lcdram00\lcdram00_lcdram00.srr to C:\Users\FAROL\Documents\ArquitecturaDeComputadoras3CM1\lcdram00\lcdram00\lcdram00_lcdram00.srf
Complete: Compile Process on proj_1|lcdram00

Running: premap (Premap) on proj_1|lcdram00
# Tue Nov 26 17:07:17 2019

premap completed with warnings
# Tue Nov 26 17:07:20 2019

Return Code: 1
Run Time:00h:00m:03s
Complete: Compile on proj_1|lcdram00

Running Flow: map (Map) on proj_1|lcdram00
# Tue Nov 26 17:07:20 2019
License granted for 4 parallel jobs

Running: fpga_mapper (Map & Optimize) on proj_1|lcdram00
# Tue Nov 26 17:07:20 2019
Copied C:\Users\FAROL\Documents\ArquitecturaDeComputadoras3CM1\lcdram00\lcdram00\synwork\lcdram00_lcdram00_m.srm to C:\Users\FAROL\Documents\ArquitecturaDeComputadoras3CM1\lcdram00\lcdram00\lcdram00_lcdram00.srm

fpga_mapper completed with warnings
# Tue Nov 26 17:07:25 2019

Return Code: 1
Run Time:00h:00m:05s
Complete: Map on proj_1|lcdram00
Copied C:\Users\FAROL\Documents\ArquitecturaDeComputadoras3CM1\lcdram00\lcdram00\lcdram00_lcdram00.srr to C:\Users\FAROL\Documents\ArquitecturaDeComputadoras3CM1\lcdram00\lcdram00\lcdram00_lcdram00.srf
Complete: Logic Synthesis on proj_1|lcdram00
TCL script complete: "lcdram00_lcdram00_synplify.tcl"
exit status=0
exit status=0
Save changes for project:
C:\Users\FAROL\Documents\ArquitecturaDeComputadoras3CM1\lcdram00\lcdram00\proj_1.prj
batch mode default:no
