C:\lscc\diamond\3.11_x64\synpbase\bin64\c_hdl.exe  -osyn  C:\Users\FAROL\Documents\ArquitecturaDeComputadoras3CM1\bcd01\bcd1\synwork\bcd01_bcd1_comp.srs  -top  topbcd00  -hdllog  C:\Users\FAROL\Documents\ArquitecturaDeComputadoras3CM1\bcd01\bcd1\synlog\bcd01_bcd1_compiler.srr  -encrypt  -mp  4  -verification_mode 0  -vhdl  -prodtype  synplify_pro  -dspmac -fixsmult -infer_seqShift -nram -sdff_counter -divnmod -nostructver  -encrypt  -pro  -dmgen  C:\Users\FAROL\Documents\ArquitecturaDeComputadoras3CM1\bcd01\bcd1\dm  -lite -ui -fid2 -ram -sharing on -ll 2000 -autosm  -ignore_undefined_lib  -lib work C:\lscc\diamond\3.11_x64\cae_library\synthesis\vhdl\machxo2.vhd -lib work C:\Users\FAROL\Documents\ArquitecturaDeComputadoras3CM1\bcd01\div01.vhdl -lib work C:\Users\FAROL\Documents\ArquitecturaDeComputadoras3CM1\div00VHDL\div00.vhdl -lib work C:\Users\FAROL\Documents\ArquitecturaDeComputadoras3CM1\div00VHDL\osc00.vhd -lib work C:\Users\FAROL\Documents\ArquitecturaDeComputadoras3CM1\div00VHDL\packagediv00.vhdl -lib work C:\Users\FAROL\Documents\ArquitecturaDeComputadoras3CM1\bcd01\sust00.vhdl -lib work C:\Users\FAROL\Documents\ArquitecturaDeComputadoras3CM1\bcd01\shift800.vhdl -lib work C:\Users\FAROL\Documents\ArquitecturaDeComputadoras3CM1\bcd01\shift1200.vhdl -lib work C:\Users\FAROL\Documents\ArquitecturaDeComputadoras3CM1\bcd01\pc00.vhdl -lib work C:\Users\FAROL\Documents\ArquitecturaDeComputadoras3CM1\bcd01\mux00.vhdl -lib work C:\Users\FAROL\Documents\ArquitecturaDeComputadoras3CM1\bcd01\readData00.vhdl -lib work C:\Users\FAROL\Documents\ArquitecturaDeComputadoras3CM1\bcd01\memProg00.vhdl -lib work C:\Users\FAROL\Documents\ArquitecturaDeComputadoras3CM1\bcd01\init00.vhdl -lib work C:\Users\FAROL\Documents\ArquitecturaDeComputadoras3CM1\bcd01\contring00.vhdl -lib work C:\Users\FAROL\Documents\ArquitecturaDeComputadoras3CM1\bcd01\contIter00.vhdl -lib work C:\Users\FAROL\Documents\ArquitecturaDeComputadoras3CM1\bcd01\compadd00.vhdl -lib work C:\Users\FAROL\Documents\ArquitecturaDeComputadoras3CM1\bcd01\coderNibbles00.vhdl -lib work C:\Users\FAROL\Documents\ArquitecturaDeComputadoras3CM1\bcd01\checkCode00.vhdl -lib work C:\Users\FAROL\Documents\ArquitecturaDeComputadoras3CM1\bcd01\uc00.vhdl -lib work C:\Users\FAROL\Documents\ArquitecturaDeComputadoras3CM1\bcd01\ac800.vhdl -lib work C:\Users\FAROL\Documents\ArquitecturaDeComputadoras3CM1\bcd01\ac1200.vhdl -lib work C:\Users\FAROL\Documents\ArquitecturaDeComputadoras3CM1\bcd01\packagebcd00.vhdl -lib work C:\Users\FAROL\Documents\ArquitecturaDeComputadoras3CM1\div00VHDL\topdiv00.vhdl -lib work C:\Users\FAROL\Documents\ArquitecturaDeComputadoras3CM1\bcd01\topbcd00.vhdl  -jobname  "compiler" 
relcom:..\..\..\..\..\..\..\lscc\diamond\3.11_x64\synpbase\bin64\c_hdl.exe -osyn ..\synwork\bcd01_bcd1_comp.srs -top topbcd00 -hdllog ..\synlog\bcd01_bcd1_compiler.srr -encrypt -mp 4 -verification_mode 0 -vhdl -prodtype synplify_pro -dspmac -fixsmult -infer_seqShift -nram -sdff_counter -divnmod -nostructver -encrypt -pro -dmgen ..\dm -lite -ui -fid2 -ram -sharing on -ll 2000 -autosm -ignore_undefined_lib -lib work ..\..\..\..\..\..\..\lscc\diamond\3.11_x64\cae_library\synthesis\vhdl\machxo2.vhd -lib work ..\..\div01.vhdl -lib work ..\..\..\div00VHDL\div00.vhdl -lib work ..\..\..\div00VHDL\osc00.vhd -lib work ..\..\..\div00VHDL\packagediv00.vhdl -lib work ..\..\sust00.vhdl -lib work ..\..\shift800.vhdl -lib work ..\..\shift1200.vhdl -lib work ..\..\pc00.vhdl -lib work ..\..\mux00.vhdl -lib work ..\..\readData00.vhdl -lib work ..\..\memProg00.vhdl -lib work ..\..\init00.vhdl -lib work ..\..\contring00.vhdl -lib work ..\..\contIter00.vhdl -lib work ..\..\compadd00.vhdl -lib work ..\..\coderNibbles00.vhdl -lib work ..\..\checkCode00.vhdl -lib work ..\..\uc00.vhdl -lib work ..\..\ac800.vhdl -lib work ..\..\ac1200.vhdl -lib work ..\..\packagebcd00.vhdl -lib work ..\..\..\div00VHDL\topdiv00.vhdl -lib work ..\..\topbcd00.vhdl -jobname "compiler"
rc:0 success:1 runtime:2
file:..\synwork\bcd01_bcd1_comp.srs|io:o|time:1574265734|size:40598|exec:0|csum:
file:..\synlog\bcd01_bcd1_compiler.srr|io:o|time:1574265734|size:20563|exec:0|csum:
file:..\..\..\..\..\..\..\lscc\diamond\3.11_x64\cae_library\synthesis\vhdl\machxo2.vhd|io:i|time:1542263532|size:73964|exec:0|csum:CFF92E93E4FE354031DBB4E0E47DD4A6
file:..\..\div01.vhdl|io:i|time:1574263798|size:2183|exec:0|csum:646E26FE5566AFBEA82F64319FD0541F
file:..\..\..\div00VHDL\div00.vhdl|io:i|time:1567434920|size:2406|exec:0|csum:6D96C1327C2B728D2CA8405454183B97
file:..\..\..\div00VHDL\osc00.vhd|io:i|time:1567089016|size:488|exec:0|csum:E103428FFE1B0EE8A6A8BABB81BA5BB0
file:..\..\..\div00VHDL\packagediv00.vhdl|io:i|time:1574263875|size:463|exec:0|csum:046EA657BC204A41A45D4525B4F8032E
file:..\..\sust00.vhdl|io:i|time:1573604385|size:1285|exec:0|csum:CF9FBFA366F1B204025A003BC28560E1
file:..\..\shift800.vhdl|io:i|time:1573604423|size:994|exec:0|csum:363E4A435FE265623B4E00F2E0075165
file:..\..\shift1200.vhdl|io:i|time:1573604458|size:1042|exec:0|csum:8F681576FF64BDEF937513B556AE2EA9
file:..\..\pc00.vhdl|io:i|time:1573604493|size:1722|exec:0|csum:8A44B4FB8A94E631F7BCC4C733B9FE66
file:..\..\mux00.vhdl|io:i|time:1574265557|size:625|exec:0|csum:7EEC7E81C9B074277DE29554CA17FBFF
file:..\..\readData00.vhdl|io:i|time:1573604655|size:1102|exec:0|csum:297AB1E4872DA91C5DC1B007665CB0EF
file:..\..\memProg00.vhdl|io:i|time:1573604725|size:1085|exec:0|csum:1B1A7CBCC264D21FE4636D1C1301021D
file:..\..\init00.vhdl|io:i|time:1573604804|size:1796|exec:0|csum:7EF2056D347140C1FE4807CB395E8869
file:..\..\contring00.vhdl|io:i|time:1574265537|size:767|exec:0|csum:F838B56F32DE9C64A38C055B59DC5FF7
file:..\..\contIter00.vhdl|io:i|time:1573604907|size:2366|exec:0|csum:02969FC0176CC0E1B2D0F62E2AD13AEA
file:..\..\compadd00.vhdl|io:i|time:1573604960|size:1668|exec:0|csum:3C0605A6F79EF538417CF77E80099261
file:..\..\coderNibbles00.vhdl|io:i|time:1574265572|size:2465|exec:0|csum:7C10EA30A0FA99EAFC5BA95A9D91C0EB
file:..\..\checkCode00.vhdl|io:i|time:1573605228|size:686|exec:0|csum:425BEF9577C548839B323B8C3FEC8311
file:..\..\uc00.vhdl|io:i|time:1573605313|size:1075|exec:0|csum:8CFFEC8C30EA7B717C6175DF2D677810
file:..\..\ac800.vhdl|io:i|time:1573605350|size:744|exec:0|csum:499DD2EADB98EE8A86012CB6D3CAFE11
file:..\..\ac1200.vhdl|io:i|time:1573605372|size:770|exec:0|csum:8E554C2D59489F98445153A73DDDDB57
file:..\..\packagebcd00.vhdl|io:i|time:1574263813|size:4573|exec:0|csum:6FAC51DA5889192C148AD4FB9E66801B
file:..\..\..\div00VHDL\topdiv00.vhdl|io:i|time:1574263805|size:581|exec:0|csum:409A499D31F2E3DDF2B6F01336C7B011
file:..\..\topbcd00.vhdl|io:i|time:1574263820|size:5485|exec:0|csum:8774CD0DD4F56B887BDF864FD07D3DCA
file:..\..\..\..\..\..\..\lscc\diamond\3.11_x64\synpbase\bin64\c_hdl.exe|io:i|time:1554128294|size:5681664|exec:1|csum:39598EA786684F7CB53832C08B4CCDF5
