C:\lscc\diamond\3.11_x64\synpbase\bin64\c_vhdl.exe  -osyn  C:\Users\FAROL\Documents\ArquitecturaDeComputadoras3CM1\lcd02\lcd2\synwork\lcd02_lcd2_hdl_.srs  -top  toplcd00  -prodtype  synplify_pro  -dspmac -fixsmult -infer_seqShift -nram -sdff_counter -divnmod -nostructver  -encrypt  -pro  -dmgen  C:\Users\FAROL\Documents\ArquitecturaDeComputadoras3CM1\lcd02\lcd2\dm  -lite -ui -fid2 -ram -sharing on -ll 2000 -autosm  -ignore_undefined_lib  -lib work C:\lscc\diamond\3.11_x64\cae_library\synthesis\vhdl\machxo2.vhd -lib work C:\Users\FAROL\Documents\ArquitecturaDeComputadoras3CM1\div00VHDL\div00.vhdl -lib work C:\Users\FAROL\Documents\ArquitecturaDeComputadoras3CM1\div00VHDL\osc00.vhd -lib work C:\Users\FAROL\Documents\ArquitecturaDeComputadoras3CM1\div00VHDL\packagediv00.vhdl -lib work C:\Users\FAROL\Documents\ArquitecturaDeComputadoras3CM1\div00VHDL\topdiv00.vhdl -lib work C:\Users\FAROL\Documents\ArquitecturaDeComputadoras3CM1\lcd02\coder00.vhdl -lib work C:\Users\FAROL\Documents\ArquitecturaDeComputadoras3CM1\lcd02\contring00.vhdl -lib work C:\Users\FAROL\Documents\ArquitecturaDeComputadoras3CM1\lcd02\packagekey00.vhdl -lib work C:\Users\FAROL\Documents\ArquitecturaDeComputadoras3CM1\lcd02\topkey00.vhdl -lib work C:\Users\FAROL\Documents\ArquitecturaDeComputadoras3CM1\lcd02\lcdconfig00.vhdl -lib work C:\Users\FAROL\Documents\ArquitecturaDeComputadoras3CM1\lcd02\lcdcontconfig00.vhdl -lib work C:\Users\FAROL\Documents\ArquitecturaDeComputadoras3CM1\lcd02\lcdmux00.vhdl -lib work C:\Users\FAROL\Documents\ArquitecturaDeComputadoras3CM1\lcd02\packagelcd00.vhdl -lib work C:\Users\FAROL\Documents\ArquitecturaDeComputadoras3CM1\lcd02\toplcd00.vhdl  -log  C:\Users\FAROL\Documents\ArquitecturaDeComputadoras3CM1\lcd02\lcd2\syntax.log  -fileorder  C:\Users\FAROL\Documents\ArquitecturaDeComputadoras3CM1\lcd02\lcd2\syntmp\hdlorder.tcl  -jobname  "hdl_info_gen" 
relcom:..\..\..\..\..\..\..\lscc\diamond\3.11_x64\synpbase\bin64\c_vhdl.exe -osyn ..\synwork\lcd02_lcd2_hdl_.srs -top toplcd00 -prodtype synplify_pro -dspmac -fixsmult -infer_seqShift -nram -sdff_counter -divnmod -nostructver -encrypt -pro -dmgen ..\dm -lite -ui -fid2 -ram -sharing on -ll 2000 -autosm -ignore_undefined_lib -lib work ..\..\..\..\..\..\..\lscc\diamond\3.11_x64\cae_library\synthesis\vhdl\machxo2.vhd -lib work ..\..\..\div00VHDL\div00.vhdl -lib work ..\..\..\div00VHDL\osc00.vhd -lib work ..\..\..\div00VHDL\packagediv00.vhdl -lib work ..\..\..\div00VHDL\topdiv00.vhdl -lib work ..\..\coder00.vhdl -lib work ..\..\contring00.vhdl -lib work ..\..\packagekey00.vhdl -lib work ..\..\topkey00.vhdl -lib work ..\..\lcdconfig00.vhdl -lib work ..\..\lcdcontconfig00.vhdl -lib work ..\..\lcdmux00.vhdl -lib work ..\..\packagelcd00.vhdl -lib work ..\..\toplcd00.vhdl -log ..\syntax.log -fileorder hdlorder.tcl -jobname "hdl_info_gen"
rc:0 success:1 runtime:2
file:..\synwork\lcd02_lcd2_hdl_.srs|io:o|time:0|size:-1|exec:0|csum:
file:..\..\..\..\..\..\..\lscc\diamond\3.11_x64\cae_library\synthesis\vhdl\machxo2.vhd|io:i|time:1542263532|size:73964|exec:0|csum:CFF92E93E4FE354031DBB4E0E47DD4A6
file:..\..\..\div00VHDL\div00.vhdl|io:i|time:1567434920|size:2406|exec:0|csum:6D96C1327C2B728D2CA8405454183B97
file:..\..\..\div00VHDL\osc00.vhd|io:i|time:1567089016|size:488|exec:0|csum:E103428FFE1B0EE8A6A8BABB81BA5BB0
file:..\..\..\div00VHDL\packagediv00.vhdl|io:i|time:1567435043|size:313|exec:0|csum:82FF7F4845E9C0BA61B6094A919C3C9D
file:..\..\..\div00VHDL\topdiv00.vhdl|io:i|time:1567435587|size:415|exec:0|csum:CB4E204E81C5B34526E3593EA65F8162
file:..\..\coder00.vhdl|io:i|time:1572998879|size:4734|exec:0|csum:787C4FB815BC9A6B87CBB3E90E75B32F
file:..\..\contring00.vhdl|io:i|time:1571610763|size:756|exec:0|csum:3F8200010D123ADB0F44C2EBB05C7BA5
file:..\..\packagekey00.vhdl|io:i|time:1571610804|size:604|exec:0|csum:0643A16FD2463238F545C4EB6EA4B93B
file:..\..\topkey00.vhdl|io:i|time:1571610827|size:841|exec:0|csum:2174BEAA78CFDB221B4B6032AAE1E4AF
file:..\..\lcdconfig00.vhdl|io:i|time:1571610860|size:4235|exec:0|csum:A6ECEEC9241956CF7633311909611EB6
file:..\..\lcdcontconfig00.vhdl|io:i|time:1571610885|size:875|exec:0|csum:443A62ABA9F648E068C0A743C258089B
file:..\..\lcdmux00.vhdl|io:i|time:1571610915|size:1893|exec:0|csum:14DF3CE0C3A1309AE772F3F77A3B19A2
file:..\..\packagelcd00.vhdl|io:i|time:1571610997|size:1711|exec:0|csum:B28FDEF85C372C98DC2DF7AF386D5AF3
file:..\..\toplcd00.vhdl|io:i|time:1571610986|size:2092|exec:0|csum:D94A6B81287F8575932CFBBFA989914C
file:..\syntax.log|io:o|time:1572998896|size:1085|exec:0|csum:
file:..\..\..\..\..\..\..\lscc\diamond\3.11_x64\synpbase\bin64\c_vhdl.exe|io:i|time:1554128468|size:5997056|exec:1|csum:DAAAD176B5AB08B7BBDB4E321AED1C72
